Log file open, 02/06/17 20:07:27
LogInit:Display: Running engine for game: BLKO
LogPlatformFile: Not using cached read wrapper
LogInit:Display: RandInit(-874163985) SRandInit(-874163985).
LogTaskGraph: Started task graph with 5 named threads and 8 total threads with 1 sets of task threads.
LogStats: Stats thread started at 0.086022
LogPluginManager: Loaded Plugin Paper2D, From D:/Program Files/Epic Games/4.14/Engine/Plugins/2D/Paper2D/Paper2D.uplugin
LogPluginManager: Loaded Plugin LightPropagationVolume, From D:/Program Files/Epic Games/4.14/Engine/Plugins/Blendables/LightPropagationVolume/LightPropagationVolume.uplugin
LogPluginManager: Loaded Plugin BlankPlugin, From D:/Program Files/Epic Games/4.14/Engine/Plugins/Developer/BlankPlugin/BlankPlugin.uplugin
LogPluginManager: Loaded Plugin CodeLiteSourceCodeAccess, From D:/Program Files/Epic Games/4.14/Engine/Plugins/Developer/CodeLiteSourceCodeAccess/CodeLiteSourceCodeAccess.uplugin
LogPluginManager: Loaded Plugin GitSourceControl, From D:/Program Files/Epic Games/4.14/Engine/Plugins/Developer/GitSourceControl/GitSourceControl.uplugin
LogPluginManager: Loaded Plugin KDevelopSourceCodeAccess, From D:/Program Files/Epic Games/4.14/Engine/Plugins/Developer/KDevelopSourceCodeAccess/KDevelopSourceCodeAccess.uplugin
LogPluginManager: Loaded Plugin NullSourceCodeAccess, From D:/Program Files/Epic Games/4.14/Engine/Plugins/Developer/NullSourceCodeAccess/NullSourceCodeAccess.uplugin
LogPluginManager: Loaded Plugin OneSkyLocalizationService, From D:/Program Files/Epic Games/4.14/Engine/Plugins/Developer/OneSkyLocalizationService/OneSkyLocalizationService.uplugin
LogPluginManager: Loaded Plugin PerforceSourceControl, From D:/Program Files/Epic Games/4.14/Engine/Plugins/Developer/PerforceSourceControl/PerforceSourceControl.uplugin
LogPluginManager: Loaded Plugin SubversionSourceControl, From D:/Program Files/Epic Games/4.14/Engine/Plugins/Developer/SubversionSourceControl/SubversionSourceControl.uplugin
LogPluginManager: Loaded Plugin UObjectPlugin, From D:/Program Files/Epic Games/4.14/Engine/Plugins/Developer/UObjectPlugin/UObjectPlugin.uplugin
LogPluginManager: Loaded Plugin VisualStudioSourceCodeAccess, From D:/Program Files/Epic Games/4.14/Engine/Plugins/Developer/VisualStudioSourceCodeAccess/VisualStudioSourceCodeAccess.uplugin
LogPluginManager: Loaded Plugin XCodeSourceCodeAccess, From D:/Program Files/Epic Games/4.14/Engine/Plugins/Developer/XCodeSourceCodeAccess/XCodeSourceCodeAccess.uplugin
LogPluginManager: Loaded Plugin AudioCapture, From D:/Program Files/Epic Games/4.14/Engine/Plugins/Editor/AudioCapture/AudioCapture.uplugin
LogPluginManager: Loaded Plugin EpicSurvey, From D:/Program Files/Epic Games/4.14/Engine/Plugins/Editor/EpicSurvey/EpicSurvey.uplugin
LogPluginManager: Loaded Plugin MacGraphicsSwitching, From D:/Program Files/Epic Games/4.14/Engine/Plugins/Editor/MacGraphicsSwitching/MacGraphicsSwitching.uplugin
LogPluginManager: Loaded Plugin MobileLauncherProfileWizard, From D:/Program Files/Epic Games/4.14/Engine/Plugins/Editor/MobileLauncherProfileWizard/MobileLauncherProfileWizard.uplugin
LogPluginManager: Loaded Plugin PluginBrowser, From D:/Program Files/Epic Games/4.14/Engine/Plugins/Editor/PluginBrowser/PluginBrowser.uplugin
LogPluginManager: Loaded Plugin SpeedTreeImporter, From D:/Program Files/Epic Games/4.14/Engine/Plugins/Editor/SpeedTreeImporter/SpeedTreeImporter.uplugin
LogPluginManager: Loaded Plugin SuperSearchEditor, From D:/Program Files/Epic Games/4.14/Engine/Plugins/Editor/SuperSearchEditor/SuperSearchEditor.uplugin
LogPluginManager: Loaded Plugin AlembicImporter, From D:/Program Files/Epic Games/4.14/Engine/Plugins/Experimental/AlembicImporter/AlembicImporter.uplugin
LogPluginManager: Loaded Plugin BlueprintStats, From D:/Program Files/Epic Games/4.14/Engine/Plugins/Experimental/BlueprintStats/BlueprintStats.uplugin
LogPluginManager: Loaded Plugin CharacterAI, From D:/Program Files/Epic Games/4.14/Engine/Plugins/Experimental/CharacterAI/CharacterAI.uplugin
LogPluginManager: Loaded Plugin CodeEditor, From D:/Program Files/Epic Games/4.14/Engine/Plugins/Experimental/CodeEditor/CodeEditor.uplugin
LogPluginManager: Loaded Plugin CodeView, From D:/Program Files/Epic Games/4.14/Engine/Plugins/Experimental/CodeView/CodeView.uplugin
LogPluginManager: Loaded Plugin HTML5Networking, From D:/Program Files/Epic Games/4.14/Engine/Plugins/Experimental/HTML5Networking/HTML5Networking.uplugin
LogPluginManager: Loaded Plugin OSVR, From D:/Program Files/Epic Games/4.14/Engine/Plugins/Experimental/OSVR/OSVR.uplugin
LogPluginManager: Loaded Plugin Phya, From D:/Program Files/Epic Games/4.14/Engine/Plugins/Experimental/Phya/Phya.uplugin
LogPluginManager: Loaded Plugin SignificanceManager, From D:/Program Files/Epic Games/4.14/Engine/Plugins/Experimental/SignificanceManager/SignificanceManager.uplugin
LogPluginManager: Loaded Plugin SimpleHMD, From D:/Program Files/Epic Games/4.14/Engine/Plugins/Experimental/SimpleHMD/SimpleHMD.uplugin
LogPluginManager: Loaded Plugin StereoPanorama, From D:/Program Files/Epic Games/4.14/Engine/Plugins/Experimental/StereoPanorama/StereoPanorama.uplugin
LogPluginManager: Loaded Plugin StructBox, From D:/Program Files/Epic Games/4.14/Engine/Plugins/Experimental/StructBox/StructBox.uplugin
LogPluginManager: Loaded Plugin AndroidMedia, From D:/Program Files/Epic Games/4.14/Engine/Plugins/Media/AndroidMedia/AndroidMedia.uplugin
LogPluginManager: Loaded Plugin AvfMedia, From D:/Program Files/Epic Games/4.14/Engine/Plugins/Media/AvfMedia/AvfMedia.uplugin
LogPluginManager: Loaded Plugin MediaPlayerEditor, From D:/Program Files/Epic Games/4.14/Engine/Plugins/Media/MediaPlayerEditor/MediaPlayerEditor.uplugin
LogPluginManager: Loaded Plugin WmfMedia, From D:/Program Files/Epic Games/4.14/Engine/Plugins/Media/WmfMedia/WmfMedia.uplugin
LogPluginManager: Loaded Plugin MessagingDebugger, From D:/Program Files/Epic Games/4.14/Engine/Plugins/Messaging/MessagingDebugger/MessagingDebugger.uplugin
LogPluginManager: Loaded Plugin TcpMessaging, From D:/Program Files/Epic Games/4.14/Engine/Plugins/Messaging/TcpMessaging/TcpMessaging.uplugin
LogPluginManager: Loaded Plugin UdpMessaging, From D:/Program Files/Epic Games/4.14/Engine/Plugins/Messaging/UdpMessaging/UdpMessaging.uplugin
LogPluginManager: Loaded Plugin LevelSequenceEditor, From D:/Program Files/Epic Games/4.14/Engine/Plugins/MovieScene/LevelSequenceEditor/LevelSequenceEditor.uplugin
LogPluginManager: Loaded Plugin MatineeToLevelSequence, From D:/Program Files/Epic Games/4.14/Engine/Plugins/MovieScene/MatineeToLevelSequence/MatineeToLevelSequence.uplugin
LogPluginManager: Loaded Plugin NetcodeUnitTest, From D:/Program Files/Epic Games/4.14/Engine/Plugins/NetcodeUnitTest/NetcodeUnitTest/NetcodeUnitTest.uplugin
LogPluginManager: Loaded Plugin NUTUnrealEngine4, From D:/Program Files/Epic Games/4.14/Engine/Plugins/NetcodeUnitTest/NUTUnrealEngine4/NUTUnrealEngine4.uplugin
LogPluginManager: Loaded Plugin OnlineSubsystemGameCircle, From D:/Program Files/Epic Games/4.14/Engine/Plugins/Online/Android/OnlineSubsystemGameCircle/OnlineSubsystemGameCircle.uplugin
LogPluginManager: Loaded Plugin OnlineSubsystemGooglePlay, From D:/Program Files/Epic Games/4.14/Engine/Plugins/Online/Android/OnlineSubsystemGooglePlay/OnlineSubsystemGooglePlay.uplugin
LogPluginManager: Loaded Plugin OnlineSubsystemIOS, From D:/Program Files/Epic Games/4.14/Engine/Plugins/Online/IOS/OnlineSubsystemIOS/OnlineSubsystemIOS.uplugin
LogPluginManager: Loaded Plugin OnlineFramework, From D:/Program Files/Epic Games/4.14/Engine/Plugins/Online/OnlineFramework/OnlineFramework.uplugin
LogPluginManager: Loaded Plugin OnlineSubsystem, From D:/Program Files/Epic Games/4.14/Engine/Plugins/Online/OnlineSubsystem/OnlineSubsystem.uplugin
LogPluginManager: Loaded Plugin OnlineSubsystemAmazon, From D:/Program Files/Epic Games/4.14/Engine/Plugins/Online/OnlineSubsystemAmazon/OnlineSubsystemAmazon.uplugin
LogPluginManager: Loaded Plugin OnlineSubsystemFacebook, From D:/Program Files/Epic Games/4.14/Engine/Plugins/Online/OnlineSubsystemFacebook/OnlineSubsystemFacebook.uplugin
LogPluginManager: Loaded Plugin OnlineSubsystemNull, From D:/Program Files/Epic Games/4.14/Engine/Plugins/Online/OnlineSubsystemNull/OnlineSubsystemNull.uplugin
LogPluginManager: Loaded Plugin OnlineSubsystemOculus, From D:/Program Files/Epic Games/4.14/Engine/Plugins/Online/OnlineSubsystemOculus/OnlineSubsystemOculus.uplugin
LogPluginManager: Loaded Plugin OnlineSubsystemSteam, From D:/Program Files/Epic Games/4.14/Engine/Plugins/Online/OnlineSubsystemSteam/OnlineSubsystemSteam.uplugin
LogPluginManager: Loaded Plugin OnlineSubsystemUtils, From D:/Program Files/Epic Games/4.14/Engine/Plugins/Online/OnlineSubsystemUtils/OnlineSubsystemUtils.uplugin
LogPluginManager: Loaded Plugin IOSTapJoy, From D:/Program Files/Epic Games/4.14/Engine/Plugins/Runtime/Advertising/IOSTapJoy/IOSTapJoy.uplugin
LogPluginManager: Loaded Plugin AnalyticsBlueprintLibrary, From D:/Program Files/Epic Games/4.14/Engine/Plugins/Runtime/Analytics/AnalyticsBlueprintLibrary/AnalyticsBlueprintLibrary.uplugin
LogPluginManager: Loaded Plugin AnalyticsMulticast, From D:/Program Files/Epic Games/4.14/Engine/Plugins/Runtime/Analytics/AnalyticsMulticast/AnalyticsMulticast.uplugin
LogPluginManager: Loaded Plugin Apsalar, From D:/Program Files/Epic Games/4.14/Engine/Plugins/Runtime/Analytics/Apsalar/Apsalar.uplugin
LogPluginManager: Loaded Plugin FileLogging, From D:/Program Files/Epic Games/4.14/Engine/Plugins/Runtime/Analytics/FileLogging/FileLogging.uplugin
LogPluginManager: Loaded Plugin Flurry, From D:/Program Files/Epic Games/4.14/Engine/Plugins/Runtime/Analytics/Flurry/Flurry.uplugin
LogPluginManager: Loaded Plugin AndroidDeviceProfileSelector, From D:/Program Files/Epic Games/4.14/Engine/Plugins/Runtime/AndroidDeviceProfileSelector/AndroidDeviceProfileSelector.uplugin
LogPluginManager: Loaded Plugin AndroidMoviePlayer, From D:/Program Files/Epic Games/4.14/Engine/Plugins/Runtime/AndroidMoviePlayer/AndroidMoviePlayer.uplugin
LogPluginManager: Loaded Plugin AppleMoviePlayer, From D:/Program Files/Epic Games/4.14/Engine/Plugins/Runtime/AppleMoviePlayer/AppleMoviePlayer.uplugin
LogPluginManager: Loaded Plugin ArchVisCharacter, From D:/Program Files/Epic Games/4.14/Engine/Plugins/Runtime/ArchVisCharacter/ArchVisCharacter.uplugin
LogPluginManager: Loaded Plugin CableComponent, From D:/Program Files/Epic Games/4.14/Engine/Plugins/Runtime/CableComponent/CableComponent.uplugin
LogPluginManager: Loaded Plugin CustomMeshComponent, From D:/Program Files/Epic Games/4.14/Engine/Plugins/Runtime/CustomMeshComponent/CustomMeshComponent.uplugin
LogPluginManager: Loaded Plugin ExampleDeviceProfileSelector, From D:/Program Files/Epic Games/4.14/Engine/Plugins/Runtime/ExampleDeviceProfileSelector/ExampleDeviceProfileSelector.uplugin
LogPluginManager: Loaded Plugin GearVR, From D:/Program Files/Epic Games/4.14/Engine/Plugins/Runtime/GearVR/GearVR.uplugin
LogPluginManager: Loaded Plugin GoogleVRController, From D:/Program Files/Epic Games/4.14/Engine/Plugins/Runtime/GoogleVR/GoogleVRController/GoogleVRController.uplugin
LogPluginManager: Loaded Plugin GoogleVRHMD, From D:/Program Files/Epic Games/4.14/Engine/Plugins/Runtime/GoogleVR/GoogleVRHMD/GoogleVRHMD.uplugin
LogPluginManager: Loaded Plugin IOSDeviceProfileSelector, From D:/Program Files/Epic Games/4.14/Engine/Plugins/Runtime/IOSDeviceProfileSelector/IOSDeviceProfileSelector.uplugin
LogPluginManager: Loaded Plugin LeapMotion, From D:/Program Files/Epic Games/4.14/Engine/Plugins/Runtime/LeapMotion/LeapMotion.uplugin
LogPluginManager: Loaded Plugin LinuxDeviceProfileSelector, From D:/Program Files/Epic Games/4.14/Engine/Plugins/Runtime/LinuxDeviceProfileSelector/LinuxDeviceProfileSelector.uplugin
LogPluginManager: Loaded Plugin MIDIDevice, From D:/Program Files/Epic Games/4.14/Engine/Plugins/Runtime/MIDIDevice/MIDIDevice.uplugin
LogPluginManager: Loaded Plugin MobilePatchingUtils, From D:/Program Files/Epic Games/4.14/Engine/Plugins/Runtime/MobilePatchingUtils/MobilePatchingUtils.uplugin
LogPluginManager: Loaded Plugin Ansel, From D:/Program Files/Epic Games/4.14/Engine/Plugins/Runtime/Nvidia/Ansel/Ansel.uplugin
LogPluginManager: Loaded Plugin OculusAudio, From D:/Program Files/Epic Games/4.14/Engine/Plugins/Runtime/OculusAudio/OculusAudio.uplugin
LogPluginManager: Loaded Plugin OculusInput, From D:/Program Files/Epic Games/4.14/Engine/Plugins/Runtime/OculusInput/OculusInput.uplugin
LogPluginManager: Loaded Plugin OculusLibrary, From D:/Program Files/Epic Games/4.14/Engine/Plugins/Runtime/OculusLibrary/OculusLibrary.uplugin
LogPluginManager: Loaded Plugin OculusRift, From D:/Program Files/Epic Games/4.14/Engine/Plugins/Runtime/OculusRift/OculusRift.uplugin
LogPluginManager: Loaded Plugin Oodle, From D:/Program Files/Epic Games/4.14/Engine/Plugins/Runtime/PacketHandlers/CompressionComponents/Oodle/Oodle.uplugin
LogPluginManager: Loaded Plugin ProceduralMeshComponent, From D:/Program Files/Epic Games/4.14/Engine/Plugins/Runtime/ProceduralMeshComponent/ProceduralMeshComponent.uplugin
LogPluginManager: Loaded Plugin SoundMod, From D:/Program Files/Epic Games/4.14/Engine/Plugins/Runtime/SoundMod/SoundMod.uplugin
LogPluginManager: Loaded Plugin SoundVisualizations, From D:/Program Files/Epic Games/4.14/Engine/Plugins/Runtime/SoundVisualizations/SoundVisualizations.uplugin
LogPluginManager: Loaded Plugin SteamController, From D:/Program Files/Epic Games/4.14/Engine/Plugins/Runtime/Steam/SteamController/SteamController.uplugin
LogPluginManager: Loaded Plugin SteamVR, From D:/Program Files/Epic Games/4.14/Engine/Plugins/Runtime/Steam/SteamVR/SteamVR.uplugin
LogPluginManager: Loaded Plugin WebBrowserWidget, From D:/Program Files/Epic Games/4.14/Engine/Plugins/Runtime/WebBrowserWidget/WebBrowserWidget.uplugin
LogPluginManager: Loaded Plugin WindowsDeviceProfileSelector, From D:/Program Files/Epic Games/4.14/Engine/Plugins/Runtime/WindowsDeviceProfileSelector/WindowsDeviceProfileSelector.uplugin
LogPluginManager: Loaded Plugin WindowsMoviePlayer, From D:/Program Files/Epic Games/4.14/Engine/Plugins/Runtime/WindowsMoviePlayer/WindowsMoviePlayer.uplugin
LogPluginManager: Loaded Plugin ScriptPlugin, From D:/Program Files/Epic Games/4.14/Engine/Plugins/ScriptPlugin/ScriptPlugin.uplugin
LogPluginManager: Loaded Plugin SlateRemote, From D:/Program Files/Epic Games/4.14/Engine/Plugins/Slate/SlateRemote/SlateRemote.uplugin
LogPluginManager: Loaded Plugin EditorTests, From D:/Program Files/Epic Games/4.14/Engine/Plugins/Tests/EditorTests/EditorTests.uplugin
LogPluginManager: Loaded Plugin FbxAutomationTestBuilder, From D:/Program Files/Epic Games/4.14/Engine/Plugins/Tests/FbxAutomationTestBuilder/FbxAutomationTestBuilder.uplugin
LogPluginManager: Loaded Plugin FunctionalTestingEditor, From D:/Program Files/Epic Games/4.14/Engine/Plugins/Tests/FunctionalTestingEditor/FunctionalTestingEditor.uplugin
LogPluginManager: Loaded Plugin RuntimeTests, From D:/Program Files/Epic Games/4.14/Engine/Plugins/Tests/RuntimeTests/RuntimeTests.uplugin
LogPluginManager: Loaded Plugin ScreenshotTools, From D:/Program Files/Epic Games/4.14/Engine/Plugins/Tests/ScreenshotTools/ScreenshotTools.uplugin
LogInit: Using libcurl 7.47.1
LogInit:  - built for x86_64-pc-win32
LogInit:  - supports SSL with OpenSSL/1.0.2g
LogInit:  - supports HTTP deflate (compression) using libz 1.2.8
LogInit:  - other features:
LogInit:      CURL_VERSION_SSL
LogInit:      CURL_VERSION_LIBZ
LogInit:      CURL_VERSION_IPV6
LogInit:      CURL_VERSION_ASYNCHDNS
LogInit:      CURL_VERSION_LARGEFILE
LogInit:      CURL_VERSION_IDN
LogInit:  CurlRequestOptions (configurable via config and command line):
LogInit:  - bVerifyPeer = false  - Libcurl will NOT verify peer certificate
LogInit:  - bUseHttpProxy = false  - Libcurl will NOT use HTTP proxy
LogInit:  - bDontReuseConnections = false  - Libcurl will reuse connections
LogInit:  - CertBundlePath = nullptr  - Libcurl will use whatever was configured at build time.
LogInit: Build: ++UE4+Release-4.14-CL-3249277
LogInit: Engine Version: 4.14.3-3249277+++UE4+Release-4.14
LogInit: Compatible Engine Version: 4.14.0-3195953+++UE4+Release-4.14
LogInit: Net CL: 3195953
LogDevObjectVersion: Number of dev versions registered: 13
LogDevObjectVersion:   Dev-Blueprints (B0D832E4-1F89-4F0D-ACCF-7EB736FD4AA2): 7
LogDevObjectVersion:   Dev-Build (E1C64328-A22C-4D53-A36C-8E866417BD8C): 0
LogDevObjectVersion:   Dev-Core (375EC13C-06E4-48FB-B500-84F0262A717E): 1
LogDevObjectVersion:   Dev-Editor (E4B068ED-F494-42E9-A231-DA0B2E46BB41): 8
LogDevObjectVersion:   Dev-Framework (CFFC743F-43B0-4480-9391-14DF171D2073): 17
LogDevObjectVersion:   Dev-Mobile (B02B49B5-BB20-44E9-A304-32B752E40360): 0
LogDevObjectVersion:   Dev-Networking (A4E4105C-59A1-49B5-A7C5-40C4547EDFEE): 0
LogDevObjectVersion:   Dev-Online (39C831C9-5AE6-47DC-9A44-9C173E1C8E7C): 0
LogDevObjectVersion:   Dev-Physics (78F01B33-EBEA-4F98-B9B4-84EACCB95AA2): 0
LogDevObjectVersion:   Dev-Platform (6631380F-2D4D-43E0-8009-CF276956A95A): 0
LogDevObjectVersion:   Dev-Rendering (12F88B9F-8875-4AFC-A67C-D90C383ABD29): 12
LogDevObjectVersion:   Dev-Sequencer (7B5AE74C-D270-4C10-A958-57980B212A5A): 1
LogDevObjectVersion:   Dev-VR (D7296918-1DD6-4BDD-9DE2-64A83CC13884): 0
LogInit: Compiled (64-bit): Jan  6 2017 10:49:43
LogInit: Compiled with Visual C++: 19.00.23026.00
LogInit: Build Configuration: Development
LogInit: Branch Name: ++UE4+Release-4.14
LogInit: Command line:  /Temp/Autosaves/Game/GameBlueprints/Maps/UEDPCMain -game -PIEVIACONSOLE -ResX=1280 -ResY=720  -Multiprocess -messaging -SessionName="Play in Standalone Game" -windowed 
LogInit: Base directory: D:/Program Files/Epic Games/4.14/Engine/Binaries/Win64/
LogInit: Installed Engine Build: 1
LogInit: Presizing for max 8388607 objects, including 0 objects not considered by GC, pre-allocating 0 bytes for permanent pool.
LogInit: Object subsystem initialized
[2017.02.06-20.07.27:764][  0]LogInit: Selected Device Profile: [Windows]
[2017.02.06-20.07.27:764][  0]LogInit: Applying CVar settings loaded from the selected device profile: [Windows]
[2017.02.06-20.07.27:770][  0]LogInit: Computer: BADIM-ALIEN
[2017.02.06-20.07.27:770][  0]LogInit: User: Carlos
[2017.02.06-20.07.27:770][  0]LogInit: CPU Page size=65536, Cores=4
[2017.02.06-20.07.27:770][  0]LogInit: High frequency timer resolution =2.338332 MHz
[2017.02.06-20.07.27:770][  0]LogMemory: Memory total: Physical=15.9GB (16GB approx)
[2017.02.06-20.07.27:770][  0]LogMemory: Platform Memory Stats for Windows
[2017.02.06-20.07.27:770][  0]LogMemory: Process Physical Memory: 264.03 MB used, 264.03 MB peak
[2017.02.06-20.07.27:770][  0]LogMemory: Process Virtual Memory: 263.11 MB used, 263.11 MB peak
[2017.02.06-20.07.27:770][  0]LogMemory: Physical Memory: 7501.04 MB used,  8763.98 MB free, 16265.02 MB total
[2017.02.06-20.07.27:770][  0]LogMemory: Virtual Memory: 676.41 MB used,  8763.98 MB free, 134217728.00 MB total
[2017.02.06-20.07.27:804][  0]LogTextLocalizationManager: No specific translations for ('en-GB') exist, so ('en') translations will be used.
[2017.02.06-20.07.28:290][  0]LogD3D11RHI: D3D11 adapters:
[2017.02.06-20.07.28:330][  0]LogD3D11RHI:    0. 'NVIDIA GeForce GTX 765M' (Feature Level 11_0)
[2017.02.06-20.07.28:330][  0]LogD3D11RHI:       2018/0/8132 MB DedicatedVideo/DedicatedSystem/SharedSystem, Outputs:2, VendorId:0x10de
[2017.02.06-20.07.28:341][  0]LogD3D11RHI:    1. 'Intel(R) HD Graphics 4600' (Feature Level 11_0)
[2017.02.06-20.07.28:341][  0]LogD3D11RHI:       112/0/2048 MB DedicatedVideo/DedicatedSystem/SharedSystem, Outputs:0, VendorId:0x8086
[2017.02.06-20.07.28:342][  0]LogD3D11RHI:    2. 'Microsoft Basic Render Driver' (Feature Level 11_0)
[2017.02.06-20.07.28:342][  0]LogD3D11RHI:       0/0/8132 MB DedicatedVideo/DedicatedSystem/SharedSystem, Outputs:0, VendorId:0x1414
[2017.02.06-20.07.28:342][  0]LogD3D11RHI: Chosen D3D11 Adapter: 0
[2017.02.06-20.07.28:365][  0]LogD3D11RHI: Creating new Direct3DDevice
[2017.02.06-20.07.28:365][  0]LogD3D11RHI:     GPU DeviceId: 0x11e1 (for the marketing name, search the web for "GPU Device Id")
[2017.02.06-20.07.28:365][  0]LogWindows: EnumDisplayDevices:
[2017.02.06-20.07.28:365][  0]LogWindows:    0. 'Intel(R) HD Graphics 4600' (P:1 D:1)
[2017.02.06-20.07.28:365][  0]LogWindows:    1. 'Intel(R) HD Graphics 4600' (P:0 D:0)
[2017.02.06-20.07.28:365][  0]LogWindows:    2. 'Intel(R) HD Graphics 4600' (P:0 D:0)
[2017.02.06-20.07.28:365][  0]LogWindows:    3. 'NVIDIA GeForce GTX 765M' (P:0 D:1)
[2017.02.06-20.07.28:366][  0]LogWindows:    4. 'NVIDIA GeForce GTX 765M' (P:0 D:0)
[2017.02.06-20.07.28:366][  0]LogWindows:    5. 'NVIDIA GeForce GTX 765M' (P:0 D:0)
[2017.02.06-20.07.28:366][  0]LogWindows:    6. 'NVIDIA GeForce GTX 765M' (P:0 D:0)
[2017.02.06-20.07.28:366][  0]LogWindows: DebugString: PrimaryIsNotTheChoosenAdapter PrimaryIsNotTheChoosenAdapter PrimaryIsNotTheChoosenAdapter FoundDriverCount:4 
[2017.02.06-20.07.28:366][  0]LogD3D11RHI:     Adapter Name: NVIDIA GeForce GTX 765M
[2017.02.06-20.07.28:366][  0]LogD3D11RHI:   Driver Version: 378.49 (internal:21.21.13.7849, unified:378.49)
[2017.02.06-20.07.28:366][  0]LogD3D11RHI:      Driver Date: 1-20-2017
[2017.02.06-20.07.28:366][  0]LogRHI: Texture pool is 1361 MB (70% of 1945 MB)
[2017.02.06-20.07.28:388][  0]LogD3D11RHI:Warning: Timestamp queries are currently disabled on this hardware due to instability. Realtime GPU stats will not be available. You can override this behaviour by setting r.NVIDIATimestampWorkaround to 0
[2017.02.06-20.07.28:388][  0]LogD3D11RHI: Async texture creation enabled
[2017.02.06-20.07.28:407][  0]LogD3D11RHI: GPU Timing Frequency: 1000.000000 (Debug: 2 2)
[2017.02.06-20.07.28:408][  0]LogShaderCompilers: Guid format shader working directory is 8 characters bigger than the processId version (../../../../../../Unreal Projects/BLKO/Intermediate/Shaders/WorkingDirectory/97644/).
[2017.02.06-20.07.28:408][  0]LogShaderCompilers: Cleaned the shader compiler working directory 'C:/Users/Carlos/AppData/Local/Temp/UnrealShaderWorkingDir/1AAF480445D985F9A9BD63959F00093D/'.
[2017.02.06-20.07.28:408][  0]LogShaderCompilers:Display: Using Local Shader Compiler.
[2017.02.06-20.07.29:760][  0]LogTemp:Display: Loaded TP WindowsClientTargetPlatform
[2017.02.06-20.07.29:817][  0]LogTemp:Display: Loaded TP WindowsNoEditorTargetPlatform
[2017.02.06-20.07.29:873][  0]LogTemp:Display: Loaded TP WindowsServerTargetPlatform
[2017.02.06-20.07.29:918][  0]LogTemp:Display: Loaded TP WindowsTargetPlatform
[2017.02.06-20.07.29:918][  0]LogTargetPlatformManager:Display: Building Assets For Windows
[2017.02.06-20.07.30:271][  0]LogDerivedDataCache:Display: Max Cache Size: 512 MB
[2017.02.06-20.07.30:359][  0]LogDerivedDataCache: Loaded boot cache 0.09s 50MB C:/Users/Carlos/AppData/Local/UnrealEngine/4.14/DerivedDataCache/Boot.ddc.
[2017.02.06-20.07.30:359][  0]LogDerivedDataCache:Display: Loaded Boot cache: C:/Users/Carlos/AppData/Local/UnrealEngine/4.14/DerivedDataCache/Boot.ddc
[2017.02.06-20.07.30:359][  0]LogDerivedDataCache: FDerivedDataBackendGraph:  Pak pak cache file ../../../../../../Unreal Projects/BLKO/DerivedDataCache/DDC.ddp not found, will not use a pak cache.
[2017.02.06-20.07.30:359][  0]LogDerivedDataCache: Unable to find inner node Pak for hierarchical cache Hierarchy.
[2017.02.06-20.07.30:359][  0]LogDerivedDataCache: FDerivedDataBackendGraph:  CompressedPak pak cache file ../../../../../../Unreal Projects/BLKO/DerivedDataCache/Compressed.ddp not found, will not use a pak cache.
[2017.02.06-20.07.30:359][  0]LogDerivedDataCache: Unable to find inner node CompressedPak for hierarchical cache Hierarchy.
[2017.02.06-20.07.30:378][  0]LogDerivedDataCache:Display: Pak cache opened for reading ../../../Engine/DerivedDataCache/Compressed.ddp.
[2017.02.06-20.07.30:390][  0]LogDerivedDataCache: Using Local data cache path C:/Users/Carlos/AppData/Local/UnrealEngine/Common/DerivedDataCache: Writable
[2017.02.06-20.07.30:633][  0]LogAssetRegistry: FAssetRegistry took 0.0001 seconds to start up
[2017.02.06-20.07.30:641][  0]LogPackageLocalizationCache: Processed 3 localized package path(s) for 2 prioritized culture(s) in 0.007989 seconds
[2017.02.06-20.07.30:663][  0]LogInit: Selected Device Profile: [Windows]
[2017.02.06-20.07.30:665][  0]LogContentStreaming: Texture pool size is 1000.00 MB
[2017.02.06-20.07.30:897][  0]LogMeshUtilities: Using QuadricMeshReduction for automatic static mesh reduction
[2017.02.06-20.07.30:937][  0]LogSimplygon: Simplygon DLL not present - disabling.
[2017.02.06-20.07.30:980][  0]LogMeshUtilities: Using SimplygonSwarm for distributed automatic mesh merging
[2017.02.06-20.07.30:980][  0]LogMeshUtilities: No automatic skeletal mesh reduction module available
[2017.02.06-20.07.30:980][  0]LogMeshUtilities: No automatic mesh merging module available
[2017.02.06-20.07.31:584][  0]LogNetVersion: GetLocalNetworkVersion: CL: 3195953, ProjectName: blko, ProjectVersion: , EngineNetworkVersion: 2, GameNetworkVersion: 0, NetworkChecksum: 172567305
[2017.02.06-20.07.31:649][  0]LogInit: WinSock: version 1.1 (2.2), MaxSocks=32767, MaxUdp=65467
[2017.02.06-20.07.32:306][  0]LogSlate: Using Freetype 2.6.0
[2017.02.06-20.07.32:306][  0]LogSlate: SlateFontCache - WITH_FREETYPE: 1, WITH_HARFBUZZ: 1
[2017.02.06-20.07.32:306][  0]LogSlate: SlateFontCache - WITH_FREETYPE: 1, WITH_HARFBUZZ: 1
[2017.02.06-20.07.32:435][  0]LogMoviePlayer: Initializing movie player
[2017.02.06-20.07.32:531][  0]LogWindowsMoviePlayer: Unable to load movie: ../../../../../../Unreal Projects/BLKO/Content/Movies/Default_Startup.mp4
[2017.02.06-20.07.32:704][  0]LogTcpMessaging: Initializing TcpMessaging bridge
[2017.02.06-20.07.32:741][  0]LogUdpMessaging: Initializing bridge on interface 0.0.0.0:0 to multicast group 230.0.0.1:6666.
[2017.02.06-20.07.32:929][  0]SourceControl: Info Source control is disabled
[2017.02.06-20.07.32:929][  0]SourceControl: Info Source control is disabled
[2017.02.06-20.07.32:970][  0]SourceControl: Info Source control is disabled
[2017.02.06-20.07.33:592][  0]LogUObjectArray: 33574 objects as part of root set at end of initial load.
[2017.02.06-20.07.33:592][  0]LogUObjectAllocator: 7445928 out of 0 bytes used by permanent object pool.
[2017.02.06-20.07.33:592][  0]LogUObjectArray: CloseDisregardForGC: 0/0 objects in disregard for GC pool
[2017.02.06-20.07.33:699][  0]LogEngine: Initializing Engine...
[2017.02.06-20.07.33:700][  0]LogHMD: Failed to initialize OpenVR with code 110
[2017.02.06-20.07.33:868][  0]LogInit: XAudio2 using 'Speakers / Headphones (Realtek High Definition Audio)' : 2 channels at 48 kHz using 32 bits per sample (channel mask 0x3)
[2017.02.06-20.07.33:885][  0]LogInit: FAudioDevice initialized.
[2017.02.06-20.07.33:906][  0]LogInit: Texture streaming: Enabled
[2017.02.06-20.07.33:925][  0]LogMaterial: Uniform references updated for custom material expression Custom.
[2017.02.06-20.07.34:280][  0]LogInit:Display: Game Engine Initialized.
[2017.02.06-20.07.34:416][  0]LogInit:Display: Starting Game.
[2017.02.06-20.07.34:416][  0]LogNet: Browse: /Temp/Autosaves/Game/GameBlueprints/Maps/UEDPCMain?Name=Player
[2017.02.06-20.07.34:416][  0]LogLoad: LoadMap: /Temp/Autosaves/Game/GameBlueprints/Maps/UEDPCMain?Name=Player
[2017.02.06-20.07.34:440][  0]LogMemory: Platform Memory Stats for Windows
[2017.02.06-20.07.34:440][  0]LogMemory: Process Physical Memory: 658.66 MB used, 684.09 MB peak
[2017.02.06-20.07.34:440][  0]LogMemory: Process Virtual Memory: 714.93 MB used, 714.94 MB peak
[2017.02.06-20.07.34:440][  0]LogMemory: Physical Memory: 7858.59 MB used,  8406.44 MB free, 16265.02 MB total
[2017.02.06-20.07.34:440][  0]LogMemory: Virtual Memory: 1347.43 MB used,  8406.44 MB free, 134217728.00 MB total
[2017.02.06-20.07.34:440][  0]LogMemory: 
[2017.02.06-20.07.34:440][  0]Allocator Stats for TBB: (not implemented)
[2017.02.06-20.07.34:644][  0]LogAIModule: Creating AISystem for world Main
[2017.02.06-20.07.34:645][  0]LogLinker:Warning: Can't find file '/Game/PuzzleBP/Blueprints/PuzzleGameMode'
[2017.02.06-20.07.34:645][  0]LogUObjectGlobals:Warning: Failed to load '/Game/PuzzleBP/Blueprints/PuzzleGameMode': Can't find file '/Game/PuzzleBP/Blueprints/PuzzleGameMode'
[2017.02.06-20.07.34:645][  0]LogLinker:Warning: Can't find file '/Game/PuzzleBP/Blueprints/PuzzleGameMode'
[2017.02.06-20.07.34:645][  0]LogUObjectGlobals:Warning: Failed to load '/Game/PuzzleBP/Blueprints/PuzzleGameMode': Can't find file '/Game/PuzzleBP/Blueprints/PuzzleGameMode'
[2017.02.06-20.07.34:645][  0]LogUObjectGlobals:Warning: Failed to find object 'Class /Game/PuzzleBP/Blueprints/PuzzleGameMode.PuzzleGameMode_C'
[2017.02.06-20.07.34:645][  0]LogLoad: Game class is 'GameModeBase'
[2017.02.06-20.07.34:647][  0]LogWorld: Bringing World /Temp/Autosaves/Game/GameBlueprints/Maps/UEDPCMain.Main up for play (max tick rate 0) at 2017.02.06-20.07.34
[2017.02.06-20.07.34:647][  0]LogWorld: Bringing up level for play took: 0.000884
[2017.02.06-20.07.34:654][  0]LogLoad: Took 0.237364 seconds to LoadMap(/Temp/Autosaves/Game/GameBlueprints/Maps/UEDPCMain)
[2017.02.06-20.07.34:991][  0]LogLoad: (Engine Initialization) Total time: 8.66 seconds
[2017.02.06-20.07.34:991][  0]LogLoad: (Engine Initialization) Total Blueprint compile time: 0.07 seconds
[2017.02.06-20.07.34:991][  0]LogExternalProfiler: Found external profiler: VSPerf
[2017.02.06-20.07.34:991][  0]LogExternalProfiler: Using external profiler: VSPerf
[2017.02.06-20.07.35:007][  0]LogWindowsTextInputMethodSystem:Display: IME system now deactivated.
[2017.02.06-20.07.35:007][  0]LogOcInput: OculusInput pre-init called
[2017.02.06-20.07.35:108][  2]LogRenderer: Reallocating scene render targets to support 1280x720 NumSamples 1 (Frame:2).
[2017.02.06-20.07.36:475][ 78]LogPackageName: SearchForPackageOnDisk took   0.058s to resolve LevelMap.umap.
[2017.02.06-20.07.36:533][ 78]LogPackageName: SearchForPackageOnDisk took   0.057s to resolve LevelMap.umap.
[2017.02.06-20.07.36:533][ 78]LogNet: Browse: /Game/GameBlueprints/Maps/LevelMap
[2017.02.06-20.07.36:533][ 78]LogLoad: LoadMap: /Game/GameBlueprints/Maps/LevelMap
[2017.02.06-20.07.36:557][ 78]LogMemory: Platform Memory Stats for Windows
[2017.02.06-20.07.36:557][ 78]LogMemory: Process Physical Memory: 733.86 MB used, 733.86 MB peak
[2017.02.06-20.07.36:557][ 78]LogMemory: Process Virtual Memory: 861.84 MB used, 861.84 MB peak
[2017.02.06-20.07.36:557][ 78]LogMemory: Physical Memory: 7920.50 MB used,  8344.53 MB free, 16265.02 MB total
[2017.02.06-20.07.36:557][ 78]LogMemory: Virtual Memory: 1527.94 MB used,  8344.53 MB free, 134217728.00 MB total
[2017.02.06-20.07.36:557][ 78]LogMemory: 
[2017.02.06-20.07.36:557][ 78]Allocator Stats for TBB: (not implemented)
[2017.02.06-20.07.37:619][ 78]LogAIModule: Creating AISystem for world LevelMap
[2017.02.06-20.07.37:619][ 78]LogLoad: Game class is 'BLKOGameMode_C'
[2017.02.06-20.07.37:625][ 78]LogWorld: Bringing World /Game/GameBlueprints/Maps/LevelMap.LevelMap up for play (max tick rate 0) at 2017.02.06-20.07.37
[2017.02.06-20.07.37:626][ 78]LogGameMode:Warning: No GameStateClass was specified in BLKOGameMode_C_0 (BLKOGameMode_C)
[2017.02.06-20.07.37:626][ 78]LogWorld: Bringing up level for play took: 0.004855
[2017.02.06-20.07.37:627][ 78]LogGameMode: Warning - PATHS NOT DEFINED or NO PLAYERSTART with positive rating
[2017.02.06-20.07.37:753][ 78]LogLoad: Took 1.219958 seconds to LoadMap(/Game/GameBlueprints/Maps/LevelMap)
[2017.02.06-20.07.58:063][287]LogScriptCore:Warning: Script Msg: Attempted to access index 0 from array CallFunc_GetOverlappingActors_OverlappingActors of length 0!
[2017.02.06-20.08.12:337][172]LogScriptCore:Warning: Script Msg: Attempted to access index 0 from array CallFunc_GetOverlappingActors_OverlappingActors of length 0!
[2017.02.06-20.08.25:337][978]LogScriptCore:Warning: Script Msg: Attempted to access index 0 from array CallFunc_GetOverlappingActors_OverlappingActors of length 0!
[2017.02.06-20.08.41:676][990]LogScriptCore:Warning: Script Msg: Attempted to access index 0 from array CallFunc_GetOverlappingActors_OverlappingActors of length 0!
[2017.02.06-20.08.55:218][829]LogNet: Browse: /Game/GameBlueprints/Maps/LevelMap
[2017.02.06-20.08.55:218][829]LogLoad: LoadMap: /Game/GameBlueprints/Maps/LevelMap
[2017.02.06-20.08.55:279][829]LogMemory: Platform Memory Stats for Windows
[2017.02.06-20.08.55:279][829]LogMemory: Process Physical Memory: 778.74 MB used, 830.81 MB peak
[2017.02.06-20.08.55:279][829]LogMemory: Process Virtual Memory: 1046.10 MB used, 1079.35 MB peak
[2017.02.06-20.08.55:279][829]LogMemory: Physical Memory: 7982.57 MB used,  8282.45 MB free, 16265.02 MB total
[2017.02.06-20.08.55:279][829]LogMemory: Virtual Memory: 1713.76 MB used,  8282.45 MB free, 134217728.00 MB total
[2017.02.06-20.08.55:279][829]LogMemory: 
[2017.02.06-20.08.55:279][829]Allocator Stats for TBB: (not implemented)
[2017.02.06-20.08.56:307][829]LogAIModule: Creating AISystem for world LevelMap
[2017.02.06-20.08.56:308][829]LogLoad: Game class is 'BLKOGameMode_C'
[2017.02.06-20.08.56:314][829]LogWorld: Bringing World /Game/GameBlueprints/Maps/LevelMap.LevelMap up for play (max tick rate 0) at 2017.02.06-20.08.56
[2017.02.06-20.08.56:314][829]LogGameMode:Warning: No GameStateClass was specified in BLKOGameMode_C_0 (BLKOGameMode_C)
[2017.02.06-20.08.56:314][829]LogWorld: Bringing up level for play took: 0.004720
[2017.02.06-20.08.56:315][829]LogGameMode: Warning - PATHS NOT DEFINED or NO PLAYERSTART with positive rating
[2017.02.06-20.08.56:438][829]LogLoad: Took 1.219796 seconds to LoadMap(/Game/GameBlueprints/Maps/LevelMap)
[2017.02.06-20.08.57:734][903]LogPackageName: SearchForPackageOnDisk took   0.057s to resolve Main.umap.
[2017.02.06-20.08.57:793][903]LogPackageName: SearchForPackageOnDisk took   0.058s to resolve Main.umap.
[2017.02.06-20.08.57:793][903]LogNet: Browse: /Game/GameBlueprints/Maps/Main
[2017.02.06-20.08.57:793][903]LogLoad: LoadMap: /Game/GameBlueprints/Maps/Main
[2017.02.06-20.08.57:872][903]LogMemory: Platform Memory Stats for Windows
[2017.02.06-20.08.57:872][903]LogMemory: Process Physical Memory: 812.48 MB used, 830.81 MB peak
[2017.02.06-20.08.57:872][903]LogMemory: Process Virtual Memory: 1162.68 MB used, 1170.83 MB peak
[2017.02.06-20.08.57:872][903]LogMemory: Physical Memory: 8016.54 MB used,  8248.48 MB free, 16265.02 MB total
[2017.02.06-20.08.57:872][903]LogMemory: Virtual Memory: 1829.95 MB used,  8248.48 MB free, 134217728.00 MB total
[2017.02.06-20.08.57:872][903]LogMemory: 
[2017.02.06-20.08.57:872][903]Allocator Stats for TBB: (not implemented)
[2017.02.06-20.08.57:955][903]LogAIModule: Creating AISystem for world Main
[2017.02.06-20.08.57:956][903]LogLinker:Warning: Can't find file '/Game/PuzzleBP/Blueprints/PuzzleGameMode'
[2017.02.06-20.08.57:956][903]LogUObjectGlobals:Warning: Failed to load '/Game/PuzzleBP/Blueprints/PuzzleGameMode': Can't find file '/Game/PuzzleBP/Blueprints/PuzzleGameMode'
[2017.02.06-20.08.57:956][903]LogLinker:Warning: Can't find file '/Game/PuzzleBP/Blueprints/PuzzleGameMode'
[2017.02.06-20.08.57:956][903]LogUObjectGlobals:Warning: Failed to load '/Game/PuzzleBP/Blueprints/PuzzleGameMode': Can't find file '/Game/PuzzleBP/Blueprints/PuzzleGameMode'
[2017.02.06-20.08.57:956][903]LogUObjectGlobals:Warning: Failed to find object 'Class /Game/PuzzleBP/Blueprints/PuzzleGameMode.PuzzleGameMode_C'
[2017.02.06-20.08.57:956][903]LogLoad: Game class is 'GameModeBase'
[2017.02.06-20.08.57:959][903]LogWorld: Bringing World /Game/GameBlueprints/Maps/Main.Main up for play (max tick rate 0) at 2017.02.06-20.08.57
[2017.02.06-20.08.57:959][903]LogWorld: Bringing up level for play took: 0.000867
[2017.02.06-20.08.57:960][903]LogGameMode: Warning - PATHS NOT DEFINED or NO PLAYERSTART with positive rating
[2017.02.06-20.08.57:965][903]LogLoad: Took 0.171991 seconds to LoadMap(/Game/GameBlueprints/Maps/Main)
[2017.02.06-20.09.08:258][538]LogPackageName: SearchForPackageOnDisk took   0.062s to resolve LevelMap.umap.
[2017.02.06-20.09.08:317][538]LogPackageName: SearchForPackageOnDisk took   0.058s to resolve LevelMap.umap.
[2017.02.06-20.09.08:317][538]LogNet: Browse: /Game/GameBlueprints/Maps/LevelMap
[2017.02.06-20.09.08:317][538]LogLoad: LoadMap: /Game/GameBlueprints/Maps/LevelMap
[2017.02.06-20.09.08:342][538]LogMemory: Platform Memory Stats for Windows
[2017.02.06-20.09.08:342][538]LogMemory: Process Physical Memory: 800.84 MB used, 832.65 MB peak
[2017.02.06-20.09.08:342][538]LogMemory: Process Virtual Memory: 1039.58 MB used, 1178.71 MB peak
[2017.02.06-20.09.08:342][538]LogMemory: Physical Memory: 7979.55 MB used,  8285.47 MB free, 16265.02 MB total
[2017.02.06-20.09.08:342][538]LogMemory: Virtual Memory: 1761.95 MB used,  8285.47 MB free, 134217728.00 MB total
[2017.02.06-20.09.08:342][538]LogMemory: 
[2017.02.06-20.09.08:342][538]Allocator Stats for TBB: (not implemented)
[2017.02.06-20.09.09:396][538]LogAIModule: Creating AISystem for world LevelMap
[2017.02.06-20.09.09:396][538]LogLoad: Game class is 'BLKOGameMode_C'
[2017.02.06-20.09.09:402][538]LogWorld: Bringing World /Game/GameBlueprints/Maps/LevelMap.LevelMap up for play (max tick rate 0) at 2017.02.06-20.09.09
[2017.02.06-20.09.09:402][538]LogGameMode:Warning: No GameStateClass was specified in BLKOGameMode_C_0 (BLKOGameMode_C)
[2017.02.06-20.09.09:402][538]LogWorld: Bringing up level for play took: 0.004706
[2017.02.06-20.09.09:403][538]LogGameMode: Warning - PATHS NOT DEFINED or NO PLAYERSTART with positive rating
[2017.02.06-20.09.09:530][538]LogLoad: Took 1.212132 seconds to LoadMap(/Game/GameBlueprints/Maps/LevelMap)
[2017.02.06-20.10.40:901][166]LogPackageName: SearchForPackageOnDisk took   0.057s to resolve Main.umap.
[2017.02.06-20.10.40:960][166]LogPackageName: SearchForPackageOnDisk took   0.057s to resolve Main.umap.
[2017.02.06-20.10.40:960][166]LogNet: Browse: /Game/GameBlueprints/Maps/Main
[2017.02.06-20.10.40:960][166]LogLoad: LoadMap: /Game/GameBlueprints/Maps/Main
[2017.02.06-20.10.41:018][166]LogMemory: Platform Memory Stats for Windows
[2017.02.06-20.10.41:018][166]LogMemory: Process Physical Memory: 800.71 MB used, 832.65 MB peak
[2017.02.06-20.10.41:018][166]LogMemory: Process Virtual Memory: 1077.95 MB used, 1178.71 MB peak
[2017.02.06-20.10.41:018][166]LogMemory: Physical Memory: 7999.85 MB used,  8265.18 MB free, 16265.02 MB total
[2017.02.06-20.10.41:018][166]LogMemory: Virtual Memory: 1789.13 MB used,  8265.18 MB free, 134217728.00 MB total
[2017.02.06-20.10.41:018][166]LogMemory: 
[2017.02.06-20.10.41:018][166]Allocator Stats for TBB: (not implemented)
[2017.02.06-20.10.41:105][166]LogAIModule: Creating AISystem for world Main
[2017.02.06-20.10.41:106][166]LogLinker:Warning: Can't find file '/Game/PuzzleBP/Blueprints/PuzzleGameMode'
[2017.02.06-20.10.41:106][166]LogUObjectGlobals:Warning: Failed to load '/Game/PuzzleBP/Blueprints/PuzzleGameMode': Can't find file '/Game/PuzzleBP/Blueprints/PuzzleGameMode'
[2017.02.06-20.10.41:106][166]LogLinker:Warning: Can't find file '/Game/PuzzleBP/Blueprints/PuzzleGameMode'
[2017.02.06-20.10.41:106][166]LogUObjectGlobals:Warning: Failed to load '/Game/PuzzleBP/Blueprints/PuzzleGameMode': Can't find file '/Game/PuzzleBP/Blueprints/PuzzleGameMode'
[2017.02.06-20.10.41:106][166]LogUObjectGlobals:Warning: Failed to find object 'Class /Game/PuzzleBP/Blueprints/PuzzleGameMode.PuzzleGameMode_C'
[2017.02.06-20.10.41:106][166]LogLoad: Game class is 'GameModeBase'
[2017.02.06-20.10.41:108][166]LogWorld: Bringing World /Game/GameBlueprints/Maps/Main.Main up for play (max tick rate 0) at 2017.02.06-20.10.41
[2017.02.06-20.10.41:108][166]LogWorld: Bringing up level for play took: 0.000630
[2017.02.06-20.10.41:109][166]LogGameMode: Warning - PATHS NOT DEFINED or NO PLAYERSTART with positive rating
[2017.02.06-20.10.41:113][166]LogLoad: Took 0.153042 seconds to LoadMap(/Game/GameBlueprints/Maps/Main)
[2017.02.06-20.10.43:874][338]Closing by request
[2017.02.06-20.10.43:874][338]LogWindows: FPlatformMisc::RequestExit(0)
[2017.02.06-20.10.43:876][339]LogMoviePlayer: Shutting down movie player
[2017.02.06-20.10.44:804][339]LogWindowsTextInputMethodSystem:Display: IME system now deactivated.
[2017.02.06-20.10.44:813][339]LogExit: Preparing to exit.
[2017.02.06-20.10.45:964][339]LogExit: Game engine shut down
[2017.02.06-20.10.46:036][339]LogObj: Freed 0b from 0 cluster array pools.
[2017.02.06-20.10.46:036][339]LogExit: Object subsystem successfully closed.
[2017.02.06-20.10.46:054][339]LogD3D11RHI: Shutdown
[2017.02.06-20.10.46:054][339]LogD3D11RHI: CleanupD3DDevice
[2017.02.06-20.10.46:135][339]LogD3D11RHI: ~FD3D11DynamicRHI
[2017.02.06-20.10.46:168][339]LogModuleManager: Shutting down and abandoning module SequenceRecorderSections (126)
[2017.02.06-20.10.46:168][339]LogModuleManager: Shutting down and abandoning module SequenceRecorder (125)
[2017.02.06-20.10.46:168][339]LogModuleManager: Shutting down and abandoning module AutomationController (124)
[2017.02.06-20.10.46:169][339]LogModuleManager: Shutting down and abandoning module AutomationWorker (123)
[2017.02.06-20.10.46:169][339]LogModuleManager: Shutting down and abandoning module GameplayDebugger (122)
[2017.02.06-20.10.46:169][339]LogModuleManager: Shutting down and abandoning module AITestSuite (121)
[2017.02.06-20.10.46:169][339]LogModuleManager: Shutting down and abandoning module AIModule (120)
[2017.02.06-20.10.46:169][339]LogModuleManager: Shutting down and abandoning module WmfMediaFactory (119)
[2017.02.06-20.10.46:169][339]LogModuleManager: Shutting down and abandoning module AvfMediaFactory (118)
[2017.02.06-20.10.46:169][339]LogModuleManager: Shutting down and abandoning module Media (117)
[2017.02.06-20.10.46:169][339]LogModuleManager: Shutting down and abandoning module AndroidMediaFactory (116)
[2017.02.06-20.10.46:169][339]LogModuleManager: Shutting down and abandoning module CharacterAI (115)
[2017.02.06-20.10.46:169][339]LogModuleManager: Shutting down and abandoning module SessionServices (114)
[2017.02.06-20.10.46:169][339]LogModuleManager: Shutting down and abandoning module MovieSceneCapture (113)
[2017.02.06-20.10.46:169][339]LogModuleManager: Shutting down and abandoning module GeometryCacheEd (112)
[2017.02.06-20.10.46:169][339]LogModuleManager: Shutting down and abandoning module GeometryCache (111)
[2017.02.06-20.10.46:169][339]LogModuleManager: Shutting down and abandoning module Niagara (110)
[2017.02.06-20.10.46:169][339]LogModuleManager: Shutting down and abandoning module StreamingPauseRendering (109)
[2017.02.06-20.10.46:169][339]LogModuleManager: Shutting down and abandoning module PortalServices (108)
[2017.02.06-20.10.46:169][339]LogModuleManager: Shutting down and abandoning module PortalRpc (107)
[2017.02.06-20.10.46:169][339]LogModuleManager: Shutting down and abandoning module MessagingRpc (106)
[2017.02.06-20.10.46:169][339]LogModuleManager: Shutting down and abandoning module ProfilerService (105)
[2017.02.06-20.10.46:171][339]LogModuleManager: Shutting down and abandoning module TaskGraph (104)
[2017.02.06-20.10.46:171][339]LogModuleManager: Shutting down and abandoning module SlateRemote (103)
[2017.02.06-20.10.46:171][339]LogModuleManager: Shutting down and abandoning module SteamVRController (102)
[2017.02.06-20.10.46:171][339]LogModuleManager: Shutting down and abandoning module SteamVR (101)
[2017.02.06-20.10.46:171][339]LogModuleManager: Shutting down and abandoning module ProceduralMeshComponent (100)
[2017.02.06-20.10.46:171][339]LogModuleManager: Shutting down and abandoning module OculusLibrary (99)
[2017.02.06-20.10.46:171][339]LogModuleManager: Shutting down and abandoning module OculusInput (98)
[2017.02.06-20.10.46:171][339]LogModuleManager: Shutting down and abandoning module MobilePatchingUtils (97)
[2017.02.06-20.10.46:171][339]LogModuleManager: Shutting down and abandoning module CustomMeshComponent (96)
[2017.02.06-20.10.46:171][339]LogModuleManager: Shutting down and abandoning module CableComponent (95)
[2017.02.06-20.10.46:171][339]LogModuleManager: Shutting down and abandoning module ArchVisCharacter (94)
[2017.02.06-20.10.46:171][339]LogModuleManager: Shutting down and abandoning module HTML5Networking (92)
[2017.02.06-20.10.46:171][339]LogModuleManager: Shutting down and abandoning module DesktopPlatform (91)
[2017.02.06-20.10.46:171][339]LogModuleManager: Shutting down and abandoning module DirectoryWatcher (90)
[2017.02.06-20.10.46:171][339]LogDirectoryWatcher: A directory notification for 'D:/Unreal Projects/BLKO/Binaries/Win64' was aborted.
[2017.02.06-20.10.46:171][339]LogModuleManager: Shutting down and abandoning module HotReload (89)
[2017.02.06-20.10.46:172][339]LogModuleManager: Shutting down and abandoning module VisualStudioSourceCodeAccess (88)
[2017.02.06-20.10.46:172][339]LogModuleManager: Shutting down and abandoning module UObjectPlugin (87)
[2017.02.06-20.10.46:172][339]LogModuleManager: Shutting down and abandoning module SubversionSourceControl (86)
[2017.02.06-20.10.46:172][339]LogModuleManager: Shutting down and abandoning module SourceControl (85)
[2017.02.06-20.10.46:172][339]LogModuleManager: Shutting down and abandoning module PerforceSourceControl (84)
[2017.02.06-20.10.46:172][339]LogModuleManager: Shutting down and abandoning module BLKO (83)
[2017.02.06-20.10.46:172][339]LogModuleManager: Shutting down and abandoning module UdpMessaging (82)
[2017.02.06-20.10.46:273][339]LogModuleManager: Shutting down and abandoning module TcpMessaging (81)
[2017.02.06-20.10.46:783][339]LogModuleManager: Shutting down and abandoning module LightPropagationVolumeRuntime (80)
[2017.02.06-20.10.46:783][339]LogModuleManager: Shutting down and abandoning module Paper2D (79)
[2017.02.06-20.10.46:783][339]LogModuleManager: Shutting down and abandoning module WindowsMoviePlayer (78)
[2017.02.06-20.10.46:783][339]LogModuleManager: Shutting down and abandoning module WmfMedia (77)
[2017.02.06-20.10.46:784][339]LogModuleManager: Shutting down and abandoning module MediaAssets (76)
[2017.02.06-20.10.46:784][339]LogModuleManager: Shutting down and abandoning module GameLiveStreaming (75)
[2017.02.06-20.10.46:784][339]LogModuleManager: Shutting down and abandoning module GameplayTagsEditor (74)
[2017.02.06-20.10.46:784][339]LogModuleManager: Shutting down and abandoning module VREditor (73)
[2017.02.06-20.10.46:784][339]LogModuleManager: Shutting down and abandoning module GameplayTasksEditor (72)
[2017.02.06-20.10.46:784][339]LogModuleManager: Shutting down and abandoning module BehaviorTreeEditor (71)
[2017.02.06-20.10.46:784][339]LogModuleManager: Shutting down and abandoning module FunctionalTesting (70)
[2017.02.06-20.10.46:784][339]LogModuleManager: Shutting down and abandoning module CollisionAnalyzer (69)
[2017.02.06-20.10.46:784][339]LogModuleManager: Shutting down and abandoning module Sequencer (68)
[2017.02.06-20.10.46:784][339]LogModuleManager: Shutting down and abandoning module WorkspaceMenuStructure (67)
[2017.02.06-20.10.46:784][339]LogModuleManager: Shutting down and abandoning module MessageLog (66)
[2017.02.06-20.10.46:784][339]LogModuleManager: Shutting down and abandoning module AssetTools (65)
[2017.02.06-20.10.46:784][339]LogModuleManager: Shutting down and abandoning module UMGEditor (64)
[2017.02.06-20.10.46:784][339]LogModuleManager: Shutting down and abandoning module UMG (63)
[2017.02.06-20.10.46:784][339]LogModuleManager: Shutting down and abandoning module SlateReflector (62)
[2017.02.06-20.10.46:784][339]LogModuleManager: Shutting down and abandoning module Slate (61)
[2017.02.06-20.10.46:784][339]LogModuleManager: Shutting down and abandoning module EditorStyle (60)
[2017.02.06-20.10.46:786][339]LogModuleManager: Shutting down and abandoning module Messaging (59)
[2017.02.06-20.10.46:786][339]LogModuleManager: Shutting down and abandoning module SourceCodeAccess (58)
[2017.02.06-20.10.46:786][339]LogModuleManager: Shutting down and abandoning module HeadMountedDisplay (57)
[2017.02.06-20.10.46:786][339]LogModuleManager: Shutting down and abandoning module XAudio2 (56)
[2017.02.06-20.10.46:786][339]LogModuleManager: Shutting down and abandoning module Networking (54)
[2017.02.06-20.10.46:786][339]LogModuleManager: Shutting down and abandoning module Core (53)
[2017.02.06-20.10.46:786][339]LogModuleManager: Shutting down and abandoning module KismetCompiler (52)
[2017.02.06-20.10.46:786][339]LogModuleManager: Shutting down and abandoning module PhysXFormats (51)
[2017.02.06-20.10.46:786][339]LogModuleManager: Shutting down and abandoning module SimplygonSwarm (50)
[2017.02.06-20.10.46:786][339]LogModuleManager: Shutting down and abandoning module SimplygonMeshReduction (49)
[2017.02.06-20.10.46:786][339]LogModuleManager: Shutting down and abandoning module QuadricMeshReduction (48)
[2017.02.06-20.10.46:786][339]LogModuleManager: Shutting down and abandoning module PropertyEditor (47)
[2017.02.06-20.10.46:786][339]LogModuleManager: Shutting down and abandoning module MeshUtilities (46)
[2017.02.06-20.10.46:786][339]LogModuleManager: Shutting down and abandoning module AssetRegistry (45)
[2017.02.06-20.10.46:786][339]LogModuleManager: Shutting down and abandoning module DerivedDataCache (44)
[2017.02.06-20.10.46:809][339]LogDerivedDataCache: Shutdown
[2017.02.06-20.10.46:810][339]LogModuleManager: Shutting down and abandoning module VulkanShaderFormat (43)
[2017.02.06-20.10.46:810][339]LogModuleManager: Shutting down and abandoning module ShaderFormatOpenGL (42)
[2017.02.06-20.10.46:810][339]LogModuleManager: Shutting down and abandoning module ShaderFormatD3D (41)
[2017.02.06-20.10.46:810][339]LogModuleManager: Shutting down and abandoning module MetalShaderFormat (40)
[2017.02.06-20.10.46:810][339]LogModuleManager: Shutting down and abandoning module TextureFormatUncompressed (39)
[2017.02.06-20.10.46:810][339]LogModuleManager: Shutting down and abandoning module TextureFormatPVR (38)
[2017.02.06-20.10.46:810][339]LogModuleManager: Shutting down and abandoning module TextureFormatDXT (37)
[2017.02.06-20.10.46:810][339]LogModuleManager: Shutting down and abandoning module TextureFormatIntelISPCTexComp (36)
[2017.02.06-20.10.46:810][339]LogModuleManager: Shutting down and abandoning module ImageWrapper (35)
[2017.02.06-20.10.46:810][339]LogModuleManager: Shutting down and abandoning module TextureFormatASTC (34)
[2017.02.06-20.10.46:810][339]LogModuleManager: Shutting down and abandoning module TextureFormatAndroid (33)
[2017.02.06-20.10.46:810][339]LogModuleManager: Shutting down and abandoning module AudioFormatOpus (32)
[2017.02.06-20.10.46:810][339]LogModuleManager: Shutting down and abandoning module AudioFormatOgg (31)
[2017.02.06-20.10.46:810][339]LogModuleManager: Shutting down and abandoning module AudioFormatADPCM (30)
[2017.02.06-20.10.46:810][339]LogModuleManager: Shutting down and abandoning module WindowsTargetPlatform (29)
[2017.02.06-20.10.46:810][339]LogModuleManager: Shutting down and abandoning module WindowsServerTargetPlatform (28)
[2017.02.06-20.10.46:810][339]LogModuleManager: Shutting down and abandoning module WindowsNoEditorTargetPlatform (27)
[2017.02.06-20.10.46:810][339]LogModuleManager: Shutting down and abandoning module WindowsClientTargetPlatform (26)
[2017.02.06-20.10.46:810][339]LogModuleManager: Shutting down and abandoning module TargetPlatform (25)
[2017.02.06-20.10.46:810][339]LogModuleManager: Shutting down and abandoning module InputCore (24)
[2017.02.06-20.10.46:810][339]LogModuleManager: Shutting down and abandoning module Settings (23)
[2017.02.06-20.10.46:810][339]LogModuleManager: Shutting down and abandoning module OculusRift (22)
[2017.02.06-20.10.46:810][339]LogModuleManager: Shutting down and abandoning module ExampleDeviceProfileSelector (21)
[2017.02.06-20.10.46:810][339]LogModuleManager: Shutting down and abandoning module OnlineBlueprintSupport (20)
[2017.02.06-20.10.46:810][339]LogModuleManager: Shutting down and abandoning module OnlineSubsystem (18)
[2017.02.06-20.10.46:810][339]LogOnline:Display: Unloading online subsystem: NULL
[2017.02.06-20.10.46:810][339]LogModuleManager: Shutting down and abandoning module SSL (17)
[2017.02.06-20.10.46:812][339]LogModuleManager: Shutting down and abandoning module HTTP (16)
[2017.02.06-20.10.46:812][339]LogModuleManager: Shutting down and abandoning module XMPP (15)
[2017.02.06-20.10.46:812][339]LogModuleManager: Shutting down and abandoning module TextureCompressor (14)
[2017.02.06-20.10.46:812][339]LogModuleManager: Shutting down and abandoning module ShaderCore (13)
[2017.02.06-20.10.46:812][339]LogModuleManager: Shutting down and abandoning module Landscape (12)
[2017.02.06-20.10.46:812][339]LogModuleManager: Shutting down and abandoning module SlateRHIRenderer (11)
[2017.02.06-20.10.46:813][339]LogModuleManager: Shutting down and abandoning module OpenGLDrv (10)
[2017.02.06-20.10.46:813][339]LogModuleManager: Shutting down and abandoning module D3D11RHI (9)
[2017.02.06-20.10.46:813][339]LogModuleManager: Shutting down and abandoning module AnimGraphRuntime (8)
[2017.02.06-20.10.46:813][339]LogModuleManager: Shutting down and abandoning module Renderer (7)
[2017.02.06-20.10.46:813][339]LogModuleManager: Shutting down and abandoning module Engine (6)
[2017.02.06-20.10.46:813][339]LogModuleManager: Shutting down and abandoning module CoreUObject (5)
[2017.02.06-20.10.46:813][339]LogModuleManager: Shutting down and abandoning module NetworkFile (4)
[2017.02.06-20.10.46:813][339]LogModuleManager: Shutting down and abandoning module StreamingFile (3)
[2017.02.06-20.10.46:813][339]LogModuleManager: Shutting down and abandoning module SandboxFile (2)
[2017.02.06-20.10.46:813][339]LogModuleManager: Shutting down and abandoning module PakFile (1)
[2017.02.06-20.10.46:815][339]LogExit: Exiting.
[2017.02.06-20.10.46:817][339]Log file closed, 02/06/17 20:10:46
