Log file open, 02/06/17 20:02:36
LogInit:Display: Running engine for game: BLKO
LogPlatformFile: Not using cached read wrapper
LogInit:Display: RandInit(-1553450375) SRandInit(-1553450374).
LogTaskGraph: Started task graph with 5 named threads and 8 total threads with 1 sets of task threads.
LogStats: Stats thread started at 0.087504
LogPluginManager: Loaded Plugin Paper2D, From D:/Program Files/Epic Games/4.14/Engine/Plugins/2D/Paper2D/Paper2D.uplugin
LogPluginManager: Loaded Plugin LightPropagationVolume, From D:/Program Files/Epic Games/4.14/Engine/Plugins/Blendables/LightPropagationVolume/LightPropagationVolume.uplugin
LogPluginManager: Loaded Plugin BlankPlugin, From D:/Program Files/Epic Games/4.14/Engine/Plugins/Developer/BlankPlugin/BlankPlugin.uplugin
LogPluginManager: Loaded Plugin CodeLiteSourceCodeAccess, From D:/Program Files/Epic Games/4.14/Engine/Plugins/Developer/CodeLiteSourceCodeAccess/CodeLiteSourceCodeAccess.uplugin
LogPluginManager: Loaded Plugin GitSourceControl, From D:/Program Files/Epic Games/4.14/Engine/Plugins/Developer/GitSourceControl/GitSourceControl.uplugin
LogPluginManager: Loaded Plugin KDevelopSourceCodeAccess, From D:/Program Files/Epic Games/4.14/Engine/Plugins/Developer/KDevelopSourceCodeAccess/KDevelopSourceCodeAccess.uplugin
LogPluginManager: Loaded Plugin NullSourceCodeAccess, From D:/Program Files/Epic Games/4.14/Engine/Plugins/Developer/NullSourceCodeAccess/NullSourceCodeAccess.uplugin
LogPluginManager: Loaded Plugin OneSkyLocalizationService, From D:/Program Files/Epic Games/4.14/Engine/Plugins/Developer/OneSkyLocalizationService/OneSkyLocalizationService.uplugin
LogPluginManager: Loaded Plugin PerforceSourceControl, From D:/Program Files/Epic Games/4.14/Engine/Plugins/Developer/PerforceSourceControl/PerforceSourceControl.uplugin
LogPluginManager: Loaded Plugin SubversionSourceControl, From D:/Program Files/Epic Games/4.14/Engine/Plugins/Developer/SubversionSourceControl/SubversionSourceControl.uplugin
LogPluginManager: Loaded Plugin UObjectPlugin, From D:/Program Files/Epic Games/4.14/Engine/Plugins/Developer/UObjectPlugin/UObjectPlugin.uplugin
LogPluginManager: Loaded Plugin VisualStudioSourceCodeAccess, From D:/Program Files/Epic Games/4.14/Engine/Plugins/Developer/VisualStudioSourceCodeAccess/VisualStudioSourceCodeAccess.uplugin
LogPluginManager: Loaded Plugin XCodeSourceCodeAccess, From D:/Program Files/Epic Games/4.14/Engine/Plugins/Developer/XCodeSourceCodeAccess/XCodeSourceCodeAccess.uplugin
LogPluginManager: Loaded Plugin AudioCapture, From D:/Program Files/Epic Games/4.14/Engine/Plugins/Editor/AudioCapture/AudioCapture.uplugin
LogPluginManager: Loaded Plugin EpicSurvey, From D:/Program Files/Epic Games/4.14/Engine/Plugins/Editor/EpicSurvey/EpicSurvey.uplugin
LogPluginManager: Loaded Plugin MacGraphicsSwitching, From D:/Program Files/Epic Games/4.14/Engine/Plugins/Editor/MacGraphicsSwitching/MacGraphicsSwitching.uplugin
LogPluginManager: Loaded Plugin MobileLauncherProfileWizard, From D:/Program Files/Epic Games/4.14/Engine/Plugins/Editor/MobileLauncherProfileWizard/MobileLauncherProfileWizard.uplugin
LogPluginManager: Loaded Plugin PluginBrowser, From D:/Program Files/Epic Games/4.14/Engine/Plugins/Editor/PluginBrowser/PluginBrowser.uplugin
LogPluginManager: Loaded Plugin SpeedTreeImporter, From D:/Program Files/Epic Games/4.14/Engine/Plugins/Editor/SpeedTreeImporter/SpeedTreeImporter.uplugin
LogPluginManager: Loaded Plugin SuperSearchEditor, From D:/Program Files/Epic Games/4.14/Engine/Plugins/Editor/SuperSearchEditor/SuperSearchEditor.uplugin
LogPluginManager: Loaded Plugin AlembicImporter, From D:/Program Files/Epic Games/4.14/Engine/Plugins/Experimental/AlembicImporter/AlembicImporter.uplugin
LogPluginManager: Loaded Plugin BlueprintStats, From D:/Program Files/Epic Games/4.14/Engine/Plugins/Experimental/BlueprintStats/BlueprintStats.uplugin
LogPluginManager: Loaded Plugin CharacterAI, From D:/Program Files/Epic Games/4.14/Engine/Plugins/Experimental/CharacterAI/CharacterAI.uplugin
LogPluginManager: Loaded Plugin CodeEditor, From D:/Program Files/Epic Games/4.14/Engine/Plugins/Experimental/CodeEditor/CodeEditor.uplugin
LogPluginManager: Loaded Plugin CodeView, From D:/Program Files/Epic Games/4.14/Engine/Plugins/Experimental/CodeView/CodeView.uplugin
LogPluginManager: Loaded Plugin HTML5Networking, From D:/Program Files/Epic Games/4.14/Engine/Plugins/Experimental/HTML5Networking/HTML5Networking.uplugin
LogPluginManager: Loaded Plugin OSVR, From D:/Program Files/Epic Games/4.14/Engine/Plugins/Experimental/OSVR/OSVR.uplugin
LogPluginManager: Loaded Plugin Phya, From D:/Program Files/Epic Games/4.14/Engine/Plugins/Experimental/Phya/Phya.uplugin
LogPluginManager: Loaded Plugin SignificanceManager, From D:/Program Files/Epic Games/4.14/Engine/Plugins/Experimental/SignificanceManager/SignificanceManager.uplugin
LogPluginManager: Loaded Plugin SimpleHMD, From D:/Program Files/Epic Games/4.14/Engine/Plugins/Experimental/SimpleHMD/SimpleHMD.uplugin
LogPluginManager: Loaded Plugin StereoPanorama, From D:/Program Files/Epic Games/4.14/Engine/Plugins/Experimental/StereoPanorama/StereoPanorama.uplugin
LogPluginManager: Loaded Plugin StructBox, From D:/Program Files/Epic Games/4.14/Engine/Plugins/Experimental/StructBox/StructBox.uplugin
LogPluginManager: Loaded Plugin AndroidMedia, From D:/Program Files/Epic Games/4.14/Engine/Plugins/Media/AndroidMedia/AndroidMedia.uplugin
LogPluginManager: Loaded Plugin AvfMedia, From D:/Program Files/Epic Games/4.14/Engine/Plugins/Media/AvfMedia/AvfMedia.uplugin
LogPluginManager: Loaded Plugin MediaPlayerEditor, From D:/Program Files/Epic Games/4.14/Engine/Plugins/Media/MediaPlayerEditor/MediaPlayerEditor.uplugin
LogPluginManager: Loaded Plugin WmfMedia, From D:/Program Files/Epic Games/4.14/Engine/Plugins/Media/WmfMedia/WmfMedia.uplugin
LogPluginManager: Loaded Plugin MessagingDebugger, From D:/Program Files/Epic Games/4.14/Engine/Plugins/Messaging/MessagingDebugger/MessagingDebugger.uplugin
LogPluginManager: Loaded Plugin TcpMessaging, From D:/Program Files/Epic Games/4.14/Engine/Plugins/Messaging/TcpMessaging/TcpMessaging.uplugin
LogPluginManager: Loaded Plugin UdpMessaging, From D:/Program Files/Epic Games/4.14/Engine/Plugins/Messaging/UdpMessaging/UdpMessaging.uplugin
LogPluginManager: Loaded Plugin LevelSequenceEditor, From D:/Program Files/Epic Games/4.14/Engine/Plugins/MovieScene/LevelSequenceEditor/LevelSequenceEditor.uplugin
LogPluginManager: Loaded Plugin MatineeToLevelSequence, From D:/Program Files/Epic Games/4.14/Engine/Plugins/MovieScene/MatineeToLevelSequence/MatineeToLevelSequence.uplugin
LogPluginManager: Loaded Plugin NetcodeUnitTest, From D:/Program Files/Epic Games/4.14/Engine/Plugins/NetcodeUnitTest/NetcodeUnitTest/NetcodeUnitTest.uplugin
LogPluginManager: Loaded Plugin NUTUnrealEngine4, From D:/Program Files/Epic Games/4.14/Engine/Plugins/NetcodeUnitTest/NUTUnrealEngine4/NUTUnrealEngine4.uplugin
LogPluginManager: Loaded Plugin OnlineSubsystemGameCircle, From D:/Program Files/Epic Games/4.14/Engine/Plugins/Online/Android/OnlineSubsystemGameCircle/OnlineSubsystemGameCircle.uplugin
LogPluginManager: Loaded Plugin OnlineSubsystemGooglePlay, From D:/Program Files/Epic Games/4.14/Engine/Plugins/Online/Android/OnlineSubsystemGooglePlay/OnlineSubsystemGooglePlay.uplugin
LogPluginManager: Loaded Plugin OnlineSubsystemIOS, From D:/Program Files/Epic Games/4.14/Engine/Plugins/Online/IOS/OnlineSubsystemIOS/OnlineSubsystemIOS.uplugin
LogPluginManager: Loaded Plugin OnlineFramework, From D:/Program Files/Epic Games/4.14/Engine/Plugins/Online/OnlineFramework/OnlineFramework.uplugin
LogPluginManager: Loaded Plugin OnlineSubsystem, From D:/Program Files/Epic Games/4.14/Engine/Plugins/Online/OnlineSubsystem/OnlineSubsystem.uplugin
LogPluginManager: Loaded Plugin OnlineSubsystemAmazon, From D:/Program Files/Epic Games/4.14/Engine/Plugins/Online/OnlineSubsystemAmazon/OnlineSubsystemAmazon.uplugin
LogPluginManager: Loaded Plugin OnlineSubsystemFacebook, From D:/Program Files/Epic Games/4.14/Engine/Plugins/Online/OnlineSubsystemFacebook/OnlineSubsystemFacebook.uplugin
LogPluginManager: Loaded Plugin OnlineSubsystemNull, From D:/Program Files/Epic Games/4.14/Engine/Plugins/Online/OnlineSubsystemNull/OnlineSubsystemNull.uplugin
LogPluginManager: Loaded Plugin OnlineSubsystemOculus, From D:/Program Files/Epic Games/4.14/Engine/Plugins/Online/OnlineSubsystemOculus/OnlineSubsystemOculus.uplugin
LogPluginManager: Loaded Plugin OnlineSubsystemSteam, From D:/Program Files/Epic Games/4.14/Engine/Plugins/Online/OnlineSubsystemSteam/OnlineSubsystemSteam.uplugin
LogPluginManager: Loaded Plugin OnlineSubsystemUtils, From D:/Program Files/Epic Games/4.14/Engine/Plugins/Online/OnlineSubsystemUtils/OnlineSubsystemUtils.uplugin
LogPluginManager: Loaded Plugin IOSTapJoy, From D:/Program Files/Epic Games/4.14/Engine/Plugins/Runtime/Advertising/IOSTapJoy/IOSTapJoy.uplugin
LogPluginManager: Loaded Plugin AnalyticsBlueprintLibrary, From D:/Program Files/Epic Games/4.14/Engine/Plugins/Runtime/Analytics/AnalyticsBlueprintLibrary/AnalyticsBlueprintLibrary.uplugin
LogPluginManager: Loaded Plugin AnalyticsMulticast, From D:/Program Files/Epic Games/4.14/Engine/Plugins/Runtime/Analytics/AnalyticsMulticast/AnalyticsMulticast.uplugin
LogPluginManager: Loaded Plugin Apsalar, From D:/Program Files/Epic Games/4.14/Engine/Plugins/Runtime/Analytics/Apsalar/Apsalar.uplugin
LogPluginManager: Loaded Plugin FileLogging, From D:/Program Files/Epic Games/4.14/Engine/Plugins/Runtime/Analytics/FileLogging/FileLogging.uplugin
LogPluginManager: Loaded Plugin Flurry, From D:/Program Files/Epic Games/4.14/Engine/Plugins/Runtime/Analytics/Flurry/Flurry.uplugin
LogPluginManager: Loaded Plugin AndroidDeviceProfileSelector, From D:/Program Files/Epic Games/4.14/Engine/Plugins/Runtime/AndroidDeviceProfileSelector/AndroidDeviceProfileSelector.uplugin
LogPluginManager: Loaded Plugin AndroidMoviePlayer, From D:/Program Files/Epic Games/4.14/Engine/Plugins/Runtime/AndroidMoviePlayer/AndroidMoviePlayer.uplugin
LogPluginManager: Loaded Plugin AppleMoviePlayer, From D:/Program Files/Epic Games/4.14/Engine/Plugins/Runtime/AppleMoviePlayer/AppleMoviePlayer.uplugin
LogPluginManager: Loaded Plugin ArchVisCharacter, From D:/Program Files/Epic Games/4.14/Engine/Plugins/Runtime/ArchVisCharacter/ArchVisCharacter.uplugin
LogPluginManager: Loaded Plugin CableComponent, From D:/Program Files/Epic Games/4.14/Engine/Plugins/Runtime/CableComponent/CableComponent.uplugin
LogPluginManager: Loaded Plugin CustomMeshComponent, From D:/Program Files/Epic Games/4.14/Engine/Plugins/Runtime/CustomMeshComponent/CustomMeshComponent.uplugin
LogPluginManager: Loaded Plugin ExampleDeviceProfileSelector, From D:/Program Files/Epic Games/4.14/Engine/Plugins/Runtime/ExampleDeviceProfileSelector/ExampleDeviceProfileSelector.uplugin
LogPluginManager: Loaded Plugin GearVR, From D:/Program Files/Epic Games/4.14/Engine/Plugins/Runtime/GearVR/GearVR.uplugin
LogPluginManager: Loaded Plugin GoogleVRController, From D:/Program Files/Epic Games/4.14/Engine/Plugins/Runtime/GoogleVR/GoogleVRController/GoogleVRController.uplugin
LogPluginManager: Loaded Plugin GoogleVRHMD, From D:/Program Files/Epic Games/4.14/Engine/Plugins/Runtime/GoogleVR/GoogleVRHMD/GoogleVRHMD.uplugin
LogPluginManager: Loaded Plugin IOSDeviceProfileSelector, From D:/Program Files/Epic Games/4.14/Engine/Plugins/Runtime/IOSDeviceProfileSelector/IOSDeviceProfileSelector.uplugin
LogPluginManager: Loaded Plugin LeapMotion, From D:/Program Files/Epic Games/4.14/Engine/Plugins/Runtime/LeapMotion/LeapMotion.uplugin
LogPluginManager: Loaded Plugin LinuxDeviceProfileSelector, From D:/Program Files/Epic Games/4.14/Engine/Plugins/Runtime/LinuxDeviceProfileSelector/LinuxDeviceProfileSelector.uplugin
LogPluginManager: Loaded Plugin MIDIDevice, From D:/Program Files/Epic Games/4.14/Engine/Plugins/Runtime/MIDIDevice/MIDIDevice.uplugin
LogPluginManager: Loaded Plugin MobilePatchingUtils, From D:/Program Files/Epic Games/4.14/Engine/Plugins/Runtime/MobilePatchingUtils/MobilePatchingUtils.uplugin
LogPluginManager: Loaded Plugin Ansel, From D:/Program Files/Epic Games/4.14/Engine/Plugins/Runtime/Nvidia/Ansel/Ansel.uplugin
LogPluginManager: Loaded Plugin OculusAudio, From D:/Program Files/Epic Games/4.14/Engine/Plugins/Runtime/OculusAudio/OculusAudio.uplugin
LogPluginManager: Loaded Plugin OculusInput, From D:/Program Files/Epic Games/4.14/Engine/Plugins/Runtime/OculusInput/OculusInput.uplugin
LogPluginManager: Loaded Plugin OculusLibrary, From D:/Program Files/Epic Games/4.14/Engine/Plugins/Runtime/OculusLibrary/OculusLibrary.uplugin
LogPluginManager: Loaded Plugin OculusRift, From D:/Program Files/Epic Games/4.14/Engine/Plugins/Runtime/OculusRift/OculusRift.uplugin
LogPluginManager: Loaded Plugin Oodle, From D:/Program Files/Epic Games/4.14/Engine/Plugins/Runtime/PacketHandlers/CompressionComponents/Oodle/Oodle.uplugin
LogPluginManager: Loaded Plugin ProceduralMeshComponent, From D:/Program Files/Epic Games/4.14/Engine/Plugins/Runtime/ProceduralMeshComponent/ProceduralMeshComponent.uplugin
LogPluginManager: Loaded Plugin SoundMod, From D:/Program Files/Epic Games/4.14/Engine/Plugins/Runtime/SoundMod/SoundMod.uplugin
LogPluginManager: Loaded Plugin SoundVisualizations, From D:/Program Files/Epic Games/4.14/Engine/Plugins/Runtime/SoundVisualizations/SoundVisualizations.uplugin
LogPluginManager: Loaded Plugin SteamController, From D:/Program Files/Epic Games/4.14/Engine/Plugins/Runtime/Steam/SteamController/SteamController.uplugin
LogPluginManager: Loaded Plugin SteamVR, From D:/Program Files/Epic Games/4.14/Engine/Plugins/Runtime/Steam/SteamVR/SteamVR.uplugin
LogPluginManager: Loaded Plugin WebBrowserWidget, From D:/Program Files/Epic Games/4.14/Engine/Plugins/Runtime/WebBrowserWidget/WebBrowserWidget.uplugin
LogPluginManager: Loaded Plugin WindowsDeviceProfileSelector, From D:/Program Files/Epic Games/4.14/Engine/Plugins/Runtime/WindowsDeviceProfileSelector/WindowsDeviceProfileSelector.uplugin
LogPluginManager: Loaded Plugin WindowsMoviePlayer, From D:/Program Files/Epic Games/4.14/Engine/Plugins/Runtime/WindowsMoviePlayer/WindowsMoviePlayer.uplugin
LogPluginManager: Loaded Plugin ScriptPlugin, From D:/Program Files/Epic Games/4.14/Engine/Plugins/ScriptPlugin/ScriptPlugin.uplugin
LogPluginManager: Loaded Plugin SlateRemote, From D:/Program Files/Epic Games/4.14/Engine/Plugins/Slate/SlateRemote/SlateRemote.uplugin
LogPluginManager: Loaded Plugin EditorTests, From D:/Program Files/Epic Games/4.14/Engine/Plugins/Tests/EditorTests/EditorTests.uplugin
LogPluginManager: Loaded Plugin FbxAutomationTestBuilder, From D:/Program Files/Epic Games/4.14/Engine/Plugins/Tests/FbxAutomationTestBuilder/FbxAutomationTestBuilder.uplugin
LogPluginManager: Loaded Plugin FunctionalTestingEditor, From D:/Program Files/Epic Games/4.14/Engine/Plugins/Tests/FunctionalTestingEditor/FunctionalTestingEditor.uplugin
LogPluginManager: Loaded Plugin RuntimeTests, From D:/Program Files/Epic Games/4.14/Engine/Plugins/Tests/RuntimeTests/RuntimeTests.uplugin
LogPluginManager: Loaded Plugin ScreenshotTools, From D:/Program Files/Epic Games/4.14/Engine/Plugins/Tests/ScreenshotTools/ScreenshotTools.uplugin
LogInit: Using libcurl 7.47.1
LogInit:  - built for x86_64-pc-win32
LogInit:  - supports SSL with OpenSSL/1.0.2g
LogInit:  - supports HTTP deflate (compression) using libz 1.2.8
LogInit:  - other features:
LogInit:      CURL_VERSION_SSL
LogInit:      CURL_VERSION_LIBZ
LogInit:      CURL_VERSION_IPV6
LogInit:      CURL_VERSION_ASYNCHDNS
LogInit:      CURL_VERSION_LARGEFILE
LogInit:      CURL_VERSION_IDN
LogInit:  CurlRequestOptions (configurable via config and command line):
LogInit:  - bVerifyPeer = false  - Libcurl will NOT verify peer certificate
LogInit:  - bUseHttpProxy = false  - Libcurl will NOT use HTTP proxy
LogInit:  - bDontReuseConnections = false  - Libcurl will reuse connections
LogInit:  - CertBundlePath = nullptr  - Libcurl will use whatever was configured at build time.
LogInit: Build: ++UE4+Release-4.14-CL-3249277
LogInit: Engine Version: 4.14.3-3249277+++UE4+Release-4.14
LogInit: Compatible Engine Version: 4.14.0-3195953+++UE4+Release-4.14
LogInit: Net CL: 3195953
LogDevObjectVersion: Number of dev versions registered: 13
LogDevObjectVersion:   Dev-Blueprints (B0D832E4-1F89-4F0D-ACCF-7EB736FD4AA2): 7
LogDevObjectVersion:   Dev-Build (E1C64328-A22C-4D53-A36C-8E866417BD8C): 0
LogDevObjectVersion:   Dev-Core (375EC13C-06E4-48FB-B500-84F0262A717E): 1
LogDevObjectVersion:   Dev-Editor (E4B068ED-F494-42E9-A231-DA0B2E46BB41): 8
LogDevObjectVersion:   Dev-Framework (CFFC743F-43B0-4480-9391-14DF171D2073): 17
LogDevObjectVersion:   Dev-Mobile (B02B49B5-BB20-44E9-A304-32B752E40360): 0
LogDevObjectVersion:   Dev-Networking (A4E4105C-59A1-49B5-A7C5-40C4547EDFEE): 0
LogDevObjectVersion:   Dev-Online (39C831C9-5AE6-47DC-9A44-9C173E1C8E7C): 0
LogDevObjectVersion:   Dev-Physics (78F01B33-EBEA-4F98-B9B4-84EACCB95AA2): 0
LogDevObjectVersion:   Dev-Platform (6631380F-2D4D-43E0-8009-CF276956A95A): 0
LogDevObjectVersion:   Dev-Rendering (12F88B9F-8875-4AFC-A67C-D90C383ABD29): 12
LogDevObjectVersion:   Dev-Sequencer (7B5AE74C-D270-4C10-A958-57980B212A5A): 1
LogDevObjectVersion:   Dev-VR (D7296918-1DD6-4BDD-9DE2-64A83CC13884): 0
LogInit: Compiled (64-bit): Jan  6 2017 10:49:43
LogInit: Compiled with Visual C++: 19.00.23026.00
LogInit: Build Configuration: Development
LogInit: Branch Name: ++UE4+Release-4.14
LogInit: Command line:  /Temp/Autosaves/Game/GameBlueprints/Maps/UEDPCMain -game -PIEVIACONSOLE -ResX=1280 -ResY=720  -Multiprocess -messaging -SessionName="Play in Standalone Game" -windowed 
LogInit: Base directory: D:/Program Files/Epic Games/4.14/Engine/Binaries/Win64/
LogInit: Installed Engine Build: 1
LogInit: Presizing for max 8388607 objects, including 0 objects not considered by GC, pre-allocating 0 bytes for permanent pool.
LogInit: Object subsystem initialized
[2017.02.06-20.02.37:275][  0]LogInit: Selected Device Profile: [Windows]
[2017.02.06-20.02.37:275][  0]LogInit: Applying CVar settings loaded from the selected device profile: [Windows]
[2017.02.06-20.02.37:279][  0]LogInit: Computer: BADIM-ALIEN
[2017.02.06-20.02.37:279][  0]LogInit: User: Carlos
[2017.02.06-20.02.37:279][  0]LogInit: CPU Page size=65536, Cores=4
[2017.02.06-20.02.37:279][  0]LogInit: High frequency timer resolution =2.338332 MHz
[2017.02.06-20.02.37:279][  0]LogMemory: Memory total: Physical=15.9GB (16GB approx)
[2017.02.06-20.02.37:279][  0]LogMemory: Platform Memory Stats for Windows
[2017.02.06-20.02.37:279][  0]LogMemory: Process Physical Memory: 263.95 MB used, 263.95 MB peak
[2017.02.06-20.02.37:279][  0]LogMemory: Process Virtual Memory: 263.05 MB used, 263.05 MB peak
[2017.02.06-20.02.37:279][  0]LogMemory: Physical Memory: 7444.82 MB used,  8820.20 MB free, 16265.02 MB total
[2017.02.06-20.02.37:279][  0]LogMemory: Virtual Memory: 676.41 MB used,  8820.20 MB free, 134217728.00 MB total
[2017.02.06-20.02.37:312][  0]LogTextLocalizationManager: No specific translations for ('en-GB') exist, so ('en') translations will be used.
[2017.02.06-20.02.37:803][  0]LogD3D11RHI: D3D11 adapters:
[2017.02.06-20.02.37:846][  0]LogD3D11RHI:    0. 'NVIDIA GeForce GTX 765M' (Feature Level 11_0)
[2017.02.06-20.02.37:846][  0]LogD3D11RHI:       2018/0/8132 MB DedicatedVideo/DedicatedSystem/SharedSystem, Outputs:2, VendorId:0x10de
[2017.02.06-20.02.37:856][  0]LogD3D11RHI:    1. 'Intel(R) HD Graphics 4600' (Feature Level 11_0)
[2017.02.06-20.02.37:856][  0]LogD3D11RHI:       112/0/2048 MB DedicatedVideo/DedicatedSystem/SharedSystem, Outputs:0, VendorId:0x8086
[2017.02.06-20.02.37:857][  0]LogD3D11RHI:    2. 'Microsoft Basic Render Driver' (Feature Level 11_0)
[2017.02.06-20.02.37:857][  0]LogD3D11RHI:       0/0/8132 MB DedicatedVideo/DedicatedSystem/SharedSystem, Outputs:0, VendorId:0x1414
[2017.02.06-20.02.37:857][  0]LogD3D11RHI: Chosen D3D11 Adapter: 0
[2017.02.06-20.02.37:880][  0]LogD3D11RHI: Creating new Direct3DDevice
[2017.02.06-20.02.37:880][  0]LogD3D11RHI:     GPU DeviceId: 0x11e1 (for the marketing name, search the web for "GPU Device Id")
[2017.02.06-20.02.37:880][  0]LogWindows: EnumDisplayDevices:
[2017.02.06-20.02.37:881][  0]LogWindows:    0. 'Intel(R) HD Graphics 4600' (P:1 D:1)
[2017.02.06-20.02.37:881][  0]LogWindows:    1. 'Intel(R) HD Graphics 4600' (P:0 D:0)
[2017.02.06-20.02.37:881][  0]LogWindows:    2. 'Intel(R) HD Graphics 4600' (P:0 D:0)
[2017.02.06-20.02.37:881][  0]LogWindows:    3. 'NVIDIA GeForce GTX 765M' (P:0 D:1)
[2017.02.06-20.02.37:881][  0]LogWindows:    4. 'NVIDIA GeForce GTX 765M' (P:0 D:0)
[2017.02.06-20.02.37:882][  0]LogWindows:    5. 'NVIDIA GeForce GTX 765M' (P:0 D:0)
[2017.02.06-20.02.37:882][  0]LogWindows:    6. 'NVIDIA GeForce GTX 765M' (P:0 D:0)
[2017.02.06-20.02.37:882][  0]LogWindows: DebugString: PrimaryIsNotTheChoosenAdapter PrimaryIsNotTheChoosenAdapter PrimaryIsNotTheChoosenAdapter FoundDriverCount:4 
[2017.02.06-20.02.37:882][  0]LogD3D11RHI:     Adapter Name: NVIDIA GeForce GTX 765M
[2017.02.06-20.02.37:882][  0]LogD3D11RHI:   Driver Version: 378.49 (internal:21.21.13.7849, unified:378.49)
[2017.02.06-20.02.37:882][  0]LogD3D11RHI:      Driver Date: 1-20-2017
[2017.02.06-20.02.37:882][  0]LogRHI: Texture pool is 1361 MB (70% of 1945 MB)
[2017.02.06-20.02.37:904][  0]LogD3D11RHI:Warning: Timestamp queries are currently disabled on this hardware due to instability. Realtime GPU stats will not be available. You can override this behaviour by setting r.NVIDIATimestampWorkaround to 0
[2017.02.06-20.02.37:904][  0]LogD3D11RHI: Async texture creation enabled
[2017.02.06-20.02.37:916][  0]LogD3D11RHI: GPU Timing Frequency: 1000.000000 (Debug: 2 1)
[2017.02.06-20.02.37:917][  0]LogShaderCompilers: Guid format shader working directory is 8 characters bigger than the processId version (../../../../../../Unreal Projects/BLKO/Intermediate/Shaders/WorkingDirectory/98276/).
[2017.02.06-20.02.37:918][  0]LogShaderCompilers: Cleaned the shader compiler working directory 'C:/Users/Carlos/AppData/Local/Temp/UnrealShaderWorkingDir/DC6CA89943DB5C2297C3C3B76343D6AF/'.
[2017.02.06-20.02.37:918][  0]LogShaderCompilers:Display: Using Local Shader Compiler.
[2017.02.06-20.02.39:279][  0]LogTemp:Display: Loaded TP WindowsClientTargetPlatform
[2017.02.06-20.02.39:335][  0]LogTemp:Display: Loaded TP WindowsNoEditorTargetPlatform
[2017.02.06-20.02.39:390][  0]LogTemp:Display: Loaded TP WindowsServerTargetPlatform
[2017.02.06-20.02.39:434][  0]LogTemp:Display: Loaded TP WindowsTargetPlatform
[2017.02.06-20.02.39:434][  0]LogTargetPlatformManager:Display: Building Assets For Windows
[2017.02.06-20.02.39:776][  0]LogDerivedDataCache:Display: Max Cache Size: 512 MB
[2017.02.06-20.02.39:861][  0]LogDerivedDataCache: Loaded boot cache 0.08s 50MB C:/Users/Carlos/AppData/Local/UnrealEngine/4.14/DerivedDataCache/Boot.ddc.
[2017.02.06-20.02.39:861][  0]LogDerivedDataCache:Display: Loaded Boot cache: C:/Users/Carlos/AppData/Local/UnrealEngine/4.14/DerivedDataCache/Boot.ddc
[2017.02.06-20.02.39:861][  0]LogDerivedDataCache: FDerivedDataBackendGraph:  Pak pak cache file ../../../../../../Unreal Projects/BLKO/DerivedDataCache/DDC.ddp not found, will not use a pak cache.
[2017.02.06-20.02.39:861][  0]LogDerivedDataCache: Unable to find inner node Pak for hierarchical cache Hierarchy.
[2017.02.06-20.02.39:861][  0]LogDerivedDataCache: FDerivedDataBackendGraph:  CompressedPak pak cache file ../../../../../../Unreal Projects/BLKO/DerivedDataCache/Compressed.ddp not found, will not use a pak cache.
[2017.02.06-20.02.39:861][  0]LogDerivedDataCache: Unable to find inner node CompressedPak for hierarchical cache Hierarchy.
[2017.02.06-20.02.39:879][  0]LogDerivedDataCache:Display: Pak cache opened for reading ../../../Engine/DerivedDataCache/Compressed.ddp.
[2017.02.06-20.02.39:892][  0]LogDerivedDataCache: Using Local data cache path C:/Users/Carlos/AppData/Local/UnrealEngine/Common/DerivedDataCache: Writable
[2017.02.06-20.02.40:130][  0]LogAssetRegistry: FAssetRegistry took 0.0001 seconds to start up
[2017.02.06-20.02.40:140][  0]LogPackageLocalizationCache: Processed 3 localized package path(s) for 2 prioritized culture(s) in 0.009356 seconds
[2017.02.06-20.02.40:164][  0]LogInit: Selected Device Profile: [Windows]
[2017.02.06-20.02.40:166][  0]LogContentStreaming: Texture pool size is 1000.00 MB
[2017.02.06-20.02.40:394][  0]LogMeshUtilities: Using QuadricMeshReduction for automatic static mesh reduction
[2017.02.06-20.02.40:433][  0]LogSimplygon: Simplygon DLL not present - disabling.
[2017.02.06-20.02.40:478][  0]LogMeshUtilities: Using SimplygonSwarm for distributed automatic mesh merging
[2017.02.06-20.02.40:478][  0]LogMeshUtilities: No automatic skeletal mesh reduction module available
[2017.02.06-20.02.40:478][  0]LogMeshUtilities: No automatic mesh merging module available
[2017.02.06-20.02.41:076][  0]LogNetVersion: GetLocalNetworkVersion: CL: 3195953, ProjectName: blko, ProjectVersion: , EngineNetworkVersion: 2, GameNetworkVersion: 0, NetworkChecksum: 172567305
[2017.02.06-20.02.41:142][  0]LogInit: WinSock: version 1.1 (2.2), MaxSocks=32767, MaxUdp=65467
[2017.02.06-20.02.41:799][  0]LogSlate: Using Freetype 2.6.0
[2017.02.06-20.02.41:800][  0]LogSlate: SlateFontCache - WITH_FREETYPE: 1, WITH_HARFBUZZ: 1
[2017.02.06-20.02.41:800][  0]LogSlate: SlateFontCache - WITH_FREETYPE: 1, WITH_HARFBUZZ: 1
[2017.02.06-20.02.41:925][  0]LogMoviePlayer: Initializing movie player
[2017.02.06-20.02.42:016][  0]LogWindowsMoviePlayer: Unable to load movie: ../../../../../../Unreal Projects/BLKO/Content/Movies/Default_Startup.mp4
[2017.02.06-20.02.42:179][  0]LogTcpMessaging: Initializing TcpMessaging bridge
[2017.02.06-20.02.42:213][  0]LogUdpMessaging: Initializing bridge on interface 0.0.0.0:0 to multicast group 230.0.0.1:6666.
[2017.02.06-20.02.42:392][  0]SourceControl: Info Source control is disabled
[2017.02.06-20.02.42:392][  0]SourceControl: Info Source control is disabled
[2017.02.06-20.02.42:436][  0]SourceControl: Info Source control is disabled
[2017.02.06-20.02.43:082][  0]LogUObjectArray: 33574 objects as part of root set at end of initial load.
[2017.02.06-20.02.43:082][  0]LogUObjectAllocator: 7445928 out of 0 bytes used by permanent object pool.
[2017.02.06-20.02.43:082][  0]LogUObjectArray: CloseDisregardForGC: 0/0 objects in disregard for GC pool
[2017.02.06-20.02.43:189][  0]LogEngine: Initializing Engine...
[2017.02.06-20.02.43:190][  0]LogHMD: Failed to initialize OpenVR with code 110
[2017.02.06-20.02.43:346][  0]LogInit: XAudio2 using 'Speakers / Headphones (Realtek High Definition Audio)' : 2 channels at 48 kHz using 32 bits per sample (channel mask 0x3)
[2017.02.06-20.02.43:364][  0]LogInit: FAudioDevice initialized.
[2017.02.06-20.02.43:388][  0]LogInit: Texture streaming: Enabled
[2017.02.06-20.02.43:408][  0]LogMaterial: Uniform references updated for custom material expression Custom.
[2017.02.06-20.02.43:760][  0]LogInit:Display: Game Engine Initialized.
[2017.02.06-20.02.43:897][  0]LogInit:Display: Starting Game.
[2017.02.06-20.02.43:897][  0]LogNet: Browse: /Temp/Autosaves/Game/GameBlueprints/Maps/UEDPCMain?Name=Player
[2017.02.06-20.02.43:897][  0]LogLoad: LoadMap: /Temp/Autosaves/Game/GameBlueprints/Maps/UEDPCMain?Name=Player
[2017.02.06-20.02.43:919][  0]LogMemory: Platform Memory Stats for Windows
[2017.02.06-20.02.43:919][  0]LogMemory: Process Physical Memory: 660.96 MB used, 685.13 MB peak
[2017.02.06-20.02.43:919][  0]LogMemory: Process Virtual Memory: 722.91 MB used, 723.15 MB peak
[2017.02.06-20.02.43:919][  0]LogMemory: Physical Memory: 7802.97 MB used,  8462.05 MB free, 16265.02 MB total
[2017.02.06-20.02.43:919][  0]LogMemory: Virtual Memory: 1355.81 MB used,  8462.05 MB free, 134217728.00 MB total
[2017.02.06-20.02.43:919][  0]LogMemory: 
[2017.02.06-20.02.43:919][  0]Allocator Stats for TBB: (not implemented)
[2017.02.06-20.02.44:114][  0]LogAIModule: Creating AISystem for world Main
[2017.02.06-20.02.44:115][  0]LogLinker:Warning: Can't find file '/Game/PuzzleBP/Blueprints/PuzzleGameMode'
[2017.02.06-20.02.44:115][  0]LogUObjectGlobals:Warning: Failed to load '/Game/PuzzleBP/Blueprints/PuzzleGameMode': Can't find file '/Game/PuzzleBP/Blueprints/PuzzleGameMode'
[2017.02.06-20.02.44:115][  0]LogLinker:Warning: Can't find file '/Game/PuzzleBP/Blueprints/PuzzleGameMode'
[2017.02.06-20.02.44:115][  0]LogUObjectGlobals:Warning: Failed to load '/Game/PuzzleBP/Blueprints/PuzzleGameMode': Can't find file '/Game/PuzzleBP/Blueprints/PuzzleGameMode'
[2017.02.06-20.02.44:115][  0]LogUObjectGlobals:Warning: Failed to find object 'Class /Game/PuzzleBP/Blueprints/PuzzleGameMode.PuzzleGameMode_C'
[2017.02.06-20.02.44:115][  0]LogLoad: Game class is 'GameModeBase'
[2017.02.06-20.02.44:118][  0]LogWorld: Bringing World /Temp/Autosaves/Game/GameBlueprints/Maps/UEDPCMain.Main up for play (max tick rate 0) at 2017.02.06-20.02.44
[2017.02.06-20.02.44:118][  0]LogWorld: Bringing up level for play took: 0.000724
[2017.02.06-20.02.44:124][  0]LogLoad: Took 0.227497 seconds to LoadMap(/Temp/Autosaves/Game/GameBlueprints/Maps/UEDPCMain)
[2017.02.06-20.02.44:458][  0]LogLoad: (Engine Initialization) Total time: 8.63 seconds
[2017.02.06-20.02.44:458][  0]LogLoad: (Engine Initialization) Total Blueprint compile time: 0.07 seconds
[2017.02.06-20.02.44:458][  0]LogExternalProfiler: Found external profiler: VSPerf
[2017.02.06-20.02.44:458][  0]LogExternalProfiler: Using external profiler: VSPerf
[2017.02.06-20.02.44:475][  0]LogWindowsTextInputMethodSystem:Display: IME system now deactivated.
[2017.02.06-20.02.44:475][  0]LogOcInput: OculusInput pre-init called
[2017.02.06-20.02.44:578][  2]LogRenderer: Reallocating scene render targets to support 1280x720 NumSamples 1 (Frame:2).
[2017.02.06-20.02.47:545][177]LogPackageName: SearchForPackageOnDisk took   0.059s to resolve LevelMap.umap.
[2017.02.06-20.02.47:606][177]LogPackageName: SearchForPackageOnDisk took   0.059s to resolve LevelMap.umap.
[2017.02.06-20.02.47:606][177]LogNet: Browse: /Game/GameBlueprints/Maps/LevelMap
[2017.02.06-20.02.47:606][177]LogLoad: LoadMap: /Game/GameBlueprints/Maps/LevelMap
[2017.02.06-20.02.47:632][177]LogMemory: Platform Memory Stats for Windows
[2017.02.06-20.02.47:632][177]LogMemory: Process Physical Memory: 713.52 MB used, 713.52 MB peak
[2017.02.06-20.02.47:632][177]LogMemory: Process Virtual Memory: 853.99 MB used, 857.82 MB peak
[2017.02.06-20.02.47:632][177]LogMemory: Physical Memory: 7842.15 MB used,  8422.87 MB free, 16265.02 MB total
[2017.02.06-20.02.47:632][177]LogMemory: Virtual Memory: 1499.82 MB used,  8422.87 MB free, 134217728.00 MB total
[2017.02.06-20.02.47:632][177]LogMemory: 
[2017.02.06-20.02.47:632][177]Allocator Stats for TBB: (not implemented)
[2017.02.06-20.02.48:688][177]LogAIModule: Creating AISystem for world LevelMap
[2017.02.06-20.02.48:688][177]LogLoad: Game class is 'BLKOGameMode_C'
[2017.02.06-20.02.48:694][177]LogWorld: Bringing World /Game/GameBlueprints/Maps/LevelMap.LevelMap up for play (max tick rate 0) at 2017.02.06-20.02.48
[2017.02.06-20.02.48:694][177]LogGameMode:Warning: No GameStateClass was specified in BLKOGameMode_C_0 (BLKOGameMode_C)
[2017.02.06-20.02.48:694][177]LogWorld: Bringing up level for play took: 0.004609
[2017.02.06-20.02.48:695][177]LogGameMode: Warning - PATHS NOT DEFINED or NO PLAYERSTART with positive rating
[2017.02.06-20.02.48:818][177]LogLoad: Took 1.211588 seconds to LoadMap(/Game/GameBlueprints/Maps/LevelMap)
[2017.02.06-20.03.47:499][811]LogNet: Browse: /Game/GameBlueprints/Maps/LevelMap
[2017.02.06-20.03.47:499][811]LogLoad: LoadMap: /Game/GameBlueprints/Maps/LevelMap
[2017.02.06-20.03.47:583][811]LogMemory: Platform Memory Stats for Windows
[2017.02.06-20.03.47:583][811]LogMemory: Process Physical Memory: 780.93 MB used, 808.75 MB peak
[2017.02.06-20.03.47:583][811]LogMemory: Process Virtual Memory: 1040.20 MB used, 1074.63 MB peak
[2017.02.06-20.03.47:583][811]LogMemory: Physical Memory: 7917.61 MB used,  8347.42 MB free, 16265.02 MB total
[2017.02.06-20.03.47:583][811]LogMemory: Virtual Memory: 1701.69 MB used,  8347.42 MB free, 134217728.00 MB total
[2017.02.06-20.03.47:583][811]LogMemory: 
[2017.02.06-20.03.47:583][811]Allocator Stats for TBB: (not implemented)
[2017.02.06-20.03.48:615][811]LogAIModule: Creating AISystem for world LevelMap
[2017.02.06-20.03.48:615][811]LogLoad: Game class is 'BLKOGameMode_C'
[2017.02.06-20.03.48:621][811]LogWorld: Bringing World /Game/GameBlueprints/Maps/LevelMap.LevelMap up for play (max tick rate 0) at 2017.02.06-20.03.48
[2017.02.06-20.03.48:621][811]LogGameMode:Warning: No GameStateClass was specified in BLKOGameMode_C_0 (BLKOGameMode_C)
[2017.02.06-20.03.48:622][811]LogWorld: Bringing up level for play took: 0.004161
[2017.02.06-20.03.48:622][811]LogGameMode: Warning - PATHS NOT DEFINED or NO PLAYERSTART with positive rating
[2017.02.06-20.03.48:741][811]LogLoad: Took 1.242198 seconds to LoadMap(/Game/GameBlueprints/Maps/LevelMap)
[2017.02.06-20.03.50:397][907]LogPackageName: SearchForPackageOnDisk took   0.061s to resolve Main.umap.
[2017.02.06-20.03.50:457][907]LogPackageName: SearchForPackageOnDisk took   0.059s to resolve Main.umap.
[2017.02.06-20.03.50:457][907]LogNet: Browse: /Game/GameBlueprints/Maps/Main
[2017.02.06-20.03.50:457][907]LogLoad: LoadMap: /Game/GameBlueprints/Maps/Main
[2017.02.06-20.03.50:538][907]LogMemory: Platform Memory Stats for Windows
[2017.02.06-20.03.50:538][907]LogMemory: Process Physical Memory: 808.15 MB used, 815.99 MB peak
[2017.02.06-20.03.50:538][907]LogMemory: Process Virtual Memory: 1149.14 MB used, 1157.28 MB peak
[2017.02.06-20.03.50:538][907]LogMemory: Physical Memory: 7950.39 MB used,  8314.64 MB free, 16265.02 MB total
[2017.02.06-20.03.50:538][907]LogMemory: Virtual Memory: 1817.69 MB used,  8314.64 MB free, 134217728.00 MB total
[2017.02.06-20.03.50:538][907]LogMemory: 
[2017.02.06-20.03.50:538][907]Allocator Stats for TBB: (not implemented)
[2017.02.06-20.03.50:620][907]LogAIModule: Creating AISystem for world Main
[2017.02.06-20.03.50:621][907]LogLinker:Warning: Can't find file '/Game/PuzzleBP/Blueprints/PuzzleGameMode'
[2017.02.06-20.03.50:621][907]LogUObjectGlobals:Warning: Failed to load '/Game/PuzzleBP/Blueprints/PuzzleGameMode': Can't find file '/Game/PuzzleBP/Blueprints/PuzzleGameMode'
[2017.02.06-20.03.50:621][907]LogLinker:Warning: Can't find file '/Game/PuzzleBP/Blueprints/PuzzleGameMode'
[2017.02.06-20.03.50:621][907]LogUObjectGlobals:Warning: Failed to load '/Game/PuzzleBP/Blueprints/PuzzleGameMode': Can't find file '/Game/PuzzleBP/Blueprints/PuzzleGameMode'
[2017.02.06-20.03.50:621][907]LogUObjectGlobals:Warning: Failed to find object 'Class /Game/PuzzleBP/Blueprints/PuzzleGameMode.PuzzleGameMode_C'
[2017.02.06-20.03.50:621][907]LogLoad: Game class is 'GameModeBase'
[2017.02.06-20.03.50:623][907]LogWorld: Bringing World /Game/GameBlueprints/Maps/Main.Main up for play (max tick rate 0) at 2017.02.06-20.03.50
[2017.02.06-20.03.50:624][907]LogWorld: Bringing up level for play took: 0.000860
[2017.02.06-20.03.50:624][907]LogGameMode: Warning - PATHS NOT DEFINED or NO PLAYERSTART with positive rating
[2017.02.06-20.03.50:629][907]LogLoad: Took 0.171762 seconds to LoadMap(/Game/GameBlueprints/Maps/Main)
[2017.02.06-20.03.53:559][ 85]LogPackageName: SearchForPackageOnDisk took   0.060s to resolve LevelMap.umap.
[2017.02.06-20.03.53:620][ 85]LogPackageName: SearchForPackageOnDisk took   0.059s to resolve LevelMap.umap.
[2017.02.06-20.03.53:620][ 85]LogNet: Browse: /Game/GameBlueprints/Maps/LevelMap
[2017.02.06-20.03.53:620][ 85]LogLoad: LoadMap: /Game/GameBlueprints/Maps/LevelMap
[2017.02.06-20.03.53:644][ 85]LogMemory: Platform Memory Stats for Windows
[2017.02.06-20.03.53:644][ 85]LogMemory: Process Physical Memory: 854.01 MB used, 863.29 MB peak
[2017.02.06-20.03.53:644][ 85]LogMemory: Process Virtual Memory: 1121.32 MB used, 1157.28 MB peak
[2017.02.06-20.03.53:644][ 85]LogMemory: Physical Memory: 7981.50 MB used,  8283.53 MB free, 16265.02 MB total
[2017.02.06-20.03.53:644][ 85]LogMemory: Virtual Memory: 1777.69 MB used,  8283.53 MB free, 134217728.00 MB total
[2017.02.06-20.03.53:644][ 85]LogMemory: 
[2017.02.06-20.03.53:644][ 85]Allocator Stats for TBB: (not implemented)
[2017.02.06-20.03.54:659][ 85]LogAIModule: Creating AISystem for world LevelMap
[2017.02.06-20.03.54:659][ 85]LogLoad: Game class is 'BLKOGameMode_C'
[2017.02.06-20.03.54:665][ 85]LogWorld: Bringing World /Game/GameBlueprints/Maps/LevelMap.LevelMap up for play (max tick rate 0) at 2017.02.06-20.03.54
[2017.02.06-20.03.54:665][ 85]LogGameMode:Warning: No GameStateClass was specified in BLKOGameMode_C_0 (BLKOGameMode_C)
[2017.02.06-20.03.54:665][ 85]LogWorld: Bringing up level for play took: 0.004312
[2017.02.06-20.03.54:666][ 85]LogGameMode: Warning - PATHS NOT DEFINED or NO PLAYERSTART with positive rating
[2017.02.06-20.03.54:788][ 85]LogLoad: Took 1.167947 seconds to LoadMap(/Game/GameBlueprints/Maps/LevelMap)
[2017.02.06-20.04.14:271][290]LogScriptCore:Warning: Script Msg: Attempted to access index 0 from array CallFunc_GetOverlappingActors_OverlappingActors of length 0!
[2017.02.06-20.04.15:417][361]LogScriptCore:Warning: Script Msg: Attempted to access index 0 from array CallFunc_GetOverlappingActors_OverlappingActors of length 0!
[2017.02.06-20.04.28:250][126]LogScriptCore:Warning: Script Msg: Attempted to access index 0 from array CallFunc_GetOverlappingActors_OverlappingActors of length 0!
[2017.02.06-20.04.29:369][182]LogScriptCore:Warning: Script Msg: Attempted to access index 0 from array CallFunc_GetOverlappingActors_OverlappingActors of length 0!
[2017.02.06-20.04.41:247][916]LogScriptCore:Warning: Script Msg: Attempted to access index 0 from array CallFunc_GetOverlappingActors_OverlappingActors of length 0!
[2017.02.06-20.04.42:376][986]LogScriptCore:Warning: Script Msg: Attempted to access index 0 from array CallFunc_GetOverlappingActors_OverlappingActors of length 0!
[2017.02.06-20.04.57:490][922]LogScriptCore:Warning: Script Msg: Attempted to access index 0 from array CallFunc_GetOverlappingActors_OverlappingActors of length 0!
[2017.02.06-20.04.58:619][992]LogScriptCore:Warning: Script Msg: Attempted to access index 0 from array CallFunc_GetOverlappingActors_OverlappingActors of length 0!
[2017.02.06-20.05.08:914][630]LogNet: Browse: /Game/GameBlueprints/Maps/LevelMap
[2017.02.06-20.05.08:914][630]LogLoad: LoadMap: /Game/GameBlueprints/Maps/LevelMap
[2017.02.06-20.05.08:974][630]LogMemory: Platform Memory Stats for Windows
[2017.02.06-20.05.08:974][630]LogMemory: Process Physical Memory: 810.12 MB used, 867.46 MB peak
[2017.02.06-20.05.08:974][630]LogMemory: Process Virtual Memory: 1076.18 MB used, 1157.28 MB peak
[2017.02.06-20.05.08:974][630]LogMemory: Physical Memory: 7987.35 MB used,  8277.67 MB free, 16265.02 MB total
[2017.02.06-20.05.08:974][630]LogMemory: Virtual Memory: 1756.88 MB used,  8277.67 MB free, 134217728.00 MB total
[2017.02.06-20.05.08:974][630]LogMemory: 
[2017.02.06-20.05.08:974][630]Allocator Stats for TBB: (not implemented)
[2017.02.06-20.05.10:027][630]LogAIModule: Creating AISystem for world LevelMap
[2017.02.06-20.05.10:028][630]LogLoad: Game class is 'BLKOGameMode_C'
[2017.02.06-20.05.10:034][630]LogWorld: Bringing World /Game/GameBlueprints/Maps/LevelMap.LevelMap up for play (max tick rate 0) at 2017.02.06-20.05.10
[2017.02.06-20.05.10:034][630]LogGameMode:Warning: No GameStateClass was specified in BLKOGameMode_C_0 (BLKOGameMode_C)
[2017.02.06-20.05.10:034][630]LogWorld: Bringing up level for play took: 0.004551
[2017.02.06-20.05.10:034][630]LogGameMode: Warning - PATHS NOT DEFINED or NO PLAYERSTART with positive rating
[2017.02.06-20.05.10:158][630]LogLoad: Took 1.243194 seconds to LoadMap(/Game/GameBlueprints/Maps/LevelMap)
[2017.02.06-20.06.10:266][298]LogPackageName: SearchForPackageOnDisk took   0.061s to resolve Main.umap.
[2017.02.06-20.06.10:329][298]LogPackageName: SearchForPackageOnDisk took   0.062s to resolve Main.umap.
[2017.02.06-20.06.10:329][298]LogNet: Browse: /Game/GameBlueprints/Maps/Main
[2017.02.06-20.06.10:329][298]LogLoad: LoadMap: /Game/GameBlueprints/Maps/Main
[2017.02.06-20.06.10:415][298]LogMemory: Platform Memory Stats for Windows
[2017.02.06-20.06.10:415][298]LogMemory: Process Physical Memory: 809.04 MB used, 867.46 MB peak
[2017.02.06-20.06.10:415][298]LogMemory: Process Virtual Memory: 1072.40 MB used, 1167.76 MB peak
[2017.02.06-20.06.10:415][298]LogMemory: Physical Memory: 7971.11 MB used,  8293.91 MB free, 16265.02 MB total
[2017.02.06-20.06.10:415][298]LogMemory: Virtual Memory: 1736.88 MB used,  8293.91 MB free, 134217728.00 MB total
[2017.02.06-20.06.10:415][298]LogMemory: 
[2017.02.06-20.06.10:415][298]Allocator Stats for TBB: (not implemented)
[2017.02.06-20.06.10:499][298]LogAIModule: Creating AISystem for world Main
[2017.02.06-20.06.10:500][298]LogLinker:Warning: Can't find file '/Game/PuzzleBP/Blueprints/PuzzleGameMode'
[2017.02.06-20.06.10:500][298]LogUObjectGlobals:Warning: Failed to load '/Game/PuzzleBP/Blueprints/PuzzleGameMode': Can't find file '/Game/PuzzleBP/Blueprints/PuzzleGameMode'
[2017.02.06-20.06.10:500][298]LogLinker:Warning: Can't find file '/Game/PuzzleBP/Blueprints/PuzzleGameMode'
[2017.02.06-20.06.10:500][298]LogUObjectGlobals:Warning: Failed to load '/Game/PuzzleBP/Blueprints/PuzzleGameMode': Can't find file '/Game/PuzzleBP/Blueprints/PuzzleGameMode'
[2017.02.06-20.06.10:500][298]LogUObjectGlobals:Warning: Failed to find object 'Class /Game/PuzzleBP/Blueprints/PuzzleGameMode.PuzzleGameMode_C'
[2017.02.06-20.06.10:500][298]LogLoad: Game class is 'GameModeBase'
[2017.02.06-20.06.10:503][298]LogWorld: Bringing World /Game/GameBlueprints/Maps/Main.Main up for play (max tick rate 0) at 2017.02.06-20.06.10
[2017.02.06-20.06.10:503][298]LogWorld: Bringing up level for play took: 0.000704
[2017.02.06-20.06.10:503][298]LogGameMode: Warning - PATHS NOT DEFINED or NO PLAYERSTART with positive rating
[2017.02.06-20.06.10:507][298]LogLoad: Took 0.178334 seconds to LoadMap(/Game/GameBlueprints/Maps/Main)
[2017.02.06-20.06.13:558][488]Closing by request
[2017.02.06-20.06.13:558][488]LogWindows: FPlatformMisc::RequestExit(0)
[2017.02.06-20.06.13:560][489]LogMoviePlayer: Shutting down movie player
[2017.02.06-20.06.14:309][489]LogWindowsTextInputMethodSystem:Display: IME system now deactivated.
[2017.02.06-20.06.14:315][489]LogExit: Preparing to exit.
[2017.02.06-20.06.15:432][489]LogExit: Game engine shut down
[2017.02.06-20.06.15:498][489]LogObj: Freed 0b from 0 cluster array pools.
[2017.02.06-20.06.15:498][489]LogExit: Object subsystem successfully closed.
[2017.02.06-20.06.15:518][489]LogD3D11RHI: Shutdown
[2017.02.06-20.06.15:518][489]LogD3D11RHI: CleanupD3DDevice
[2017.02.06-20.06.15:583][489]LogD3D11RHI: ~FD3D11DynamicRHI
[2017.02.06-20.06.15:614][489]LogModuleManager: Shutting down and abandoning module SequenceRecorderSections (126)
[2017.02.06-20.06.15:615][489]LogModuleManager: Shutting down and abandoning module SequenceRecorder (125)
[2017.02.06-20.06.15:615][489]LogModuleManager: Shutting down and abandoning module AutomationController (124)
[2017.02.06-20.06.15:615][489]LogModuleManager: Shutting down and abandoning module AutomationWorker (123)
[2017.02.06-20.06.15:615][489]LogModuleManager: Shutting down and abandoning module GameplayDebugger (122)
[2017.02.06-20.06.15:615][489]LogModuleManager: Shutting down and abandoning module AITestSuite (121)
[2017.02.06-20.06.15:615][489]LogModuleManager: Shutting down and abandoning module AIModule (120)
[2017.02.06-20.06.15:615][489]LogModuleManager: Shutting down and abandoning module WmfMediaFactory (119)
[2017.02.06-20.06.15:615][489]LogModuleManager: Shutting down and abandoning module AvfMediaFactory (118)
[2017.02.06-20.06.15:615][489]LogModuleManager: Shutting down and abandoning module Media (117)
[2017.02.06-20.06.15:615][489]LogModuleManager: Shutting down and abandoning module AndroidMediaFactory (116)
[2017.02.06-20.06.15:615][489]LogModuleManager: Shutting down and abandoning module CharacterAI (115)
[2017.02.06-20.06.15:615][489]LogModuleManager: Shutting down and abandoning module SessionServices (114)
[2017.02.06-20.06.15:615][489]LogModuleManager: Shutting down and abandoning module MovieSceneCapture (113)
[2017.02.06-20.06.15:615][489]LogModuleManager: Shutting down and abandoning module GeometryCacheEd (112)
[2017.02.06-20.06.15:615][489]LogModuleManager: Shutting down and abandoning module GeometryCache (111)
[2017.02.06-20.06.15:615][489]LogModuleManager: Shutting down and abandoning module Niagara (110)
[2017.02.06-20.06.15:615][489]LogModuleManager: Shutting down and abandoning module StreamingPauseRendering (109)
[2017.02.06-20.06.15:615][489]LogModuleManager: Shutting down and abandoning module PortalServices (108)
[2017.02.06-20.06.15:615][489]LogModuleManager: Shutting down and abandoning module PortalRpc (107)
[2017.02.06-20.06.15:615][489]LogModuleManager: Shutting down and abandoning module MessagingRpc (106)
[2017.02.06-20.06.15:615][489]LogModuleManager: Shutting down and abandoning module ProfilerService (105)
[2017.02.06-20.06.15:684][489]LogModuleManager: Shutting down and abandoning module TaskGraph (104)
[2017.02.06-20.06.15:684][489]LogModuleManager: Shutting down and abandoning module SlateRemote (103)
[2017.02.06-20.06.15:684][489]LogModuleManager: Shutting down and abandoning module SteamVRController (102)
[2017.02.06-20.06.15:684][489]LogModuleManager: Shutting down and abandoning module SteamVR (101)
[2017.02.06-20.06.15:684][489]LogModuleManager: Shutting down and abandoning module ProceduralMeshComponent (100)
[2017.02.06-20.06.15:684][489]LogModuleManager: Shutting down and abandoning module OculusLibrary (99)
[2017.02.06-20.06.15:684][489]LogModuleManager: Shutting down and abandoning module OculusInput (98)
[2017.02.06-20.06.15:684][489]LogModuleManager: Shutting down and abandoning module MobilePatchingUtils (97)
[2017.02.06-20.06.15:684][489]LogModuleManager: Shutting down and abandoning module CustomMeshComponent (96)
[2017.02.06-20.06.15:684][489]LogModuleManager: Shutting down and abandoning module CableComponent (95)
[2017.02.06-20.06.15:684][489]LogModuleManager: Shutting down and abandoning module ArchVisCharacter (94)
[2017.02.06-20.06.15:684][489]LogModuleManager: Shutting down and abandoning module HTML5Networking (92)
[2017.02.06-20.06.15:684][489]LogModuleManager: Shutting down and abandoning module DesktopPlatform (91)
[2017.02.06-20.06.15:684][489]LogModuleManager: Shutting down and abandoning module DirectoryWatcher (90)
[2017.02.06-20.06.15:684][489]LogDirectoryWatcher: A directory notification for 'D:/Unreal Projects/BLKO/Binaries/Win64' was aborted.
[2017.02.06-20.06.15:685][489]LogModuleManager: Shutting down and abandoning module HotReload (89)
[2017.02.06-20.06.15:685][489]LogModuleManager: Shutting down and abandoning module VisualStudioSourceCodeAccess (88)
[2017.02.06-20.06.15:685][489]LogModuleManager: Shutting down and abandoning module UObjectPlugin (87)
[2017.02.06-20.06.15:685][489]LogModuleManager: Shutting down and abandoning module SubversionSourceControl (86)
[2017.02.06-20.06.15:685][489]LogModuleManager: Shutting down and abandoning module SourceControl (85)
[2017.02.06-20.06.15:685][489]LogModuleManager: Shutting down and abandoning module PerforceSourceControl (84)
[2017.02.06-20.06.15:685][489]LogModuleManager: Shutting down and abandoning module BLKO (83)
[2017.02.06-20.06.15:685][489]LogModuleManager: Shutting down and abandoning module UdpMessaging (82)
[2017.02.06-20.06.15:785][489]LogModuleManager: Shutting down and abandoning module TcpMessaging (81)
[2017.02.06-20.06.16:266][489]LogModuleManager: Shutting down and abandoning module LightPropagationVolumeRuntime (80)
[2017.02.06-20.06.16:266][489]LogModuleManager: Shutting down and abandoning module Paper2D (79)
[2017.02.06-20.06.16:266][489]LogModuleManager: Shutting down and abandoning module WindowsMoviePlayer (78)
[2017.02.06-20.06.16:266][489]LogModuleManager: Shutting down and abandoning module WmfMedia (77)
[2017.02.06-20.06.16:266][489]LogModuleManager: Shutting down and abandoning module MediaAssets (76)
[2017.02.06-20.06.16:266][489]LogModuleManager: Shutting down and abandoning module GameLiveStreaming (75)
[2017.02.06-20.06.16:267][489]LogModuleManager: Shutting down and abandoning module GameplayTagsEditor (74)
[2017.02.06-20.06.16:267][489]LogModuleManager: Shutting down and abandoning module VREditor (73)
[2017.02.06-20.06.16:267][489]LogModuleManager: Shutting down and abandoning module GameplayTasksEditor (72)
[2017.02.06-20.06.16:267][489]LogModuleManager: Shutting down and abandoning module BehaviorTreeEditor (71)
[2017.02.06-20.06.16:267][489]LogModuleManager: Shutting down and abandoning module FunctionalTesting (70)
[2017.02.06-20.06.16:267][489]LogModuleManager: Shutting down and abandoning module CollisionAnalyzer (69)
[2017.02.06-20.06.16:267][489]LogModuleManager: Shutting down and abandoning module Sequencer (68)
[2017.02.06-20.06.16:267][489]LogModuleManager: Shutting down and abandoning module WorkspaceMenuStructure (67)
[2017.02.06-20.06.16:267][489]LogModuleManager: Shutting down and abandoning module MessageLog (66)
[2017.02.06-20.06.16:267][489]LogModuleManager: Shutting down and abandoning module AssetTools (65)
[2017.02.06-20.06.16:267][489]LogModuleManager: Shutting down and abandoning module UMGEditor (64)
[2017.02.06-20.06.16:267][489]LogModuleManager: Shutting down and abandoning module UMG (63)
[2017.02.06-20.06.16:267][489]LogModuleManager: Shutting down and abandoning module SlateReflector (62)
[2017.02.06-20.06.16:267][489]LogModuleManager: Shutting down and abandoning module Slate (61)
[2017.02.06-20.06.16:267][489]LogModuleManager: Shutting down and abandoning module EditorStyle (60)
[2017.02.06-20.06.16:268][489]LogModuleManager: Shutting down and abandoning module Messaging (59)
[2017.02.06-20.06.16:268][489]LogModuleManager: Shutting down and abandoning module SourceCodeAccess (58)
[2017.02.06-20.06.16:268][489]LogModuleManager: Shutting down and abandoning module HeadMountedDisplay (57)
[2017.02.06-20.06.16:268][489]LogModuleManager: Shutting down and abandoning module XAudio2 (56)
[2017.02.06-20.06.16:268][489]LogModuleManager: Shutting down and abandoning module Networking (54)
[2017.02.06-20.06.16:268][489]LogModuleManager: Shutting down and abandoning module Core (53)
[2017.02.06-20.06.16:268][489]LogModuleManager: Shutting down and abandoning module KismetCompiler (52)
[2017.02.06-20.06.16:268][489]LogModuleManager: Shutting down and abandoning module PhysXFormats (51)
[2017.02.06-20.06.16:268][489]LogModuleManager: Shutting down and abandoning module SimplygonSwarm (50)
[2017.02.06-20.06.16:268][489]LogModuleManager: Shutting down and abandoning module SimplygonMeshReduction (49)
[2017.02.06-20.06.16:268][489]LogModuleManager: Shutting down and abandoning module QuadricMeshReduction (48)
[2017.02.06-20.06.16:268][489]LogModuleManager: Shutting down and abandoning module PropertyEditor (47)
[2017.02.06-20.06.16:268][489]LogModuleManager: Shutting down and abandoning module MeshUtilities (46)
[2017.02.06-20.06.16:268][489]LogModuleManager: Shutting down and abandoning module AssetRegistry (45)
[2017.02.06-20.06.16:269][489]LogModuleManager: Shutting down and abandoning module DerivedDataCache (44)
[2017.02.06-20.06.16:338][489]LogDerivedDataCache: Shutdown
[2017.02.06-20.06.16:338][489]LogModuleManager: Shutting down and abandoning module VulkanShaderFormat (43)
[2017.02.06-20.06.16:338][489]LogModuleManager: Shutting down and abandoning module ShaderFormatOpenGL (42)
[2017.02.06-20.06.16:339][489]LogModuleManager: Shutting down and abandoning module ShaderFormatD3D (41)
[2017.02.06-20.06.16:339][489]LogModuleManager: Shutting down and abandoning module MetalShaderFormat (40)
[2017.02.06-20.06.16:339][489]LogModuleManager: Shutting down and abandoning module TextureFormatUncompressed (39)
[2017.02.06-20.06.16:339][489]LogModuleManager: Shutting down and abandoning module TextureFormatPVR (38)
[2017.02.06-20.06.16:339][489]LogModuleManager: Shutting down and abandoning module TextureFormatDXT (37)
[2017.02.06-20.06.16:339][489]LogModuleManager: Shutting down and abandoning module TextureFormatIntelISPCTexComp (36)
[2017.02.06-20.06.16:339][489]LogModuleManager: Shutting down and abandoning module ImageWrapper (35)
[2017.02.06-20.06.16:339][489]LogModuleManager: Shutting down and abandoning module TextureFormatASTC (34)
[2017.02.06-20.06.16:339][489]LogModuleManager: Shutting down and abandoning module TextureFormatAndroid (33)
[2017.02.06-20.06.16:339][489]LogModuleManager: Shutting down and abandoning module AudioFormatOpus (32)
[2017.02.06-20.06.16:339][489]LogModuleManager: Shutting down and abandoning module AudioFormatOgg (31)
[2017.02.06-20.06.16:339][489]LogModuleManager: Shutting down and abandoning module AudioFormatADPCM (30)
[2017.02.06-20.06.16:339][489]LogModuleManager: Shutting down and abandoning module WindowsTargetPlatform (29)
[2017.02.06-20.06.16:339][489]LogModuleManager: Shutting down and abandoning module WindowsServerTargetPlatform (28)
[2017.02.06-20.06.16:339][489]LogModuleManager: Shutting down and abandoning module WindowsNoEditorTargetPlatform (27)
[2017.02.06-20.06.16:339][489]LogModuleManager: Shutting down and abandoning module WindowsClientTargetPlatform (26)
[2017.02.06-20.06.16:339][489]LogModuleManager: Shutting down and abandoning module TargetPlatform (25)
[2017.02.06-20.06.16:339][489]LogModuleManager: Shutting down and abandoning module InputCore (24)
[2017.02.06-20.06.16:339][489]LogModuleManager: Shutting down and abandoning module Settings (23)
[2017.02.06-20.06.16:339][489]LogModuleManager: Shutting down and abandoning module OculusRift (22)
[2017.02.06-20.06.16:339][489]LogModuleManager: Shutting down and abandoning module ExampleDeviceProfileSelector (21)
[2017.02.06-20.06.16:339][489]LogModuleManager: Shutting down and abandoning module OnlineBlueprintSupport (20)
[2017.02.06-20.06.16:339][489]LogModuleManager: Shutting down and abandoning module OnlineSubsystem (18)
[2017.02.06-20.06.16:339][489]LogOnline:Display: Unloading online subsystem: NULL
[2017.02.06-20.06.16:339][489]LogModuleManager: Shutting down and abandoning module SSL (17)
[2017.02.06-20.06.16:341][489]LogModuleManager: Shutting down and abandoning module HTTP (16)
[2017.02.06-20.06.16:341][489]LogModuleManager: Shutting down and abandoning module XMPP (15)
[2017.02.06-20.06.16:341][489]LogModuleManager: Shutting down and abandoning module TextureCompressor (14)
[2017.02.06-20.06.16:342][489]LogModuleManager: Shutting down and abandoning module ShaderCore (13)
[2017.02.06-20.06.16:342][489]LogModuleManager: Shutting down and abandoning module Landscape (12)
[2017.02.06-20.06.16:342][489]LogModuleManager: Shutting down and abandoning module SlateRHIRenderer (11)
[2017.02.06-20.06.16:342][489]LogModuleManager: Shutting down and abandoning module OpenGLDrv (10)
[2017.02.06-20.06.16:342][489]LogModuleManager: Shutting down and abandoning module D3D11RHI (9)
[2017.02.06-20.06.16:342][489]LogModuleManager: Shutting down and abandoning module AnimGraphRuntime (8)
[2017.02.06-20.06.16:342][489]LogModuleManager: Shutting down and abandoning module Renderer (7)
[2017.02.06-20.06.16:342][489]LogModuleManager: Shutting down and abandoning module Engine (6)
[2017.02.06-20.06.16:342][489]LogModuleManager: Shutting down and abandoning module CoreUObject (5)
[2017.02.06-20.06.16:342][489]LogModuleManager: Shutting down and abandoning module NetworkFile (4)
[2017.02.06-20.06.16:342][489]LogModuleManager: Shutting down and abandoning module StreamingFile (3)
[2017.02.06-20.06.16:342][489]LogModuleManager: Shutting down and abandoning module SandboxFile (2)
[2017.02.06-20.06.16:342][489]LogModuleManager: Shutting down and abandoning module PakFile (1)
[2017.02.06-20.06.16:345][489]LogExit: Exiting.
[2017.02.06-20.06.16:347][489]Log file closed, 02/06/17 20:06:16
