Log file open, 02/06/17 20:11:54
LogInit:Display: Running engine for game: BLKO
LogPlatformFile: Not using cached read wrapper
LogInit:Display: RandInit(-249325887) SRandInit(-249325887).
LogTaskGraph: Started task graph with 5 named threads and 8 total threads with 1 sets of task threads.
LogStats: Stats thread started at 0.089377
LogPluginManager: Loaded Plugin Paper2D, From D:/Program Files/Epic Games/4.14/Engine/Plugins/2D/Paper2D/Paper2D.uplugin
LogPluginManager: Loaded Plugin LightPropagationVolume, From D:/Program Files/Epic Games/4.14/Engine/Plugins/Blendables/LightPropagationVolume/LightPropagationVolume.uplugin
LogPluginManager: Loaded Plugin BlankPlugin, From D:/Program Files/Epic Games/4.14/Engine/Plugins/Developer/BlankPlugin/BlankPlugin.uplugin
LogPluginManager: Loaded Plugin CodeLiteSourceCodeAccess, From D:/Program Files/Epic Games/4.14/Engine/Plugins/Developer/CodeLiteSourceCodeAccess/CodeLiteSourceCodeAccess.uplugin
LogPluginManager: Loaded Plugin GitSourceControl, From D:/Program Files/Epic Games/4.14/Engine/Plugins/Developer/GitSourceControl/GitSourceControl.uplugin
LogPluginManager: Loaded Plugin KDevelopSourceCodeAccess, From D:/Program Files/Epic Games/4.14/Engine/Plugins/Developer/KDevelopSourceCodeAccess/KDevelopSourceCodeAccess.uplugin
LogPluginManager: Loaded Plugin NullSourceCodeAccess, From D:/Program Files/Epic Games/4.14/Engine/Plugins/Developer/NullSourceCodeAccess/NullSourceCodeAccess.uplugin
LogPluginManager: Loaded Plugin OneSkyLocalizationService, From D:/Program Files/Epic Games/4.14/Engine/Plugins/Developer/OneSkyLocalizationService/OneSkyLocalizationService.uplugin
LogPluginManager: Loaded Plugin PerforceSourceControl, From D:/Program Files/Epic Games/4.14/Engine/Plugins/Developer/PerforceSourceControl/PerforceSourceControl.uplugin
LogPluginManager: Loaded Plugin SubversionSourceControl, From D:/Program Files/Epic Games/4.14/Engine/Plugins/Developer/SubversionSourceControl/SubversionSourceControl.uplugin
LogPluginManager: Loaded Plugin UObjectPlugin, From D:/Program Files/Epic Games/4.14/Engine/Plugins/Developer/UObjectPlugin/UObjectPlugin.uplugin
LogPluginManager: Loaded Plugin VisualStudioSourceCodeAccess, From D:/Program Files/Epic Games/4.14/Engine/Plugins/Developer/VisualStudioSourceCodeAccess/VisualStudioSourceCodeAccess.uplugin
LogPluginManager: Loaded Plugin XCodeSourceCodeAccess, From D:/Program Files/Epic Games/4.14/Engine/Plugins/Developer/XCodeSourceCodeAccess/XCodeSourceCodeAccess.uplugin
LogPluginManager: Loaded Plugin AudioCapture, From D:/Program Files/Epic Games/4.14/Engine/Plugins/Editor/AudioCapture/AudioCapture.uplugin
LogPluginManager: Loaded Plugin EpicSurvey, From D:/Program Files/Epic Games/4.14/Engine/Plugins/Editor/EpicSurvey/EpicSurvey.uplugin
LogPluginManager: Loaded Plugin MacGraphicsSwitching, From D:/Program Files/Epic Games/4.14/Engine/Plugins/Editor/MacGraphicsSwitching/MacGraphicsSwitching.uplugin
LogPluginManager: Loaded Plugin MobileLauncherProfileWizard, From D:/Program Files/Epic Games/4.14/Engine/Plugins/Editor/MobileLauncherProfileWizard/MobileLauncherProfileWizard.uplugin
LogPluginManager: Loaded Plugin PluginBrowser, From D:/Program Files/Epic Games/4.14/Engine/Plugins/Editor/PluginBrowser/PluginBrowser.uplugin
LogPluginManager: Loaded Plugin SpeedTreeImporter, From D:/Program Files/Epic Games/4.14/Engine/Plugins/Editor/SpeedTreeImporter/SpeedTreeImporter.uplugin
LogPluginManager: Loaded Plugin SuperSearchEditor, From D:/Program Files/Epic Games/4.14/Engine/Plugins/Editor/SuperSearchEditor/SuperSearchEditor.uplugin
LogPluginManager: Loaded Plugin AlembicImporter, From D:/Program Files/Epic Games/4.14/Engine/Plugins/Experimental/AlembicImporter/AlembicImporter.uplugin
LogPluginManager: Loaded Plugin BlueprintStats, From D:/Program Files/Epic Games/4.14/Engine/Plugins/Experimental/BlueprintStats/BlueprintStats.uplugin
LogPluginManager: Loaded Plugin CharacterAI, From D:/Program Files/Epic Games/4.14/Engine/Plugins/Experimental/CharacterAI/CharacterAI.uplugin
LogPluginManager: Loaded Plugin CodeEditor, From D:/Program Files/Epic Games/4.14/Engine/Plugins/Experimental/CodeEditor/CodeEditor.uplugin
LogPluginManager: Loaded Plugin CodeView, From D:/Program Files/Epic Games/4.14/Engine/Plugins/Experimental/CodeView/CodeView.uplugin
LogPluginManager: Loaded Plugin HTML5Networking, From D:/Program Files/Epic Games/4.14/Engine/Plugins/Experimental/HTML5Networking/HTML5Networking.uplugin
LogPluginManager: Loaded Plugin OSVR, From D:/Program Files/Epic Games/4.14/Engine/Plugins/Experimental/OSVR/OSVR.uplugin
LogPluginManager: Loaded Plugin Phya, From D:/Program Files/Epic Games/4.14/Engine/Plugins/Experimental/Phya/Phya.uplugin
LogPluginManager: Loaded Plugin SignificanceManager, From D:/Program Files/Epic Games/4.14/Engine/Plugins/Experimental/SignificanceManager/SignificanceManager.uplugin
LogPluginManager: Loaded Plugin SimpleHMD, From D:/Program Files/Epic Games/4.14/Engine/Plugins/Experimental/SimpleHMD/SimpleHMD.uplugin
LogPluginManager: Loaded Plugin StereoPanorama, From D:/Program Files/Epic Games/4.14/Engine/Plugins/Experimental/StereoPanorama/StereoPanorama.uplugin
LogPluginManager: Loaded Plugin StructBox, From D:/Program Files/Epic Games/4.14/Engine/Plugins/Experimental/StructBox/StructBox.uplugin
LogPluginManager: Loaded Plugin AndroidMedia, From D:/Program Files/Epic Games/4.14/Engine/Plugins/Media/AndroidMedia/AndroidMedia.uplugin
LogPluginManager: Loaded Plugin AvfMedia, From D:/Program Files/Epic Games/4.14/Engine/Plugins/Media/AvfMedia/AvfMedia.uplugin
LogPluginManager: Loaded Plugin MediaPlayerEditor, From D:/Program Files/Epic Games/4.14/Engine/Plugins/Media/MediaPlayerEditor/MediaPlayerEditor.uplugin
LogPluginManager: Loaded Plugin WmfMedia, From D:/Program Files/Epic Games/4.14/Engine/Plugins/Media/WmfMedia/WmfMedia.uplugin
LogPluginManager: Loaded Plugin MessagingDebugger, From D:/Program Files/Epic Games/4.14/Engine/Plugins/Messaging/MessagingDebugger/MessagingDebugger.uplugin
LogPluginManager: Loaded Plugin TcpMessaging, From D:/Program Files/Epic Games/4.14/Engine/Plugins/Messaging/TcpMessaging/TcpMessaging.uplugin
LogPluginManager: Loaded Plugin UdpMessaging, From D:/Program Files/Epic Games/4.14/Engine/Plugins/Messaging/UdpMessaging/UdpMessaging.uplugin
LogPluginManager: Loaded Plugin LevelSequenceEditor, From D:/Program Files/Epic Games/4.14/Engine/Plugins/MovieScene/LevelSequenceEditor/LevelSequenceEditor.uplugin
LogPluginManager: Loaded Plugin MatineeToLevelSequence, From D:/Program Files/Epic Games/4.14/Engine/Plugins/MovieScene/MatineeToLevelSequence/MatineeToLevelSequence.uplugin
LogPluginManager: Loaded Plugin NetcodeUnitTest, From D:/Program Files/Epic Games/4.14/Engine/Plugins/NetcodeUnitTest/NetcodeUnitTest/NetcodeUnitTest.uplugin
LogPluginManager: Loaded Plugin NUTUnrealEngine4, From D:/Program Files/Epic Games/4.14/Engine/Plugins/NetcodeUnitTest/NUTUnrealEngine4/NUTUnrealEngine4.uplugin
LogPluginManager: Loaded Plugin OnlineSubsystemGameCircle, From D:/Program Files/Epic Games/4.14/Engine/Plugins/Online/Android/OnlineSubsystemGameCircle/OnlineSubsystemGameCircle.uplugin
LogPluginManager: Loaded Plugin OnlineSubsystemGooglePlay, From D:/Program Files/Epic Games/4.14/Engine/Plugins/Online/Android/OnlineSubsystemGooglePlay/OnlineSubsystemGooglePlay.uplugin
LogPluginManager: Loaded Plugin OnlineSubsystemIOS, From D:/Program Files/Epic Games/4.14/Engine/Plugins/Online/IOS/OnlineSubsystemIOS/OnlineSubsystemIOS.uplugin
LogPluginManager: Loaded Plugin OnlineFramework, From D:/Program Files/Epic Games/4.14/Engine/Plugins/Online/OnlineFramework/OnlineFramework.uplugin
LogPluginManager: Loaded Plugin OnlineSubsystem, From D:/Program Files/Epic Games/4.14/Engine/Plugins/Online/OnlineSubsystem/OnlineSubsystem.uplugin
LogPluginManager: Loaded Plugin OnlineSubsystemAmazon, From D:/Program Files/Epic Games/4.14/Engine/Plugins/Online/OnlineSubsystemAmazon/OnlineSubsystemAmazon.uplugin
LogPluginManager: Loaded Plugin OnlineSubsystemFacebook, From D:/Program Files/Epic Games/4.14/Engine/Plugins/Online/OnlineSubsystemFacebook/OnlineSubsystemFacebook.uplugin
LogPluginManager: Loaded Plugin OnlineSubsystemNull, From D:/Program Files/Epic Games/4.14/Engine/Plugins/Online/OnlineSubsystemNull/OnlineSubsystemNull.uplugin
LogPluginManager: Loaded Plugin OnlineSubsystemOculus, From D:/Program Files/Epic Games/4.14/Engine/Plugins/Online/OnlineSubsystemOculus/OnlineSubsystemOculus.uplugin
LogPluginManager: Loaded Plugin OnlineSubsystemSteam, From D:/Program Files/Epic Games/4.14/Engine/Plugins/Online/OnlineSubsystemSteam/OnlineSubsystemSteam.uplugin
LogPluginManager: Loaded Plugin OnlineSubsystemUtils, From D:/Program Files/Epic Games/4.14/Engine/Plugins/Online/OnlineSubsystemUtils/OnlineSubsystemUtils.uplugin
LogPluginManager: Loaded Plugin IOSTapJoy, From D:/Program Files/Epic Games/4.14/Engine/Plugins/Runtime/Advertising/IOSTapJoy/IOSTapJoy.uplugin
LogPluginManager: Loaded Plugin AnalyticsBlueprintLibrary, From D:/Program Files/Epic Games/4.14/Engine/Plugins/Runtime/Analytics/AnalyticsBlueprintLibrary/AnalyticsBlueprintLibrary.uplugin
LogPluginManager: Loaded Plugin AnalyticsMulticast, From D:/Program Files/Epic Games/4.14/Engine/Plugins/Runtime/Analytics/AnalyticsMulticast/AnalyticsMulticast.uplugin
LogPluginManager: Loaded Plugin Apsalar, From D:/Program Files/Epic Games/4.14/Engine/Plugins/Runtime/Analytics/Apsalar/Apsalar.uplugin
LogPluginManager: Loaded Plugin FileLogging, From D:/Program Files/Epic Games/4.14/Engine/Plugins/Runtime/Analytics/FileLogging/FileLogging.uplugin
LogPluginManager: Loaded Plugin Flurry, From D:/Program Files/Epic Games/4.14/Engine/Plugins/Runtime/Analytics/Flurry/Flurry.uplugin
LogPluginManager: Loaded Plugin AndroidDeviceProfileSelector, From D:/Program Files/Epic Games/4.14/Engine/Plugins/Runtime/AndroidDeviceProfileSelector/AndroidDeviceProfileSelector.uplugin
LogPluginManager: Loaded Plugin AndroidMoviePlayer, From D:/Program Files/Epic Games/4.14/Engine/Plugins/Runtime/AndroidMoviePlayer/AndroidMoviePlayer.uplugin
LogPluginManager: Loaded Plugin AppleMoviePlayer, From D:/Program Files/Epic Games/4.14/Engine/Plugins/Runtime/AppleMoviePlayer/AppleMoviePlayer.uplugin
LogPluginManager: Loaded Plugin ArchVisCharacter, From D:/Program Files/Epic Games/4.14/Engine/Plugins/Runtime/ArchVisCharacter/ArchVisCharacter.uplugin
LogPluginManager: Loaded Plugin CableComponent, From D:/Program Files/Epic Games/4.14/Engine/Plugins/Runtime/CableComponent/CableComponent.uplugin
LogPluginManager: Loaded Plugin CustomMeshComponent, From D:/Program Files/Epic Games/4.14/Engine/Plugins/Runtime/CustomMeshComponent/CustomMeshComponent.uplugin
LogPluginManager: Loaded Plugin ExampleDeviceProfileSelector, From D:/Program Files/Epic Games/4.14/Engine/Plugins/Runtime/ExampleDeviceProfileSelector/ExampleDeviceProfileSelector.uplugin
LogPluginManager: Loaded Plugin GearVR, From D:/Program Files/Epic Games/4.14/Engine/Plugins/Runtime/GearVR/GearVR.uplugin
LogPluginManager: Loaded Plugin GoogleVRController, From D:/Program Files/Epic Games/4.14/Engine/Plugins/Runtime/GoogleVR/GoogleVRController/GoogleVRController.uplugin
LogPluginManager: Loaded Plugin GoogleVRHMD, From D:/Program Files/Epic Games/4.14/Engine/Plugins/Runtime/GoogleVR/GoogleVRHMD/GoogleVRHMD.uplugin
LogPluginManager: Loaded Plugin IOSDeviceProfileSelector, From D:/Program Files/Epic Games/4.14/Engine/Plugins/Runtime/IOSDeviceProfileSelector/IOSDeviceProfileSelector.uplugin
LogPluginManager: Loaded Plugin LeapMotion, From D:/Program Files/Epic Games/4.14/Engine/Plugins/Runtime/LeapMotion/LeapMotion.uplugin
LogPluginManager: Loaded Plugin LinuxDeviceProfileSelector, From D:/Program Files/Epic Games/4.14/Engine/Plugins/Runtime/LinuxDeviceProfileSelector/LinuxDeviceProfileSelector.uplugin
LogPluginManager: Loaded Plugin MIDIDevice, From D:/Program Files/Epic Games/4.14/Engine/Plugins/Runtime/MIDIDevice/MIDIDevice.uplugin
LogPluginManager: Loaded Plugin MobilePatchingUtils, From D:/Program Files/Epic Games/4.14/Engine/Plugins/Runtime/MobilePatchingUtils/MobilePatchingUtils.uplugin
LogPluginManager: Loaded Plugin Ansel, From D:/Program Files/Epic Games/4.14/Engine/Plugins/Runtime/Nvidia/Ansel/Ansel.uplugin
LogPluginManager: Loaded Plugin OculusAudio, From D:/Program Files/Epic Games/4.14/Engine/Plugins/Runtime/OculusAudio/OculusAudio.uplugin
LogPluginManager: Loaded Plugin OculusInput, From D:/Program Files/Epic Games/4.14/Engine/Plugins/Runtime/OculusInput/OculusInput.uplugin
LogPluginManager: Loaded Plugin OculusLibrary, From D:/Program Files/Epic Games/4.14/Engine/Plugins/Runtime/OculusLibrary/OculusLibrary.uplugin
LogPluginManager: Loaded Plugin OculusRift, From D:/Program Files/Epic Games/4.14/Engine/Plugins/Runtime/OculusRift/OculusRift.uplugin
LogPluginManager: Loaded Plugin Oodle, From D:/Program Files/Epic Games/4.14/Engine/Plugins/Runtime/PacketHandlers/CompressionComponents/Oodle/Oodle.uplugin
LogPluginManager: Loaded Plugin ProceduralMeshComponent, From D:/Program Files/Epic Games/4.14/Engine/Plugins/Runtime/ProceduralMeshComponent/ProceduralMeshComponent.uplugin
LogPluginManager: Loaded Plugin SoundMod, From D:/Program Files/Epic Games/4.14/Engine/Plugins/Runtime/SoundMod/SoundMod.uplugin
LogPluginManager: Loaded Plugin SoundVisualizations, From D:/Program Files/Epic Games/4.14/Engine/Plugins/Runtime/SoundVisualizations/SoundVisualizations.uplugin
LogPluginManager: Loaded Plugin SteamController, From D:/Program Files/Epic Games/4.14/Engine/Plugins/Runtime/Steam/SteamController/SteamController.uplugin
LogPluginManager: Loaded Plugin SteamVR, From D:/Program Files/Epic Games/4.14/Engine/Plugins/Runtime/Steam/SteamVR/SteamVR.uplugin
LogPluginManager: Loaded Plugin WebBrowserWidget, From D:/Program Files/Epic Games/4.14/Engine/Plugins/Runtime/WebBrowserWidget/WebBrowserWidget.uplugin
LogPluginManager: Loaded Plugin WindowsDeviceProfileSelector, From D:/Program Files/Epic Games/4.14/Engine/Plugins/Runtime/WindowsDeviceProfileSelector/WindowsDeviceProfileSelector.uplugin
LogPluginManager: Loaded Plugin WindowsMoviePlayer, From D:/Program Files/Epic Games/4.14/Engine/Plugins/Runtime/WindowsMoviePlayer/WindowsMoviePlayer.uplugin
LogPluginManager: Loaded Plugin ScriptPlugin, From D:/Program Files/Epic Games/4.14/Engine/Plugins/ScriptPlugin/ScriptPlugin.uplugin
LogPluginManager: Loaded Plugin SlateRemote, From D:/Program Files/Epic Games/4.14/Engine/Plugins/Slate/SlateRemote/SlateRemote.uplugin
LogPluginManager: Loaded Plugin EditorTests, From D:/Program Files/Epic Games/4.14/Engine/Plugins/Tests/EditorTests/EditorTests.uplugin
LogPluginManager: Loaded Plugin FbxAutomationTestBuilder, From D:/Program Files/Epic Games/4.14/Engine/Plugins/Tests/FbxAutomationTestBuilder/FbxAutomationTestBuilder.uplugin
LogPluginManager: Loaded Plugin FunctionalTestingEditor, From D:/Program Files/Epic Games/4.14/Engine/Plugins/Tests/FunctionalTestingEditor/FunctionalTestingEditor.uplugin
LogPluginManager: Loaded Plugin RuntimeTests, From D:/Program Files/Epic Games/4.14/Engine/Plugins/Tests/RuntimeTests/RuntimeTests.uplugin
LogPluginManager: Loaded Plugin ScreenshotTools, From D:/Program Files/Epic Games/4.14/Engine/Plugins/Tests/ScreenshotTools/ScreenshotTools.uplugin
LogInit: Using libcurl 7.47.1
LogInit:  - built for x86_64-pc-win32
LogInit:  - supports SSL with OpenSSL/1.0.2g
LogInit:  - supports HTTP deflate (compression) using libz 1.2.8
LogInit:  - other features:
LogInit:      CURL_VERSION_SSL
LogInit:      CURL_VERSION_LIBZ
LogInit:      CURL_VERSION_IPV6
LogInit:      CURL_VERSION_ASYNCHDNS
LogInit:      CURL_VERSION_LARGEFILE
LogInit:      CURL_VERSION_IDN
LogInit:  CurlRequestOptions (configurable via config and command line):
LogInit:  - bVerifyPeer = false  - Libcurl will NOT verify peer certificate
LogInit:  - bUseHttpProxy = false  - Libcurl will NOT use HTTP proxy
LogInit:  - bDontReuseConnections = false  - Libcurl will reuse connections
LogInit:  - CertBundlePath = nullptr  - Libcurl will use whatever was configured at build time.
LogInit: Build: ++UE4+Release-4.14-CL-3249277
LogInit: Engine Version: 4.14.3-3249277+++UE4+Release-4.14
LogInit: Compatible Engine Version: 4.14.0-3195953+++UE4+Release-4.14
LogInit: Net CL: 3195953
LogDevObjectVersion: Number of dev versions registered: 13
LogDevObjectVersion:   Dev-Blueprints (B0D832E4-1F89-4F0D-ACCF-7EB736FD4AA2): 7
LogDevObjectVersion:   Dev-Build (E1C64328-A22C-4D53-A36C-8E866417BD8C): 0
LogDevObjectVersion:   Dev-Core (375EC13C-06E4-48FB-B500-84F0262A717E): 1
LogDevObjectVersion:   Dev-Editor (E4B068ED-F494-42E9-A231-DA0B2E46BB41): 8
LogDevObjectVersion:   Dev-Framework (CFFC743F-43B0-4480-9391-14DF171D2073): 17
LogDevObjectVersion:   Dev-Mobile (B02B49B5-BB20-44E9-A304-32B752E40360): 0
LogDevObjectVersion:   Dev-Networking (A4E4105C-59A1-49B5-A7C5-40C4547EDFEE): 0
LogDevObjectVersion:   Dev-Online (39C831C9-5AE6-47DC-9A44-9C173E1C8E7C): 0
LogDevObjectVersion:   Dev-Physics (78F01B33-EBEA-4F98-B9B4-84EACCB95AA2): 0
LogDevObjectVersion:   Dev-Platform (6631380F-2D4D-43E0-8009-CF276956A95A): 0
LogDevObjectVersion:   Dev-Rendering (12F88B9F-8875-4AFC-A67C-D90C383ABD29): 12
LogDevObjectVersion:   Dev-Sequencer (7B5AE74C-D270-4C10-A958-57980B212A5A): 1
LogDevObjectVersion:   Dev-VR (D7296918-1DD6-4BDD-9DE2-64A83CC13884): 0
LogInit: Compiled (64-bit): Jan  6 2017 10:49:43
LogInit: Compiled with Visual C++: 19.00.23026.00
LogInit: Build Configuration: Development
LogInit: Branch Name: ++UE4+Release-4.14
LogInit: Command line:  /Temp/Autosaves/Game/GameBlueprints/Maps/UEDPCMain -game -PIEVIACONSOLE -ResX=1280 -ResY=720  -Multiprocess -messaging -SessionName="Play in Standalone Game" -windowed 
LogInit: Base directory: D:/Program Files/Epic Games/4.14/Engine/Binaries/Win64/
LogInit: Installed Engine Build: 1
LogInit: Presizing for max 8388607 objects, including 0 objects not considered by GC, pre-allocating 0 bytes for permanent pool.
LogInit: Object subsystem initialized
[2017.02.06-20.11.55:030][  0]LogInit: Selected Device Profile: [Windows]
[2017.02.06-20.11.55:030][  0]LogInit: Applying CVar settings loaded from the selected device profile: [Windows]
[2017.02.06-20.11.55:035][  0]LogInit: Computer: BADIM-ALIEN
[2017.02.06-20.11.55:035][  0]LogInit: User: Carlos
[2017.02.06-20.11.55:035][  0]LogInit: CPU Page size=65536, Cores=4
[2017.02.06-20.11.55:035][  0]LogInit: High frequency timer resolution =2.338332 MHz
[2017.02.06-20.11.55:035][  0]LogMemory: Memory total: Physical=15.9GB (16GB approx)
[2017.02.06-20.11.55:035][  0]LogMemory: Platform Memory Stats for Windows
[2017.02.06-20.11.55:035][  0]LogMemory: Process Physical Memory: 263.89 MB used, 263.89 MB peak
[2017.02.06-20.11.55:035][  0]LogMemory: Process Virtual Memory: 262.90 MB used, 262.90 MB peak
[2017.02.06-20.11.55:035][  0]LogMemory: Physical Memory: 7621.01 MB used,  8644.02 MB free, 16265.02 MB total
[2017.02.06-20.11.55:035][  0]LogMemory: Virtual Memory: 676.41 MB used,  8644.02 MB free, 134217728.00 MB total
[2017.02.06-20.11.55:069][  0]LogTextLocalizationManager: No specific translations for ('en-GB') exist, so ('en') translations will be used.
[2017.02.06-20.11.55:601][  0]LogD3D11RHI: D3D11 adapters:
[2017.02.06-20.11.55:645][  0]LogD3D11RHI:    0. 'NVIDIA GeForce GTX 765M' (Feature Level 11_0)
[2017.02.06-20.11.55:645][  0]LogD3D11RHI:       2018/0/8132 MB DedicatedVideo/DedicatedSystem/SharedSystem, Outputs:2, VendorId:0x10de
[2017.02.06-20.11.55:655][  0]LogD3D11RHI:    1. 'Intel(R) HD Graphics 4600' (Feature Level 11_0)
[2017.02.06-20.11.55:655][  0]LogD3D11RHI:       112/0/2048 MB DedicatedVideo/DedicatedSystem/SharedSystem, Outputs:0, VendorId:0x8086
[2017.02.06-20.11.55:657][  0]LogD3D11RHI:    2. 'Microsoft Basic Render Driver' (Feature Level 11_0)
[2017.02.06-20.11.55:657][  0]LogD3D11RHI:       0/0/8132 MB DedicatedVideo/DedicatedSystem/SharedSystem, Outputs:0, VendorId:0x1414
[2017.02.06-20.11.55:657][  0]LogD3D11RHI: Chosen D3D11 Adapter: 0
[2017.02.06-20.11.55:681][  0]LogD3D11RHI: Creating new Direct3DDevice
[2017.02.06-20.11.55:681][  0]LogD3D11RHI:     GPU DeviceId: 0x11e1 (for the marketing name, search the web for "GPU Device Id")
[2017.02.06-20.11.55:681][  0]LogWindows: EnumDisplayDevices:
[2017.02.06-20.11.55:681][  0]LogWindows:    0. 'Intel(R) HD Graphics 4600' (P:1 D:1)
[2017.02.06-20.11.55:681][  0]LogWindows:    1. 'Intel(R) HD Graphics 4600' (P:0 D:0)
[2017.02.06-20.11.55:681][  0]LogWindows:    2. 'Intel(R) HD Graphics 4600' (P:0 D:0)
[2017.02.06-20.11.55:682][  0]LogWindows:    3. 'NVIDIA GeForce GTX 765M' (P:0 D:1)
[2017.02.06-20.11.55:682][  0]LogWindows:    4. 'NVIDIA GeForce GTX 765M' (P:0 D:0)
[2017.02.06-20.11.55:682][  0]LogWindows:    5. 'NVIDIA GeForce GTX 765M' (P:0 D:0)
[2017.02.06-20.11.55:682][  0]LogWindows:    6. 'NVIDIA GeForce GTX 765M' (P:0 D:0)
[2017.02.06-20.11.55:682][  0]LogWindows: DebugString: PrimaryIsNotTheChoosenAdapter PrimaryIsNotTheChoosenAdapter PrimaryIsNotTheChoosenAdapter FoundDriverCount:4 
[2017.02.06-20.11.55:682][  0]LogD3D11RHI:     Adapter Name: NVIDIA GeForce GTX 765M
[2017.02.06-20.11.55:682][  0]LogD3D11RHI:   Driver Version: 378.49 (internal:21.21.13.7849, unified:378.49)
[2017.02.06-20.11.55:682][  0]LogD3D11RHI:      Driver Date: 1-20-2017
[2017.02.06-20.11.55:682][  0]LogRHI: Texture pool is 1361 MB (70% of 1945 MB)
[2017.02.06-20.11.55:704][  0]LogD3D11RHI:Warning: Timestamp queries are currently disabled on this hardware due to instability. Realtime GPU stats will not be available. You can override this behaviour by setting r.NVIDIATimestampWorkaround to 0
[2017.02.06-20.11.55:704][  0]LogD3D11RHI: Async texture creation enabled
[2017.02.06-20.11.55:717][  0]LogD3D11RHI: GPU Timing Frequency: 1000.000000 (Debug: 2 1)
[2017.02.06-20.11.55:718][  0]LogShaderCompilers: Guid format shader working directory is 8 characters bigger than the processId version (../../../../../../Unreal Projects/BLKO/Intermediate/Shaders/WorkingDirectory/62616/).
[2017.02.06-20.11.55:718][  0]LogShaderCompilers: Cleaned the shader compiler working directory 'C:/Users/Carlos/AppData/Local/Temp/UnrealShaderWorkingDir/DD245BBA4FEB12A6469235AAF54CE49C/'.
[2017.02.06-20.11.55:718][  0]LogShaderCompilers:Display: Using Local Shader Compiler.
[2017.02.06-20.11.57:082][  0]LogTemp:Display: Loaded TP WindowsClientTargetPlatform
[2017.02.06-20.11.57:136][  0]LogTemp:Display: Loaded TP WindowsNoEditorTargetPlatform
[2017.02.06-20.11.57:191][  0]LogTemp:Display: Loaded TP WindowsServerTargetPlatform
[2017.02.06-20.11.57:234][  0]LogTemp:Display: Loaded TP WindowsTargetPlatform
[2017.02.06-20.11.57:235][  0]LogTargetPlatformManager:Display: Building Assets For Windows
[2017.02.06-20.11.57:588][  0]LogDerivedDataCache:Display: Max Cache Size: 512 MB
[2017.02.06-20.11.57:674][  0]LogDerivedDataCache: Loaded boot cache 0.09s 50MB C:/Users/Carlos/AppData/Local/UnrealEngine/4.14/DerivedDataCache/Boot.ddc.
[2017.02.06-20.11.57:674][  0]LogDerivedDataCache:Display: Loaded Boot cache: C:/Users/Carlos/AppData/Local/UnrealEngine/4.14/DerivedDataCache/Boot.ddc
[2017.02.06-20.11.57:674][  0]LogDerivedDataCache: FDerivedDataBackendGraph:  Pak pak cache file ../../../../../../Unreal Projects/BLKO/DerivedDataCache/DDC.ddp not found, will not use a pak cache.
[2017.02.06-20.11.57:674][  0]LogDerivedDataCache: Unable to find inner node Pak for hierarchical cache Hierarchy.
[2017.02.06-20.11.57:674][  0]LogDerivedDataCache: FDerivedDataBackendGraph:  CompressedPak pak cache file ../../../../../../Unreal Projects/BLKO/DerivedDataCache/Compressed.ddp not found, will not use a pak cache.
[2017.02.06-20.11.57:674][  0]LogDerivedDataCache: Unable to find inner node CompressedPak for hierarchical cache Hierarchy.
[2017.02.06-20.11.57:692][  0]LogDerivedDataCache:Display: Pak cache opened for reading ../../../Engine/DerivedDataCache/Compressed.ddp.
[2017.02.06-20.11.57:705][  0]LogDerivedDataCache: Using Local data cache path C:/Users/Carlos/AppData/Local/UnrealEngine/Common/DerivedDataCache: Writable
[2017.02.06-20.11.57:952][  0]LogAssetRegistry: FAssetRegistry took 0.0001 seconds to start up
[2017.02.06-20.11.57:960][  0]LogPackageLocalizationCache: Processed 3 localized package path(s) for 2 prioritized culture(s) in 0.008634 seconds
[2017.02.06-20.11.57:981][  0]LogInit: Selected Device Profile: [Windows]
[2017.02.06-20.11.57:984][  0]LogContentStreaming: Texture pool size is 1000.00 MB
[2017.02.06-20.11.58:210][  0]LogMeshUtilities: Using QuadricMeshReduction for automatic static mesh reduction
[2017.02.06-20.11.58:250][  0]LogSimplygon: Simplygon DLL not present - disabling.
[2017.02.06-20.11.58:296][  0]LogMeshUtilities: Using SimplygonSwarm for distributed automatic mesh merging
[2017.02.06-20.11.58:296][  0]LogMeshUtilities: No automatic skeletal mesh reduction module available
[2017.02.06-20.11.58:296][  0]LogMeshUtilities: No automatic mesh merging module available
[2017.02.06-20.11.58:897][  0]LogNetVersion: GetLocalNetworkVersion: CL: 3195953, ProjectName: blko, ProjectVersion: , EngineNetworkVersion: 2, GameNetworkVersion: 0, NetworkChecksum: 172567305
[2017.02.06-20.11.58:967][  0]LogInit: WinSock: version 1.1 (2.2), MaxSocks=32767, MaxUdp=65467
[2017.02.06-20.11.59:625][  0]LogSlate: Using Freetype 2.6.0
[2017.02.06-20.11.59:625][  0]LogSlate: SlateFontCache - WITH_FREETYPE: 1, WITH_HARFBUZZ: 1
[2017.02.06-20.11.59:626][  0]LogSlate: SlateFontCache - WITH_FREETYPE: 1, WITH_HARFBUZZ: 1
[2017.02.06-20.11.59:751][  0]LogMoviePlayer: Initializing movie player
[2017.02.06-20.11.59:839][  0]LogWindowsMoviePlayer: Unable to load movie: ../../../../../../Unreal Projects/BLKO/Content/Movies/Default_Startup.mp4
[2017.02.06-20.12.00:005][  0]LogTcpMessaging: Initializing TcpMessaging bridge
[2017.02.06-20.12.00:041][  0]LogUdpMessaging: Initializing bridge on interface 0.0.0.0:0 to multicast group 230.0.0.1:6666.
[2017.02.06-20.12.00:218][  0]SourceControl: Info Source control is disabled
[2017.02.06-20.12.00:218][  0]SourceControl: Info Source control is disabled
[2017.02.06-20.12.00:263][  0]SourceControl: Info Source control is disabled
[2017.02.06-20.12.00:905][  0]LogUObjectArray: 33574 objects as part of root set at end of initial load.
[2017.02.06-20.12.00:905][  0]LogUObjectAllocator: 7445928 out of 0 bytes used by permanent object pool.
[2017.02.06-20.12.00:905][  0]LogUObjectArray: CloseDisregardForGC: 0/0 objects in disregard for GC pool
[2017.02.06-20.12.01:014][  0]LogEngine: Initializing Engine...
[2017.02.06-20.12.01:014][  0]LogHMD: Failed to initialize OpenVR with code 110
[2017.02.06-20.12.01:172][  0]LogInit: XAudio2 using 'Speakers / Headphones (Realtek High Definition Audio)' : 2 channels at 48 kHz using 32 bits per sample (channel mask 0x3)
[2017.02.06-20.12.01:189][  0]LogInit: FAudioDevice initialized.
[2017.02.06-20.12.01:211][  0]LogInit: Texture streaming: Enabled
[2017.02.06-20.12.01:231][  0]LogMaterial: Uniform references updated for custom material expression Custom.
[2017.02.06-20.12.01:590][  0]LogInit:Display: Game Engine Initialized.
[2017.02.06-20.12.01:721][  0]LogInit:Display: Starting Game.
[2017.02.06-20.12.01:721][  0]LogNet: Browse: /Temp/Autosaves/Game/GameBlueprints/Maps/UEDPCMain?Name=Player
[2017.02.06-20.12.01:721][  0]LogLoad: LoadMap: /Temp/Autosaves/Game/GameBlueprints/Maps/UEDPCMain?Name=Player
[2017.02.06-20.12.01:743][  0]LogMemory: Platform Memory Stats for Windows
[2017.02.06-20.12.01:743][  0]LogMemory: Process Physical Memory: 661.09 MB used, 685.23 MB peak
[2017.02.06-20.12.01:743][  0]LogMemory: Process Virtual Memory: 715.03 MB used, 715.17 MB peak
[2017.02.06-20.12.01:743][  0]LogMemory: Physical Memory: 7939.19 MB used,  8325.83 MB free, 16265.02 MB total
[2017.02.06-20.12.01:743][  0]LogMemory: Virtual Memory: 1347.43 MB used,  8325.83 MB free, 134217728.00 MB total
[2017.02.06-20.12.01:743][  0]LogMemory: 
[2017.02.06-20.12.01:743][  0]Allocator Stats for TBB: (not implemented)
[2017.02.06-20.12.01:939][  0]LogAIModule: Creating AISystem for world Main
[2017.02.06-20.12.01:940][  0]LogLinker:Warning: Can't find file '/Game/PuzzleBP/Blueprints/PuzzleGameMode'
[2017.02.06-20.12.01:940][  0]LogUObjectGlobals:Warning: Failed to load '/Game/PuzzleBP/Blueprints/PuzzleGameMode': Can't find file '/Game/PuzzleBP/Blueprints/PuzzleGameMode'
[2017.02.06-20.12.01:940][  0]LogLinker:Warning: Can't find file '/Game/PuzzleBP/Blueprints/PuzzleGameMode'
[2017.02.06-20.12.01:940][  0]LogUObjectGlobals:Warning: Failed to load '/Game/PuzzleBP/Blueprints/PuzzleGameMode': Can't find file '/Game/PuzzleBP/Blueprints/PuzzleGameMode'
[2017.02.06-20.12.01:940][  0]LogUObjectGlobals:Warning: Failed to find object 'Class /Game/PuzzleBP/Blueprints/PuzzleGameMode.PuzzleGameMode_C'
[2017.02.06-20.12.01:940][  0]LogLoad: Game class is 'GameModeBase'
[2017.02.06-20.12.01:942][  0]LogWorld: Bringing World /Temp/Autosaves/Game/GameBlueprints/Maps/UEDPCMain.Main up for play (max tick rate 0) at 2017.02.06-20.12.01
[2017.02.06-20.12.01:942][  0]LogWorld: Bringing up level for play took: 0.000798
[2017.02.06-20.12.01:949][  0]LogLoad: Took 0.227033 seconds to LoadMap(/Temp/Autosaves/Game/GameBlueprints/Maps/UEDPCMain)
[2017.02.06-20.12.02:283][  0]LogLoad: (Engine Initialization) Total time: 8.74 seconds
[2017.02.06-20.12.02:283][  0]LogLoad: (Engine Initialization) Total Blueprint compile time: 0.07 seconds
[2017.02.06-20.12.02:283][  0]LogExternalProfiler: Found external profiler: VSPerf
[2017.02.06-20.12.02:283][  0]LogExternalProfiler: Using external profiler: VSPerf
[2017.02.06-20.12.02:300][  0]LogWindowsTextInputMethodSystem:Display: IME system now deactivated.
[2017.02.06-20.12.02:300][  0]LogOcInput: OculusInput pre-init called
[2017.02.06-20.12.02:407][  2]LogRenderer: Reallocating scene render targets to support 1280x720 NumSamples 1 (Frame:2).
[2017.02.06-20.12.05:463][177]LogPackageName: SearchForPackageOnDisk took   0.059s to resolve LevelMap.umap.
[2017.02.06-20.12.05:522][177]LogPackageName: SearchForPackageOnDisk took   0.057s to resolve LevelMap.umap.
[2017.02.06-20.12.05:522][177]LogNet: Browse: /Game/GameBlueprints/Maps/LevelMap
[2017.02.06-20.12.05:522][177]LogLoad: LoadMap: /Game/GameBlueprints/Maps/LevelMap
[2017.02.06-20.12.05:546][177]LogMemory: Platform Memory Stats for Windows
[2017.02.06-20.12.05:546][177]LogMemory: Process Physical Memory: 720.86 MB used, 720.86 MB peak
[2017.02.06-20.12.05:546][177]LogMemory: Process Virtual Memory: 876.52 MB used, 876.84 MB peak
[2017.02.06-20.12.05:546][177]LogMemory: Physical Memory: 7981.25 MB used,  8283.78 MB free, 16265.02 MB total
[2017.02.06-20.12.05:546][177]LogMemory: Virtual Memory: 1518.44 MB used,  8283.78 MB free, 134217728.00 MB total
[2017.02.06-20.12.05:546][177]LogMemory: 
[2017.02.06-20.12.05:546][177]Allocator Stats for TBB: (not implemented)
[2017.02.06-20.12.06:594][177]LogAIModule: Creating AISystem for world LevelMap
[2017.02.06-20.12.06:594][177]LogLoad: Game class is 'BLKOGameMode_C'
[2017.02.06-20.12.06:603][177]LogWorld: Bringing World /Game/GameBlueprints/Maps/LevelMap.LevelMap up for play (max tick rate 0) at 2017.02.06-20.12.06
[2017.02.06-20.12.06:603][177]LogGameMode:Warning: No GameStateClass was specified in BLKOGameMode_C_0 (BLKOGameMode_C)
[2017.02.06-20.12.06:603][177]LogWorld: Bringing up level for play took: 0.006695
[2017.02.06-20.12.06:604][177]LogGameMode: Warning - PATHS NOT DEFINED or NO PLAYERSTART with positive rating
[2017.02.06-20.12.06:735][177]LogLoad: Took 1.213802 seconds to LoadMap(/Game/GameBlueprints/Maps/LevelMap)
[2017.02.06-20.12.33:714][846]LogScriptCore:Warning: Script Msg: Attempted to access index 0 from array CallFunc_GetOverlappingActors_OverlappingActors of length 0!
[2017.02.06-20.12.47:839][721]LogScriptCore:Warning: Script Msg: Attempted to access index 0 from array CallFunc_GetOverlappingActors_OverlappingActors of length 0!
[2017.02.06-20.13.01:050][540]LogScriptCore:Warning: Script Msg: Attempted to access index 0 from array CallFunc_GetOverlappingActors_OverlappingActors of length 0!
[2017.02.06-20.13.37:152][777]LogBlueprintUserMessages: [BLKOGameMode_C_0] start save
[2017.02.06-20.13.37:155][777]LogBlueprintUserMessages: [BLKOGameMode_C_0] finish save
[2017.02.06-20.13.43:623][178]LogNet: Browse: /Game/GameBlueprints/Maps/LevelMap
[2017.02.06-20.13.43:623][178]LogLoad: LoadMap: /Game/GameBlueprints/Maps/LevelMap
[2017.02.06-20.13.43:683][178]LogMemory: Platform Memory Stats for Windows
[2017.02.06-20.13.43:683][178]LogMemory: Process Physical Memory: 779.88 MB used, 814.30 MB peak
[2017.02.06-20.13.43:683][178]LogMemory: Process Virtual Memory: 1045.75 MB used, 1076.18 MB peak
[2017.02.06-20.13.43:683][178]LogMemory: Physical Memory: 8102.55 MB used,  8162.47 MB free, 16265.02 MB total
[2017.02.06-20.13.43:683][178]LogMemory: Virtual Memory: 1712.76 MB used,  8162.47 MB free, 134217728.00 MB total
[2017.02.06-20.13.43:683][178]LogMemory: 
[2017.02.06-20.13.43:683][178]Allocator Stats for TBB: (not implemented)
[2017.02.06-20.13.44:719][178]LogAIModule: Creating AISystem for world LevelMap
[2017.02.06-20.13.44:719][178]LogLoad: Game class is 'BLKOGameMode_C'
[2017.02.06-20.13.44:725][178]LogWorld: Bringing World /Game/GameBlueprints/Maps/LevelMap.LevelMap up for play (max tick rate 0) at 2017.02.06-20.13.44
[2017.02.06-20.13.44:725][178]LogGameMode:Warning: No GameStateClass was specified in BLKOGameMode_C_0 (BLKOGameMode_C)
[2017.02.06-20.13.44:726][178]LogWorld: Bringing up level for play took: 0.004574
[2017.02.06-20.13.44:726][178]LogGameMode: Warning - PATHS NOT DEFINED or NO PLAYERSTART with positive rating
[2017.02.06-20.13.44:852][178]LogLoad: Took 1.229274 seconds to LoadMap(/Game/GameBlueprints/Maps/LevelMap)
[2017.02.06-20.13.47:534][338]LogPackageName: SearchForPackageOnDisk took   0.058s to resolve Main.umap.
[2017.02.06-20.13.47:591][338]LogPackageName: SearchForPackageOnDisk took   0.056s to resolve Main.umap.
[2017.02.06-20.13.47:591][338]LogNet: Browse: /Game/GameBlueprints/Maps/Main
[2017.02.06-20.13.47:591][338]LogLoad: LoadMap: /Game/GameBlueprints/Maps/Main
[2017.02.06-20.13.47:672][338]LogMemory: Platform Memory Stats for Windows
[2017.02.06-20.13.47:672][338]LogMemory: Process Physical Memory: 807.60 MB used, 815.52 MB peak
[2017.02.06-20.13.47:672][338]LogMemory: Process Virtual Memory: 1158.51 MB used, 1166.65 MB peak
[2017.02.06-20.13.47:672][338]LogMemory: Physical Memory: 8138.95 MB used,  8126.08 MB free, 16265.02 MB total
[2017.02.06-20.13.47:672][338]LogMemory: Virtual Memory: 1820.82 MB used,  8126.08 MB free, 134217728.00 MB total
[2017.02.06-20.13.47:672][338]LogMemory: 
[2017.02.06-20.13.47:672][338]Allocator Stats for TBB: (not implemented)
[2017.02.06-20.13.47:756][338]LogAIModule: Creating AISystem for world Main
[2017.02.06-20.13.47:757][338]LogLinker:Warning: Can't find file '/Game/PuzzleBP/Blueprints/PuzzleGameMode'
[2017.02.06-20.13.47:757][338]LogUObjectGlobals:Warning: Failed to load '/Game/PuzzleBP/Blueprints/PuzzleGameMode': Can't find file '/Game/PuzzleBP/Blueprints/PuzzleGameMode'
[2017.02.06-20.13.47:757][338]LogLinker:Warning: Can't find file '/Game/PuzzleBP/Blueprints/PuzzleGameMode'
[2017.02.06-20.13.47:757][338]LogUObjectGlobals:Warning: Failed to load '/Game/PuzzleBP/Blueprints/PuzzleGameMode': Can't find file '/Game/PuzzleBP/Blueprints/PuzzleGameMode'
[2017.02.06-20.13.47:757][338]LogUObjectGlobals:Warning: Failed to find object 'Class /Game/PuzzleBP/Blueprints/PuzzleGameMode.PuzzleGameMode_C'
[2017.02.06-20.13.47:757][338]LogLoad: Game class is 'GameModeBase'
[2017.02.06-20.13.47:759][338]LogWorld: Bringing World /Game/GameBlueprints/Maps/Main.Main up for play (max tick rate 0) at 2017.02.06-20.13.47
[2017.02.06-20.13.47:760][338]LogWorld: Bringing up level for play took: 0.000861
[2017.02.06-20.13.47:760][338]LogGameMode: Warning - PATHS NOT DEFINED or NO PLAYERSTART with positive rating
[2017.02.06-20.13.47:764][338]LogLoad: Took 0.172366 seconds to LoadMap(/Game/GameBlueprints/Maps/Main)
[2017.02.06-20.13.49:702][459]Closing by request
[2017.02.06-20.13.49:702][459]LogWindows: FPlatformMisc::RequestExit(0)
[2017.02.06-20.13.49:704][460]LogMoviePlayer: Shutting down movie player
[2017.02.06-20.13.50:084][460]LogWindowsTextInputMethodSystem:Display: IME system now deactivated.
[2017.02.06-20.13.50:091][460]LogExit: Preparing to exit.
[2017.02.06-20.13.51:229][460]LogExit: Game engine shut down
[2017.02.06-20.13.51:306][460]LogObj: Freed 0b from 0 cluster array pools.
[2017.02.06-20.13.51:306][460]LogExit: Object subsystem successfully closed.
[2017.02.06-20.13.51:331][460]LogD3D11RHI: Shutdown
[2017.02.06-20.13.51:331][460]LogD3D11RHI: CleanupD3DDevice
[2017.02.06-20.13.51:421][460]LogD3D11RHI: ~FD3D11DynamicRHI
[2017.02.06-20.13.51:437][460]LogModuleManager: Shutting down and abandoning module SequenceRecorderSections (126)
[2017.02.06-20.13.51:437][460]LogModuleManager: Shutting down and abandoning module SequenceRecorder (125)
[2017.02.06-20.13.51:437][460]LogModuleManager: Shutting down and abandoning module AutomationController (124)
[2017.02.06-20.13.51:437][460]LogModuleManager: Shutting down and abandoning module AutomationWorker (123)
[2017.02.06-20.13.51:437][460]LogModuleManager: Shutting down and abandoning module GameplayDebugger (122)
[2017.02.06-20.13.51:437][460]LogModuleManager: Shutting down and abandoning module AITestSuite (121)
[2017.02.06-20.13.51:437][460]LogModuleManager: Shutting down and abandoning module AIModule (120)
[2017.02.06-20.13.51:437][460]LogModuleManager: Shutting down and abandoning module WmfMediaFactory (119)
[2017.02.06-20.13.51:437][460]LogModuleManager: Shutting down and abandoning module AvfMediaFactory (118)
[2017.02.06-20.13.51:437][460]LogModuleManager: Shutting down and abandoning module Media (117)
[2017.02.06-20.13.51:437][460]LogModuleManager: Shutting down and abandoning module AndroidMediaFactory (116)
[2017.02.06-20.13.51:437][460]LogModuleManager: Shutting down and abandoning module CharacterAI (115)
[2017.02.06-20.13.51:437][460]LogModuleManager: Shutting down and abandoning module SessionServices (114)
[2017.02.06-20.13.51:437][460]LogModuleManager: Shutting down and abandoning module MovieSceneCapture (113)
[2017.02.06-20.13.51:437][460]LogModuleManager: Shutting down and abandoning module GeometryCacheEd (112)
[2017.02.06-20.13.51:437][460]LogModuleManager: Shutting down and abandoning module GeometryCache (111)
[2017.02.06-20.13.51:437][460]LogModuleManager: Shutting down and abandoning module Niagara (110)
[2017.02.06-20.13.51:437][460]LogModuleManager: Shutting down and abandoning module StreamingPauseRendering (109)
[2017.02.06-20.13.51:437][460]LogModuleManager: Shutting down and abandoning module PortalServices (108)
[2017.02.06-20.13.51:437][460]LogModuleManager: Shutting down and abandoning module PortalRpc (107)
[2017.02.06-20.13.51:437][460]LogModuleManager: Shutting down and abandoning module MessagingRpc (106)
[2017.02.06-20.13.51:437][460]LogModuleManager: Shutting down and abandoning module ProfilerService (105)
