Log file open, 02/07/17 09:50:16
LogInit:Display: Running engine for game: BLKO
LogPlatformFile: Not using cached read wrapper
LogInit:Display: RandInit(-1379085149) SRandInit(-1379085148).
LogTaskGraph: Started task graph with 5 named threads and 8 total threads with 1 sets of task threads.
LogStats: Stats thread started at 0.091183
LogPluginManager: Loaded Plugin Paper2D, From D:/Program Files/Epic Games/4.14/Engine/Plugins/2D/Paper2D/Paper2D.uplugin
LogPluginManager: Loaded Plugin LightPropagationVolume, From D:/Program Files/Epic Games/4.14/Engine/Plugins/Blendables/LightPropagationVolume/LightPropagationVolume.uplugin
LogPluginManager: Loaded Plugin BlankPlugin, From D:/Program Files/Epic Games/4.14/Engine/Plugins/Developer/BlankPlugin/BlankPlugin.uplugin
LogPluginManager: Loaded Plugin CodeLiteSourceCodeAccess, From D:/Program Files/Epic Games/4.14/Engine/Plugins/Developer/CodeLiteSourceCodeAccess/CodeLiteSourceCodeAccess.uplugin
LogPluginManager: Loaded Plugin GitSourceControl, From D:/Program Files/Epic Games/4.14/Engine/Plugins/Developer/GitSourceControl/GitSourceControl.uplugin
LogPluginManager: Loaded Plugin KDevelopSourceCodeAccess, From D:/Program Files/Epic Games/4.14/Engine/Plugins/Developer/KDevelopSourceCodeAccess/KDevelopSourceCodeAccess.uplugin
LogPluginManager: Loaded Plugin NullSourceCodeAccess, From D:/Program Files/Epic Games/4.14/Engine/Plugins/Developer/NullSourceCodeAccess/NullSourceCodeAccess.uplugin
LogPluginManager: Loaded Plugin OneSkyLocalizationService, From D:/Program Files/Epic Games/4.14/Engine/Plugins/Developer/OneSkyLocalizationService/OneSkyLocalizationService.uplugin
LogPluginManager: Loaded Plugin PerforceSourceControl, From D:/Program Files/Epic Games/4.14/Engine/Plugins/Developer/PerforceSourceControl/PerforceSourceControl.uplugin
LogPluginManager: Loaded Plugin SubversionSourceControl, From D:/Program Files/Epic Games/4.14/Engine/Plugins/Developer/SubversionSourceControl/SubversionSourceControl.uplugin
LogPluginManager: Loaded Plugin UObjectPlugin, From D:/Program Files/Epic Games/4.14/Engine/Plugins/Developer/UObjectPlugin/UObjectPlugin.uplugin
LogPluginManager: Loaded Plugin VisualStudioSourceCodeAccess, From D:/Program Files/Epic Games/4.14/Engine/Plugins/Developer/VisualStudioSourceCodeAccess/VisualStudioSourceCodeAccess.uplugin
LogPluginManager: Loaded Plugin XCodeSourceCodeAccess, From D:/Program Files/Epic Games/4.14/Engine/Plugins/Developer/XCodeSourceCodeAccess/XCodeSourceCodeAccess.uplugin
LogPluginManager: Loaded Plugin AudioCapture, From D:/Program Files/Epic Games/4.14/Engine/Plugins/Editor/AudioCapture/AudioCapture.uplugin
LogPluginManager: Loaded Plugin EpicSurvey, From D:/Program Files/Epic Games/4.14/Engine/Plugins/Editor/EpicSurvey/EpicSurvey.uplugin
LogPluginManager: Loaded Plugin MacGraphicsSwitching, From D:/Program Files/Epic Games/4.14/Engine/Plugins/Editor/MacGraphicsSwitching/MacGraphicsSwitching.uplugin
LogPluginManager: Loaded Plugin MobileLauncherProfileWizard, From D:/Program Files/Epic Games/4.14/Engine/Plugins/Editor/MobileLauncherProfileWizard/MobileLauncherProfileWizard.uplugin
LogPluginManager: Loaded Plugin PluginBrowser, From D:/Program Files/Epic Games/4.14/Engine/Plugins/Editor/PluginBrowser/PluginBrowser.uplugin
LogPluginManager: Loaded Plugin SpeedTreeImporter, From D:/Program Files/Epic Games/4.14/Engine/Plugins/Editor/SpeedTreeImporter/SpeedTreeImporter.uplugin
LogPluginManager: Loaded Plugin SuperSearchEditor, From D:/Program Files/Epic Games/4.14/Engine/Plugins/Editor/SuperSearchEditor/SuperSearchEditor.uplugin
LogPluginManager: Loaded Plugin AlembicImporter, From D:/Program Files/Epic Games/4.14/Engine/Plugins/Experimental/AlembicImporter/AlembicImporter.uplugin
LogPluginManager: Loaded Plugin BlueprintStats, From D:/Program Files/Epic Games/4.14/Engine/Plugins/Experimental/BlueprintStats/BlueprintStats.uplugin
LogPluginManager: Loaded Plugin CharacterAI, From D:/Program Files/Epic Games/4.14/Engine/Plugins/Experimental/CharacterAI/CharacterAI.uplugin
LogPluginManager: Loaded Plugin CodeEditor, From D:/Program Files/Epic Games/4.14/Engine/Plugins/Experimental/CodeEditor/CodeEditor.uplugin
LogPluginManager: Loaded Plugin CodeView, From D:/Program Files/Epic Games/4.14/Engine/Plugins/Experimental/CodeView/CodeView.uplugin
LogPluginManager: Loaded Plugin HTML5Networking, From D:/Program Files/Epic Games/4.14/Engine/Plugins/Experimental/HTML5Networking/HTML5Networking.uplugin
LogPluginManager: Loaded Plugin OSVR, From D:/Program Files/Epic Games/4.14/Engine/Plugins/Experimental/OSVR/OSVR.uplugin
LogPluginManager: Loaded Plugin Phya, From D:/Program Files/Epic Games/4.14/Engine/Plugins/Experimental/Phya/Phya.uplugin
LogPluginManager: Loaded Plugin SignificanceManager, From D:/Program Files/Epic Games/4.14/Engine/Plugins/Experimental/SignificanceManager/SignificanceManager.uplugin
LogPluginManager: Loaded Plugin SimpleHMD, From D:/Program Files/Epic Games/4.14/Engine/Plugins/Experimental/SimpleHMD/SimpleHMD.uplugin
LogPluginManager: Loaded Plugin StereoPanorama, From D:/Program Files/Epic Games/4.14/Engine/Plugins/Experimental/StereoPanorama/StereoPanorama.uplugin
LogPluginManager: Loaded Plugin StructBox, From D:/Program Files/Epic Games/4.14/Engine/Plugins/Experimental/StructBox/StructBox.uplugin
LogPluginManager: Loaded Plugin AndroidMedia, From D:/Program Files/Epic Games/4.14/Engine/Plugins/Media/AndroidMedia/AndroidMedia.uplugin
LogPluginManager: Loaded Plugin AvfMedia, From D:/Program Files/Epic Games/4.14/Engine/Plugins/Media/AvfMedia/AvfMedia.uplugin
LogPluginManager: Loaded Plugin MediaPlayerEditor, From D:/Program Files/Epic Games/4.14/Engine/Plugins/Media/MediaPlayerEditor/MediaPlayerEditor.uplugin
LogPluginManager: Loaded Plugin WmfMedia, From D:/Program Files/Epic Games/4.14/Engine/Plugins/Media/WmfMedia/WmfMedia.uplugin
LogPluginManager: Loaded Plugin MessagingDebugger, From D:/Program Files/Epic Games/4.14/Engine/Plugins/Messaging/MessagingDebugger/MessagingDebugger.uplugin
LogPluginManager: Loaded Plugin TcpMessaging, From D:/Program Files/Epic Games/4.14/Engine/Plugins/Messaging/TcpMessaging/TcpMessaging.uplugin
LogPluginManager: Loaded Plugin UdpMessaging, From D:/Program Files/Epic Games/4.14/Engine/Plugins/Messaging/UdpMessaging/UdpMessaging.uplugin
LogPluginManager: Loaded Plugin LevelSequenceEditor, From D:/Program Files/Epic Games/4.14/Engine/Plugins/MovieScene/LevelSequenceEditor/LevelSequenceEditor.uplugin
LogPluginManager: Loaded Plugin MatineeToLevelSequence, From D:/Program Files/Epic Games/4.14/Engine/Plugins/MovieScene/MatineeToLevelSequence/MatineeToLevelSequence.uplugin
LogPluginManager: Loaded Plugin NetcodeUnitTest, From D:/Program Files/Epic Games/4.14/Engine/Plugins/NetcodeUnitTest/NetcodeUnitTest/NetcodeUnitTest.uplugin
LogPluginManager: Loaded Plugin NUTUnrealEngine4, From D:/Program Files/Epic Games/4.14/Engine/Plugins/NetcodeUnitTest/NUTUnrealEngine4/NUTUnrealEngine4.uplugin
LogPluginManager: Loaded Plugin OnlineSubsystemGameCircle, From D:/Program Files/Epic Games/4.14/Engine/Plugins/Online/Android/OnlineSubsystemGameCircle/OnlineSubsystemGameCircle.uplugin
LogPluginManager: Loaded Plugin OnlineSubsystemGooglePlay, From D:/Program Files/Epic Games/4.14/Engine/Plugins/Online/Android/OnlineSubsystemGooglePlay/OnlineSubsystemGooglePlay.uplugin
LogPluginManager: Loaded Plugin OnlineSubsystemIOS, From D:/Program Files/Epic Games/4.14/Engine/Plugins/Online/IOS/OnlineSubsystemIOS/OnlineSubsystemIOS.uplugin
LogPluginManager: Loaded Plugin OnlineFramework, From D:/Program Files/Epic Games/4.14/Engine/Plugins/Online/OnlineFramework/OnlineFramework.uplugin
LogPluginManager: Loaded Plugin OnlineSubsystem, From D:/Program Files/Epic Games/4.14/Engine/Plugins/Online/OnlineSubsystem/OnlineSubsystem.uplugin
LogPluginManager: Loaded Plugin OnlineSubsystemAmazon, From D:/Program Files/Epic Games/4.14/Engine/Plugins/Online/OnlineSubsystemAmazon/OnlineSubsystemAmazon.uplugin
LogPluginManager: Loaded Plugin OnlineSubsystemFacebook, From D:/Program Files/Epic Games/4.14/Engine/Plugins/Online/OnlineSubsystemFacebook/OnlineSubsystemFacebook.uplugin
LogPluginManager: Loaded Plugin OnlineSubsystemNull, From D:/Program Files/Epic Games/4.14/Engine/Plugins/Online/OnlineSubsystemNull/OnlineSubsystemNull.uplugin
LogPluginManager: Loaded Plugin OnlineSubsystemOculus, From D:/Program Files/Epic Games/4.14/Engine/Plugins/Online/OnlineSubsystemOculus/OnlineSubsystemOculus.uplugin
LogPluginManager: Loaded Plugin OnlineSubsystemSteam, From D:/Program Files/Epic Games/4.14/Engine/Plugins/Online/OnlineSubsystemSteam/OnlineSubsystemSteam.uplugin
LogPluginManager: Loaded Plugin OnlineSubsystemUtils, From D:/Program Files/Epic Games/4.14/Engine/Plugins/Online/OnlineSubsystemUtils/OnlineSubsystemUtils.uplugin
LogPluginManager: Loaded Plugin IOSTapJoy, From D:/Program Files/Epic Games/4.14/Engine/Plugins/Runtime/Advertising/IOSTapJoy/IOSTapJoy.uplugin
LogPluginManager: Loaded Plugin AnalyticsBlueprintLibrary, From D:/Program Files/Epic Games/4.14/Engine/Plugins/Runtime/Analytics/AnalyticsBlueprintLibrary/AnalyticsBlueprintLibrary.uplugin
LogPluginManager: Loaded Plugin AnalyticsMulticast, From D:/Program Files/Epic Games/4.14/Engine/Plugins/Runtime/Analytics/AnalyticsMulticast/AnalyticsMulticast.uplugin
LogPluginManager: Loaded Plugin Apsalar, From D:/Program Files/Epic Games/4.14/Engine/Plugins/Runtime/Analytics/Apsalar/Apsalar.uplugin
LogPluginManager: Loaded Plugin FileLogging, From D:/Program Files/Epic Games/4.14/Engine/Plugins/Runtime/Analytics/FileLogging/FileLogging.uplugin
LogPluginManager: Loaded Plugin Flurry, From D:/Program Files/Epic Games/4.14/Engine/Plugins/Runtime/Analytics/Flurry/Flurry.uplugin
LogPluginManager: Loaded Plugin AndroidDeviceProfileSelector, From D:/Program Files/Epic Games/4.14/Engine/Plugins/Runtime/AndroidDeviceProfileSelector/AndroidDeviceProfileSelector.uplugin
LogPluginManager: Loaded Plugin AndroidMoviePlayer, From D:/Program Files/Epic Games/4.14/Engine/Plugins/Runtime/AndroidMoviePlayer/AndroidMoviePlayer.uplugin
LogPluginManager: Loaded Plugin AppleMoviePlayer, From D:/Program Files/Epic Games/4.14/Engine/Plugins/Runtime/AppleMoviePlayer/AppleMoviePlayer.uplugin
LogPluginManager: Loaded Plugin ArchVisCharacter, From D:/Program Files/Epic Games/4.14/Engine/Plugins/Runtime/ArchVisCharacter/ArchVisCharacter.uplugin
LogPluginManager: Loaded Plugin CableComponent, From D:/Program Files/Epic Games/4.14/Engine/Plugins/Runtime/CableComponent/CableComponent.uplugin
LogPluginManager: Loaded Plugin CustomMeshComponent, From D:/Program Files/Epic Games/4.14/Engine/Plugins/Runtime/CustomMeshComponent/CustomMeshComponent.uplugin
LogPluginManager: Loaded Plugin ExampleDeviceProfileSelector, From D:/Program Files/Epic Games/4.14/Engine/Plugins/Runtime/ExampleDeviceProfileSelector/ExampleDeviceProfileSelector.uplugin
LogPluginManager: Loaded Plugin GearVR, From D:/Program Files/Epic Games/4.14/Engine/Plugins/Runtime/GearVR/GearVR.uplugin
LogPluginManager: Loaded Plugin GoogleVRController, From D:/Program Files/Epic Games/4.14/Engine/Plugins/Runtime/GoogleVR/GoogleVRController/GoogleVRController.uplugin
LogPluginManager: Loaded Plugin GoogleVRHMD, From D:/Program Files/Epic Games/4.14/Engine/Plugins/Runtime/GoogleVR/GoogleVRHMD/GoogleVRHMD.uplugin
LogPluginManager: Loaded Plugin IOSDeviceProfileSelector, From D:/Program Files/Epic Games/4.14/Engine/Plugins/Runtime/IOSDeviceProfileSelector/IOSDeviceProfileSelector.uplugin
LogPluginManager: Loaded Plugin LeapMotion, From D:/Program Files/Epic Games/4.14/Engine/Plugins/Runtime/LeapMotion/LeapMotion.uplugin
LogPluginManager: Loaded Plugin LinuxDeviceProfileSelector, From D:/Program Files/Epic Games/4.14/Engine/Plugins/Runtime/LinuxDeviceProfileSelector/LinuxDeviceProfileSelector.uplugin
LogPluginManager: Loaded Plugin MIDIDevice, From D:/Program Files/Epic Games/4.14/Engine/Plugins/Runtime/MIDIDevice/MIDIDevice.uplugin
LogPluginManager: Loaded Plugin MobilePatchingUtils, From D:/Program Files/Epic Games/4.14/Engine/Plugins/Runtime/MobilePatchingUtils/MobilePatchingUtils.uplugin
LogPluginManager: Loaded Plugin Ansel, From D:/Program Files/Epic Games/4.14/Engine/Plugins/Runtime/Nvidia/Ansel/Ansel.uplugin
LogPluginManager: Loaded Plugin OculusAudio, From D:/Program Files/Epic Games/4.14/Engine/Plugins/Runtime/OculusAudio/OculusAudio.uplugin
LogPluginManager: Loaded Plugin OculusInput, From D:/Program Files/Epic Games/4.14/Engine/Plugins/Runtime/OculusInput/OculusInput.uplugin
LogPluginManager: Loaded Plugin OculusLibrary, From D:/Program Files/Epic Games/4.14/Engine/Plugins/Runtime/OculusLibrary/OculusLibrary.uplugin
LogPluginManager: Loaded Plugin OculusRift, From D:/Program Files/Epic Games/4.14/Engine/Plugins/Runtime/OculusRift/OculusRift.uplugin
LogPluginManager: Loaded Plugin Oodle, From D:/Program Files/Epic Games/4.14/Engine/Plugins/Runtime/PacketHandlers/CompressionComponents/Oodle/Oodle.uplugin
LogPluginManager: Loaded Plugin ProceduralMeshComponent, From D:/Program Files/Epic Games/4.14/Engine/Plugins/Runtime/ProceduralMeshComponent/ProceduralMeshComponent.uplugin
LogPluginManager: Loaded Plugin SoundMod, From D:/Program Files/Epic Games/4.14/Engine/Plugins/Runtime/SoundMod/SoundMod.uplugin
LogPluginManager: Loaded Plugin SoundVisualizations, From D:/Program Files/Epic Games/4.14/Engine/Plugins/Runtime/SoundVisualizations/SoundVisualizations.uplugin
LogPluginManager: Loaded Plugin SteamController, From D:/Program Files/Epic Games/4.14/Engine/Plugins/Runtime/Steam/SteamController/SteamController.uplugin
LogPluginManager: Loaded Plugin SteamVR, From D:/Program Files/Epic Games/4.14/Engine/Plugins/Runtime/Steam/SteamVR/SteamVR.uplugin
LogPluginManager: Loaded Plugin WebBrowserWidget, From D:/Program Files/Epic Games/4.14/Engine/Plugins/Runtime/WebBrowserWidget/WebBrowserWidget.uplugin
LogPluginManager: Loaded Plugin WindowsDeviceProfileSelector, From D:/Program Files/Epic Games/4.14/Engine/Plugins/Runtime/WindowsDeviceProfileSelector/WindowsDeviceProfileSelector.uplugin
LogPluginManager: Loaded Plugin WindowsMoviePlayer, From D:/Program Files/Epic Games/4.14/Engine/Plugins/Runtime/WindowsMoviePlayer/WindowsMoviePlayer.uplugin
LogPluginManager: Loaded Plugin ScriptPlugin, From D:/Program Files/Epic Games/4.14/Engine/Plugins/ScriptPlugin/ScriptPlugin.uplugin
LogPluginManager: Loaded Plugin SlateRemote, From D:/Program Files/Epic Games/4.14/Engine/Plugins/Slate/SlateRemote/SlateRemote.uplugin
LogPluginManager: Loaded Plugin EditorTests, From D:/Program Files/Epic Games/4.14/Engine/Plugins/Tests/EditorTests/EditorTests.uplugin
LogPluginManager: Loaded Plugin FbxAutomationTestBuilder, From D:/Program Files/Epic Games/4.14/Engine/Plugins/Tests/FbxAutomationTestBuilder/FbxAutomationTestBuilder.uplugin
LogPluginManager: Loaded Plugin FunctionalTestingEditor, From D:/Program Files/Epic Games/4.14/Engine/Plugins/Tests/FunctionalTestingEditor/FunctionalTestingEditor.uplugin
LogPluginManager: Loaded Plugin RuntimeTests, From D:/Program Files/Epic Games/4.14/Engine/Plugins/Tests/RuntimeTests/RuntimeTests.uplugin
LogPluginManager: Loaded Plugin ScreenshotTools, From D:/Program Files/Epic Games/4.14/Engine/Plugins/Tests/ScreenshotTools/ScreenshotTools.uplugin
LogInit: Using libcurl 7.47.1
LogInit:  - built for x86_64-pc-win32
LogInit:  - supports SSL with OpenSSL/1.0.2g
LogInit:  - supports HTTP deflate (compression) using libz 1.2.8
LogInit:  - other features:
LogInit:      CURL_VERSION_SSL
LogInit:      CURL_VERSION_LIBZ
LogInit:      CURL_VERSION_IPV6
LogInit:      CURL_VERSION_ASYNCHDNS
LogInit:      CURL_VERSION_LARGEFILE
LogInit:      CURL_VERSION_IDN
LogInit:  CurlRequestOptions (configurable via config and command line):
LogInit:  - bVerifyPeer = false  - Libcurl will NOT verify peer certificate
LogInit:  - bUseHttpProxy = false  - Libcurl will NOT use HTTP proxy
LogInit:  - bDontReuseConnections = false  - Libcurl will reuse connections
LogInit:  - CertBundlePath = nullptr  - Libcurl will use whatever was configured at build time.
LogInit: Build: ++UE4+Release-4.14-CL-3249277
LogInit: Engine Version: 4.14.3-3249277+++UE4+Release-4.14
LogInit: Compatible Engine Version: 4.14.0-3195953+++UE4+Release-4.14
LogInit: Net CL: 3195953
LogDevObjectVersion: Number of dev versions registered: 13
LogDevObjectVersion:   Dev-Blueprints (B0D832E4-1F89-4F0D-ACCF-7EB736FD4AA2): 7
LogDevObjectVersion:   Dev-Build (E1C64328-A22C-4D53-A36C-8E866417BD8C): 0
LogDevObjectVersion:   Dev-Core (375EC13C-06E4-48FB-B500-84F0262A717E): 1
LogDevObjectVersion:   Dev-Editor (E4B068ED-F494-42E9-A231-DA0B2E46BB41): 8
LogDevObjectVersion:   Dev-Framework (CFFC743F-43B0-4480-9391-14DF171D2073): 17
LogDevObjectVersion:   Dev-Mobile (B02B49B5-BB20-44E9-A304-32B752E40360): 0
LogDevObjectVersion:   Dev-Networking (A4E4105C-59A1-49B5-A7C5-40C4547EDFEE): 0
LogDevObjectVersion:   Dev-Online (39C831C9-5AE6-47DC-9A44-9C173E1C8E7C): 0
LogDevObjectVersion:   Dev-Physics (78F01B33-EBEA-4F98-B9B4-84EACCB95AA2): 0
LogDevObjectVersion:   Dev-Platform (6631380F-2D4D-43E0-8009-CF276956A95A): 0
LogDevObjectVersion:   Dev-Rendering (12F88B9F-8875-4AFC-A67C-D90C383ABD29): 12
LogDevObjectVersion:   Dev-Sequencer (7B5AE74C-D270-4C10-A958-57980B212A5A): 1
LogDevObjectVersion:   Dev-VR (D7296918-1DD6-4BDD-9DE2-64A83CC13884): 0
LogInit: Compiled (64-bit): Jan  6 2017 10:49:43
LogInit: Compiled with Visual C++: 19.00.23026.00
LogInit: Build Configuration: Development
LogInit: Branch Name: ++UE4+Release-4.14
LogInit: Command line:  /Temp/Autosaves/Game/GameBlueprints/Maps/UEDPCLevelMap -game -PIEVIACONSOLE -ResX=1280 -ResY=720  -Multiprocess -messaging -SessionName="Play in Standalone Game" -windowed 
LogInit: Base directory: D:/Program Files/Epic Games/4.14/Engine/Binaries/Win64/
LogInit: Installed Engine Build: 1
LogInit: Presizing for max 8388607 objects, including 0 objects not considered by GC, pre-allocating 0 bytes for permanent pool.
LogInit: Object subsystem initialized
[2017.02.07-09.50.17:013][  0]LogInit: Selected Device Profile: [Windows]
[2017.02.07-09.50.17:013][  0]LogInit: Applying CVar settings loaded from the selected device profile: [Windows]
[2017.02.07-09.50.17:017][  0]LogInit: Computer: BADIM-ALIEN
[2017.02.07-09.50.17:017][  0]LogInit: User: Carlos
[2017.02.07-09.50.17:017][  0]LogInit: CPU Page size=65536, Cores=4
[2017.02.07-09.50.17:017][  0]LogInit: High frequency timer resolution =2.338332 MHz
[2017.02.07-09.50.17:017][  0]LogMemory: Memory total: Physical=15.9GB (16GB approx)
[2017.02.07-09.50.17:017][  0]LogMemory: Platform Memory Stats for Windows
[2017.02.07-09.50.17:017][  0]LogMemory: Process Physical Memory: 263.96 MB used, 263.96 MB peak
[2017.02.07-09.50.17:017][  0]LogMemory: Process Virtual Memory: 262.92 MB used, 262.92 MB peak
[2017.02.07-09.50.17:017][  0]LogMemory: Physical Memory: 7981.89 MB used,  8283.13 MB free, 16265.02 MB total
[2017.02.07-09.50.17:017][  0]LogMemory: Virtual Memory: 676.41 MB used,  8283.13 MB free, 134217728.00 MB total
[2017.02.07-09.50.17:051][  0]LogTextLocalizationManager: No specific translations for ('en-GB') exist, so ('en') translations will be used.
[2017.02.07-09.50.17:554][  0]LogD3D11RHI: D3D11 adapters:
[2017.02.07-09.50.17:598][  0]LogD3D11RHI:    0. 'NVIDIA GeForce GTX 765M' (Feature Level 11_0)
[2017.02.07-09.50.17:598][  0]LogD3D11RHI:       2018/0/8132 MB DedicatedVideo/DedicatedSystem/SharedSystem, Outputs:2, VendorId:0x10de
[2017.02.07-09.50.17:608][  0]LogD3D11RHI:    1. 'Intel(R) HD Graphics 4600' (Feature Level 11_0)
[2017.02.07-09.50.17:608][  0]LogD3D11RHI:       112/0/2048 MB DedicatedVideo/DedicatedSystem/SharedSystem, Outputs:0, VendorId:0x8086
[2017.02.07-09.50.17:611][  0]LogD3D11RHI:    2. 'Microsoft Basic Render Driver' (Feature Level 11_0)
[2017.02.07-09.50.17:611][  0]LogD3D11RHI:       0/0/8132 MB DedicatedVideo/DedicatedSystem/SharedSystem, Outputs:0, VendorId:0x1414
[2017.02.07-09.50.17:611][  0]LogD3D11RHI: Chosen D3D11 Adapter: 0
[2017.02.07-09.50.17:663][  0]LogD3D11RHI: Creating new Direct3DDevice
[2017.02.07-09.50.17:663][  0]LogD3D11RHI:     GPU DeviceId: 0x11e1 (for the marketing name, search the web for "GPU Device Id")
[2017.02.07-09.50.17:663][  0]LogWindows: EnumDisplayDevices:
[2017.02.07-09.50.17:664][  0]LogWindows:    0. 'Intel(R) HD Graphics 4600' (P:1 D:1)
[2017.02.07-09.50.17:664][  0]LogWindows:    1. 'Intel(R) HD Graphics 4600' (P:0 D:0)
[2017.02.07-09.50.17:664][  0]LogWindows:    2. 'Intel(R) HD Graphics 4600' (P:0 D:0)
[2017.02.07-09.50.17:665][  0]LogWindows:    3. 'NVIDIA GeForce GTX 765M' (P:0 D:1)
[2017.02.07-09.50.17:665][  0]LogWindows:    4. 'NVIDIA GeForce GTX 765M' (P:0 D:0)
[2017.02.07-09.50.17:665][  0]LogWindows:    5. 'NVIDIA GeForce GTX 765M' (P:0 D:0)
[2017.02.07-09.50.17:666][  0]LogWindows:    6. 'NVIDIA GeForce GTX 765M' (P:0 D:0)
[2017.02.07-09.50.17:666][  0]LogWindows: DebugString: PrimaryIsNotTheChoosenAdapter PrimaryIsNotTheChoosenAdapter PrimaryIsNotTheChoosenAdapter FoundDriverCount:4 
[2017.02.07-09.50.17:666][  0]LogD3D11RHI:     Adapter Name: NVIDIA GeForce GTX 765M
[2017.02.07-09.50.17:666][  0]LogD3D11RHI:   Driver Version: 378.49 (internal:21.21.13.7849, unified:378.49)
[2017.02.07-09.50.17:666][  0]LogD3D11RHI:      Driver Date: 1-20-2017
[2017.02.07-09.50.17:666][  0]LogRHI: Texture pool is 1361 MB (70% of 1945 MB)
[2017.02.07-09.50.17:689][  0]LogD3D11RHI:Warning: Timestamp queries are currently disabled on this hardware due to instability. Realtime GPU stats will not be available. You can override this behaviour by setting r.NVIDIATimestampWorkaround to 0
[2017.02.07-09.50.17:689][  0]LogD3D11RHI: Async texture creation enabled
[2017.02.07-09.50.17:708][  0]LogD3D11RHI: GPU Timing Frequency: 1000.000000 (Debug: 2 2)
[2017.02.07-09.50.17:709][  0]LogShaderCompilers: Guid format shader working directory is 7 characters bigger than the processId version (../../../../../../Unreal Projects/BLKO/Intermediate/Shaders/WorkingDirectory/126116/).
[2017.02.07-09.50.17:709][  0]LogShaderCompilers: Cleaned the shader compiler working directory 'C:/Users/Carlos/AppData/Local/Temp/UnrealShaderWorkingDir/C47865094F046B593BF5CC8441CCB25A/'.
[2017.02.07-09.50.17:709][  0]LogShaderCompilers:Display: Using Local Shader Compiler.
[2017.02.07-09.50.19:053][  0]LogTemp:Display: Loaded TP WindowsClientTargetPlatform
[2017.02.07-09.50.19:106][  0]LogTemp:Display: Loaded TP WindowsNoEditorTargetPlatform
[2017.02.07-09.50.19:164][  0]LogTemp:Display: Loaded TP WindowsServerTargetPlatform
[2017.02.07-09.50.19:206][  0]LogTemp:Display: Loaded TP WindowsTargetPlatform
[2017.02.07-09.50.19:206][  0]LogTargetPlatformManager:Display: Building Assets For Windows
[2017.02.07-09.50.19:552][  0]LogDerivedDataCache:Display: Max Cache Size: 512 MB
[2017.02.07-09.50.19:638][  0]LogDerivedDataCache: Loaded boot cache 0.09s 50MB C:/Users/Carlos/AppData/Local/UnrealEngine/4.14/DerivedDataCache/Boot.ddc.
[2017.02.07-09.50.19:638][  0]LogDerivedDataCache:Display: Loaded Boot cache: C:/Users/Carlos/AppData/Local/UnrealEngine/4.14/DerivedDataCache/Boot.ddc
[2017.02.07-09.50.19:638][  0]LogDerivedDataCache: FDerivedDataBackendGraph:  Pak pak cache file ../../../../../../Unreal Projects/BLKO/DerivedDataCache/DDC.ddp not found, will not use a pak cache.
[2017.02.07-09.50.19:638][  0]LogDerivedDataCache: Unable to find inner node Pak for hierarchical cache Hierarchy.
[2017.02.07-09.50.19:638][  0]LogDerivedDataCache: FDerivedDataBackendGraph:  CompressedPak pak cache file ../../../../../../Unreal Projects/BLKO/DerivedDataCache/Compressed.ddp not found, will not use a pak cache.
[2017.02.07-09.50.19:638][  0]LogDerivedDataCache: Unable to find inner node CompressedPak for hierarchical cache Hierarchy.
[2017.02.07-09.50.19:657][  0]LogDerivedDataCache:Display: Pak cache opened for reading ../../../Engine/DerivedDataCache/Compressed.ddp.
[2017.02.07-09.50.19:669][  0]LogDerivedDataCache: Using Local data cache path C:/Users/Carlos/AppData/Local/UnrealEngine/Common/DerivedDataCache: Writable
[2017.02.07-09.50.19:917][  0]LogAssetRegistry: FAssetRegistry took 0.0001 seconds to start up
[2017.02.07-09.50.19:929][  0]LogPackageLocalizationCache: Processed 3 localized package path(s) for 2 prioritized culture(s) in 0.010745 seconds
[2017.02.07-09.50.19:950][  0]LogInit: Selected Device Profile: [Windows]
[2017.02.07-09.50.19:952][  0]LogContentStreaming: Texture pool size is 1000.00 MB
[2017.02.07-09.50.20:180][  0]LogMeshUtilities: Using QuadricMeshReduction for automatic static mesh reduction
[2017.02.07-09.50.20:220][  0]LogSimplygon: Simplygon DLL not present - disabling.
[2017.02.07-09.50.20:263][  0]LogMeshUtilities: Using SimplygonSwarm for distributed automatic mesh merging
[2017.02.07-09.50.20:263][  0]LogMeshUtilities: No automatic skeletal mesh reduction module available
[2017.02.07-09.50.20:263][  0]LogMeshUtilities: No automatic mesh merging module available
[2017.02.07-09.50.20:879][  0]LogNetVersion: GetLocalNetworkVersion: CL: 3195953, ProjectName: blko, ProjectVersion: , EngineNetworkVersion: 2, GameNetworkVersion: 0, NetworkChecksum: 172567305
[2017.02.07-09.50.20:951][  0]LogInit: WinSock: version 1.1 (2.2), MaxSocks=32767, MaxUdp=65467
[2017.02.07-09.50.21:613][  0]LogSlate: Using Freetype 2.6.0
[2017.02.07-09.50.21:614][  0]LogSlate: SlateFontCache - WITH_FREETYPE: 1, WITH_HARFBUZZ: 1
[2017.02.07-09.50.21:614][  0]LogSlate: SlateFontCache - WITH_FREETYPE: 1, WITH_HARFBUZZ: 1
[2017.02.07-09.50.21:738][  0]LogMoviePlayer: Initializing movie player
[2017.02.07-09.50.21:831][  0]LogWindowsMoviePlayer: Unable to load movie: ../../../../../../Unreal Projects/BLKO/Content/Movies/Default_Startup.mp4
[2017.02.07-09.50.21:998][  0]LogTcpMessaging: Initializing TcpMessaging bridge
[2017.02.07-09.50.22:035][  0]LogUdpMessaging: Initializing bridge on interface 0.0.0.0:0 to multicast group 230.0.0.1:6666.
[2017.02.07-09.50.22:211][  0]SourceControl: Info Source control is disabled
[2017.02.07-09.50.22:211][  0]SourceControl: Info Source control is disabled
[2017.02.07-09.50.22:257][  0]SourceControl: Info Source control is disabled
[2017.02.07-09.50.22:903][  0]LogUObjectArray: 33574 objects as part of root set at end of initial load.
[2017.02.07-09.50.22:903][  0]LogUObjectAllocator: 7445928 out of 0 bytes used by permanent object pool.
[2017.02.07-09.50.22:903][  0]LogUObjectArray: CloseDisregardForGC: 0/0 objects in disregard for GC pool
[2017.02.07-09.50.23:018][  0]LogEngine: Initializing Engine...
[2017.02.07-09.50.23:019][  0]LogHMD: Failed to initialize OpenVR with code 110
[2017.02.07-09.50.23:186][  0]LogInit: XAudio2 using 'Speakers / Headphones (Realtek High Definition Audio)' : 2 channels at 48 kHz using 32 bits per sample (channel mask 0x3)
[2017.02.07-09.50.23:203][  0]LogInit: FAudioDevice initialized.
[2017.02.07-09.50.23:225][  0]LogInit: Texture streaming: Enabled
[2017.02.07-09.50.23:242][  0]LogMaterial: Uniform references updated for custom material expression Custom.
[2017.02.07-09.50.23:600][  0]LogInit:Display: Game Engine Initialized.
[2017.02.07-09.50.23:725][  0]LogInit:Display: Starting Game.
[2017.02.07-09.50.23:725][  0]LogNet: Browse: /Temp/Autosaves/Game/GameBlueprints/Maps/UEDPCLevelMap?Name=Player
[2017.02.07-09.50.23:725][  0]LogLoad: LoadMap: /Temp/Autosaves/Game/GameBlueprints/Maps/UEDPCLevelMap?Name=Player
[2017.02.07-09.50.23:742][  0]LogMemory: Platform Memory Stats for Windows
[2017.02.07-09.50.23:742][  0]LogMemory: Process Physical Memory: 660.38 MB used, 684.45 MB peak
[2017.02.07-09.50.23:742][  0]LogMemory: Process Virtual Memory: 710.80 MB used, 710.82 MB peak
[2017.02.07-09.50.23:742][  0]LogMemory: Physical Memory: 8289.52 MB used,  7975.51 MB free, 16265.02 MB total
[2017.02.07-09.50.23:742][  0]LogMemory: Virtual Memory: 1343.56 MB used,  7975.51 MB free, 134217728.00 MB total
[2017.02.07-09.50.23:742][  0]LogMemory: 
[2017.02.07-09.50.23:742][  0]Allocator Stats for TBB: (not implemented)
[2017.02.07-09.50.24:934][  0]LogAIModule: Creating AISystem for world LevelMap
[2017.02.07-09.50.24:934][  0]LogLoad: Game class is 'BLKOGameMode_C'
[2017.02.07-09.50.24:942][  0]LogWorld: Bringing World /Temp/Autosaves/Game/GameBlueprints/Maps/UEDPCLevelMap.LevelMap up for play (max tick rate 0) at 2017.02.07-09.50.24
[2017.02.07-09.50.24:942][  0]LogGameMode:Warning: No GameStateClass was specified in BLKOGameMode_C_0 (BLKOGameMode_C)
[2017.02.07-09.50.24:942][  0]LogWorld: Bringing up level for play took: 0.006082
[2017.02.07-09.50.25:066][  0]LogLoad: Took 1.340781 seconds to LoadMap(/Temp/Autosaves/Game/GameBlueprints/Maps/UEDPCLevelMap)
[2017.02.07-09.50.25:412][  0]LogLoad: (Engine Initialization) Total time: 9.84 seconds
[2017.02.07-09.50.25:412][  0]LogLoad: (Engine Initialization) Total Blueprint compile time: 0.52 seconds
[2017.02.07-09.50.25:412][  0]LogExternalProfiler: Found external profiler: VSPerf
[2017.02.07-09.50.25:412][  0]LogExternalProfiler: Using external profiler: VSPerf
[2017.02.07-09.50.25:429][  0]LogWindowsTextInputMethodSystem:Display: IME system now deactivated.
[2017.02.07-09.50.25:429][  0]LogOcInput: OculusInput pre-init called
[2017.02.07-09.50.25:498][  0]LogRenderer: Reallocating scene render targets to support 128x128 NumSamples 1 (Frame:1).
[2017.02.07-09.50.25:596][  1]LogRenderer: Reallocating scene render targets to support 1280x720 NumSamples 1 (Frame:2).
[2017.02.07-09.50.37:325][727]LogScriptCore:Warning: Script Msg: Attempted to access index 0 from array CallFunc_GetOverlappingActors_OverlappingActors of length 0!
[2017.02.07-09.50.38:455][797]LogScriptCore:Warning: Script Msg: Attempted to access index 0 from array CallFunc_GetOverlappingActors_OverlappingActors of length 0!
[2017.02.07-09.50.39:550][865]LogScriptCore:Warning: Script Msg: Attempted to access index 0 from array CallFunc_GetOverlappingActors_OverlappingActors of length 0!
[2017.02.07-09.50.39:550][865]LogScriptCore:Warning: Script Msg: Attempted to access index 0 from array CallFunc_GetOverlappingActors_OverlappingActors of length 0!
[2017.02.07-09.50.43:293][ 97]LogScriptCore:Warning: Script Msg: Attempted to access index 0 from array CallFunc_GetOverlappingActors_OverlappingActors of length 0!
[2017.02.07-09.50.44:340][162]LogScript:Warning: Accessed None trying to read property TowerSlot
	PuzzleBlock_C /Temp/Autosaves/Game/GameBlueprints/Maps/UEDPCLevelMap.LevelMap:PersistentLevel.PuzzleBlock_C_53
	Function /Game/GameBlueprints/Blueprints/MapBlueprints/PuzzleBlock.PuzzleBlock_C:ExecuteUbergraph_PuzzleBlock:0183
[2017.02.07-09.50.44:340][162]LogScript:Warning: Script call stack:
	Function /Game/GameBlueprints/Blueprints/MapBlueprints/PuzzleBlock.PuzzleBlock_C:ReceiveActorOnInputTouchBegin
	Function /Game/GameBlueprints/Blueprints/MapBlueprints/PuzzleBlock.PuzzleBlock_C:ExecuteUbergraph_PuzzleBlock
	Function /Game/GameBlueprints/Blueprints/BLKOGameMode.BLKOGameMode_C:SelectTower
	Function /Game/GameBlueprints/Blueprints/MapBlueprints/PuzzleBlock.PuzzleBlock_C:SelectTower
	Function /Game/GameBlueprints/Blueprints/MapBlueprints/PuzzleBlock.PuzzleBlock_C:ExecuteUbergraph_PuzzleBlock

[2017.02.07-09.50.50:052][516]LogCharacterMovement: SmallEnemy_C_10 is stuck and failed to move! Velocity: X=-199.95 Y=4.67 Z=0.00 Location: X=7406.58 Y=3997.10 Z=90.15 Normal: X=0.00 Y=-1.00 Z=0.00 PenetrationDepth:75.100 Actor:PuzzleBlock_C_64 Component:HitBox BoneName:None (0 other events since notify)
[2017.02.07-09.50.56:069][889]LogScriptCore:Warning: Script Msg: Attempted to access index 0 from array CallFunc_GetOverlappingActors_OverlappingActors of length 0!
[2017.02.07-09.50.58:746][ 55]LogScriptCore:Warning: Script Msg: Attempted to access index 0 from array CallFunc_GetOverlappingActors_OverlappingActors of length 0!
[2017.02.07-09.50.58:746][ 55]LogScriptCore:Warning: Script Msg: Attempted to access index 0 from array CallFunc_GetOverlappingActors_OverlappingActors of length 0!
[2017.02.07-09.51.00:134][141]LogScriptCore:Warning: Script Msg: Attempted to access index 0 from array CallFunc_GetOverlappingActors_OverlappingActors of length 0!
[2017.02.07-09.51.01:311][214]LogScriptCore:Warning: Script Msg: Attempted to access index 0 from array CallFunc_GetOverlappingActors_OverlappingActors of length 0!
[2017.02.07-09.51.01:311][214]LogScriptCore:Warning: Script Msg: Attempted to access index 0 from array CallFunc_GetOverlappingActors_OverlappingActors of length 0!
[2017.02.07-09.51.02:811][307]LogScriptCore:Warning: Script Msg: Attempted to access index 0 from array CallFunc_GetOverlappingActors_OverlappingActors of length 0!
[2017.02.07-09.51.03:536][352]LogScriptCore:Warning: Script Msg: Attempted to access index 0 from array CallFunc_GetOverlappingActors_OverlappingActors of length 0!
[2017.02.07-09.51.05:325][463]LogScriptCore:Warning: Script Msg: Attempted to access index 0 from array CallFunc_GetOverlappingActors_OverlappingActors of length 0!
[2017.02.07-09.51.06:406][530]LogScriptCore:Warning: Script Msg: Attempted to access index 0 from array CallFunc_GetOverlappingActors_OverlappingActors of length 0!
[2017.02.07-09.51.06:585][541]LogScriptCore:Warning: Script Msg: Attempted to access index 0 from array CallFunc_GetOverlappingActors_OverlappingActors of length 0!
[2017.02.07-09.51.07:246][582]LogScriptCore:Warning: Script Msg: Attempted to access index 0 from array CallFunc_GetOverlappingActors_OverlappingActors of length 0!
[2017.02.07-09.51.07:745][613]LogScriptCore:Warning: Script Msg: Attempted to access index 0 from array CallFunc_GetOverlappingActors_OverlappingActors of length 0!
[2017.02.07-09.51.07:908][623]LogScriptCore:Warning: Script Msg: Attempted to access index 0 from array CallFunc_GetOverlappingActors_OverlappingActors of length 0!
[2017.02.07-09.51.07:908][623]LogScriptCore:Warning: Script Msg: Attempted to access index 0 from array CallFunc_GetOverlappingActors_OverlappingActors of length 0!
[2017.02.07-09.51.07:908][623]LogScriptCore:Warning: Script Msg: Attempted to access index 0 from array CallFunc_GetOverlappingActors_OverlappingActors of length 0!
[2017.02.07-09.51.09:392][715]LogScriptCore:Warning: Script Msg: Attempted to access index 0 from array CallFunc_GetOverlappingActors_OverlappingActors of length 0!
[2017.02.07-09.51.11:296][833]LogScriptCore:Warning: Script Msg: Attempted to access index 0 from array CallFunc_GetOverlappingActors_OverlappingActors of length 0!
[2017.02.07-09.51.11:569][850]LogScriptCore:Warning: Script Msg: Attempted to access index 0 from array CallFunc_GetOverlappingActors_OverlappingActors of length 0!
[2017.02.07-09.51.14:311][ 20]LogScriptCore:Warning: Script Msg: Attempted to access index 0 from array CallFunc_GetOverlappingActors_OverlappingActors of length 0!
[2017.02.07-09.51.15:616][101]LogScriptCore:Warning: Script Msg: Attempted to access index 0 from array CallFunc_GetOverlappingActors_OverlappingActors of length 0!
[2017.02.07-09.51.16:312][144]LogScriptCore:Warning: Script Msg: Attempted to access index 0 from array CallFunc_GetOverlappingActors_OverlappingActors of length 0!
[2017.02.07-09.51.17:216][200]LogScriptCore:Warning: Script Msg: Attempted to access index 0 from array CallFunc_GetOverlappingActors_OverlappingActors of length 0!
[2017.02.07-09.51.17:216][200]LogScriptCore:Warning: Script Msg: Attempted to access index 0 from array CallFunc_GetOverlappingActors_OverlappingActors of length 0!
[2017.02.07-09.51.17:216][200]LogScriptCore:Warning: Script Msg: Attempted to access index 0 from array CallFunc_GetOverlappingActors_OverlappingActors of length 0!
[2017.02.07-09.51.19:262][327]LogScriptCore:Warning: Script Msg: Attempted to access index 0 from array CallFunc_GetOverlappingActors_OverlappingActors of length 0!
[2017.02.07-09.51.20:891][428]LogScriptCore:Warning: Script Msg: Attempted to access index 0 from array CallFunc_GetOverlappingActors_OverlappingActors of length 0!
[2017.02.07-09.51.21:085][440]LogScriptCore:Warning: Script Msg: Attempted to access index 0 from array CallFunc_GetOverlappingActors_OverlappingActors of length 0!
[2017.02.07-09.51.21:585][471]LogScriptCore:Warning: Script Msg: Attempted to access index 0 from array CallFunc_GetOverlappingActors_OverlappingActors of length 0!
[2017.02.07-09.51.21:585][471]LogScriptCore:Warning: Script Msg: Attempted to access index 0 from array CallFunc_GetOverlappingActors_OverlappingActors of length 0!
[2017.02.07-09.51.22:665][538]LogScriptCore:Warning: Script Msg: Attempted to access index 0 from array CallFunc_GetOverlappingActors_OverlappingActors of length 0!
[2017.02.07-09.51.24:455][649]LogScriptCore:Warning: Script Msg: Attempted to access index 0 from array CallFunc_GetOverlappingActors_OverlappingActors of length 0!
[2017.02.07-09.51.26:221][757]LogScriptCore:Warning: Script Msg: Attempted to access index 0 from array CallFunc_GetOverlappingActors_OverlappingActors of length 0!
[2017.02.07-09.51.27:979][866]LogScriptCore:Warning: Script Msg: Attempted to access index 0 from array CallFunc_GetOverlappingActors_OverlappingActors of length 0!
[2017.02.07-09.51.28:674][909]LogScriptCore:Warning: Script Msg: Attempted to access index 0 from array CallFunc_GetOverlappingActors_OverlappingActors of length 0!
[2017.02.07-09.51.28:674][909]LogScriptCore:Warning: Script Msg: Attempted to access index 0 from array CallFunc_GetOverlappingActors_OverlappingActors of length 0!
[2017.02.07-09.51.28:674][909]LogScriptCore:Warning: Script Msg: Attempted to access index 0 from array CallFunc_GetOverlappingActors_OverlappingActors of length 0!
[2017.02.07-09.51.28:674][909]LogScriptCore:Warning: Script Msg: Attempted to access index 0 from array CallFunc_GetOverlappingActors_OverlappingActors of length 0!
[2017.02.07-09.51.39:610][587]LogScriptCore:Warning: Script Msg: Attempted to access index 0 from array CallFunc_GetOverlappingActors_OverlappingActors of length 0!
[2017.02.07-09.51.39:610][587]LogScriptCore:Warning: Script Msg: Attempted to access index 0 from array CallFunc_GetOverlappingActors_OverlappingActors of length 0!
[2017.02.07-09.51.39:610][587]LogScriptCore:Warning: Script Msg: Attempted to access index 0 from array CallFunc_GetOverlappingActors_OverlappingActors of length 0!
[2017.02.07-09.51.39:755][596]LogScriptCore:Warning: Script Msg: Attempted to access index 0 from array CallFunc_GetOverlappingActors_OverlappingActors of length 0!
[2017.02.07-09.51.40:288][629]LogScriptCore:Warning: Script Msg: Attempted to access index 0 from array CallFunc_GetOverlappingActors_OverlappingActors of length 0!
[2017.02.07-09.51.41:577][709]LogScriptCore:Warning: Script Msg: Attempted to access index 0 from array CallFunc_GetOverlappingActors_OverlappingActors of length 0!
[2017.02.07-09.51.42:030][737]LogScriptCore:Warning: Script Msg: Attempted to access index 0 from array CallFunc_GetOverlappingActors_OverlappingActors of length 0!
[2017.02.07-09.51.42:141][744]LogScriptCore:Warning: Script Msg: Attempted to access index 0 from array CallFunc_GetOverlappingActors_OverlappingActors of length 0!
[2017.02.07-09.51.42:965][795]LogScriptCore:Warning: Script Msg: Attempted to access index 0 from array CallFunc_GetOverlappingActors_OverlappingActors of length 0!
[2017.02.07-09.51.48:275][124]LogScriptCore:Warning: Script Msg: Attempted to access index 0 from array CallFunc_GetOverlappingActors_OverlappingActors of length 0!
[2017.02.07-09.51.49:517][201]LogScriptCore:Warning: Script Msg: Attempted to access index 0 from array CallFunc_GetOverlappingActors_OverlappingActors of length 0!
[2017.02.07-09.51.51:148][302]LogScriptCore:Warning: Script Msg: Attempted to access index 0 from array CallFunc_GetOverlappingActors_OverlappingActors of length 0!
[2017.02.07-09.51.54:727][524]LogScriptCore:Warning: Script Msg: Attempted to access index 0 from array CallFunc_GetOverlappingActors_OverlappingActors of length 0!
[2017.02.07-09.52.04:298][116]LogScriptCore:Warning: Script Msg: Attempted to access index 0 from array CallFunc_GetOverlappingActors_OverlappingActors of length 0!
[2017.02.07-09.52.08:340][365]LogScriptCore:Warning: Script Msg: Attempted to access index 0 from array CallFunc_GetOverlappingActors_OverlappingActors of length 0!
[2017.02.07-09.52.08:462][372]LogScriptCore:Warning: Script Msg: Attempted to access index 0 from array CallFunc_GetOverlappingActors_OverlappingActors of length 0!
[2017.02.07-09.52.08:462][372]LogScriptCore:Warning: Script Msg: Attempted to access index 0 from array CallFunc_GetOverlappingActors_OverlappingActors of length 0!
[2017.02.07-09.52.10:827][517]LogScriptCore:Warning: Script Msg: Attempted to access index 0 from array CallFunc_GetOverlappingActors_OverlappingActors of length 0!
[2017.02.07-09.52.17:855][945]LogScriptCore:Warning: Script Msg: Attempted to access index 0 from array CallFunc_GetOverlappingActors_OverlappingActors of length 0!
[2017.02.07-09.52.17:855][945]LogScriptCore:Warning: Script Msg: Attempted to access index 0 from array CallFunc_GetOverlappingActors_OverlappingActors of length 0!
[2017.02.07-09.52.18:352][976]LogScriptCore:Warning: Script Msg: Attempted to access index 0 from array CallFunc_GetOverlappingActors_OverlappingActors of length 0!
[2017.02.07-09.52.18:421][980]LogScriptCore:Warning: Script Msg: Attempted to access index 0 from array CallFunc_GetOverlappingActors_OverlappingActors of length 0!
[2017.02.07-09.52.19:690][ 59]LogScriptCore:Warning: Script Msg: Attempted to access index 0 from array CallFunc_GetOverlappingActors_OverlappingActors of length 0!
[2017.02.07-09.52.21:541][173]LogScriptCore:Warning: Script Msg: Attempted to access index 0 from array CallFunc_GetOverlappingActors_OverlappingActors of length 0!
[2017.02.07-09.52.21:700][183]LogScriptCore:Warning: Script Msg: Attempted to access index 0 from array CallFunc_GetOverlappingActors_OverlappingActors of length 0!
[2017.02.07-09.52.21:878][194]LogScriptCore:Warning: Script Msg: Attempted to access index 0 from array CallFunc_GetOverlappingActors_OverlappingActors of length 0!
[2017.02.07-09.52.21:878][194]LogScriptCore:Warning: Script Msg: Attempted to access index 0 from array CallFunc_GetOverlappingActors_OverlappingActors of length 0!
[2017.02.07-09.52.22:660][242]LogScriptCore:Warning: Script Msg: Attempted to access index 0 from array CallFunc_GetOverlappingActors_OverlappingActors of length 0!
[2017.02.07-09.52.23:965][321]LogScriptCore:Warning: Script Msg: Attempted to access index 0 from array CallFunc_GetOverlappingActors_OverlappingActors of length 0!
[2017.02.07-09.52.25:445][413]LogScriptCore:Warning: Script Msg: Attempted to access index 0 from array CallFunc_GetOverlappingActors_OverlappingActors of length 0!
[2017.02.07-09.52.25:670][424]LogScriptCore:Warning: Script Msg: Attempted to access index 0 from array CallFunc_GetOverlappingActors_OverlappingActors of length 0!
[2017.02.07-09.52.25:670][424]LogScriptCore:Warning: Script Msg: Attempted to access index 0 from array CallFunc_GetOverlappingActors_OverlappingActors of length 0!
[2017.02.07-09.52.25:700][426]LogScriptCore:Warning: Script Msg: Attempted to access index 0 from array CallFunc_GetOverlappingActors_OverlappingActors of length 0!
[2017.02.07-09.52.25:700][426]LogScriptCore:Warning: Script Msg: Attempted to access index 0 from array CallFunc_GetOverlappingActors_OverlappingActors of length 0!
[2017.02.07-09.52.25:733][428]LogScriptCore:Warning: Script Msg: Attempted to access index 0 from array CallFunc_GetOverlappingActors_OverlappingActors of length 0!
[2017.02.07-09.52.25:733][428]LogScriptCore:Warning: Script Msg: Attempted to access index 0 from array CallFunc_GetOverlappingActors_OverlappingActors of length 0!
[2017.02.07-09.52.25:733][428]LogScriptCore:Warning: Script Msg: Attempted to access index 0 from array CallFunc_GetOverlappingActors_OverlappingActors of length 0!
[2017.02.07-09.52.25:733][428]LogScriptCore:Warning: Script Msg: Attempted to access index 0 from array CallFunc_GetOverlappingActors_OverlappingActors of length 0!
[2017.02.07-09.52.25:733][428]LogScriptCore:Warning: Script Msg: Attempted to access index 0 from array CallFunc_GetOverlappingActors_OverlappingActors of length 0!
[2017.02.07-09.52.25:733][428]LogScriptCore:Warning: Script Msg: Attempted to access index 0 from array CallFunc_GetOverlappingActors_OverlappingActors of length 0!
[2017.02.07-09.52.26:121][452]LogScriptCore:Warning: Script Msg: Attempted to access index 0 from array CallFunc_GetOverlappingActors_OverlappingActors of length 0!
[2017.02.07-09.52.26:121][452]LogScriptCore:Warning: Script Msg: Attempted to access index 0 from array CallFunc_GetOverlappingActors_OverlappingActors of length 0!
[2017.02.07-09.52.26:166][455]LogScriptCore:Warning: Script Msg: Attempted to access index 0 from array CallFunc_GetOverlappingActors_OverlappingActors of length 0!
[2017.02.07-09.52.26:166][455]LogScriptCore:Warning: Script Msg: Attempted to access index 0 from array CallFunc_GetOverlappingActors_OverlappingActors of length 0!
[2017.02.07-09.52.29:022][632]LogScriptCore:Warning: Script Msg: Attempted to access index 0 from array CallFunc_GetOverlappingActors_OverlappingActors of length 0!
[2017.02.07-09.52.30:454][721]LogScriptCore:Warning: Script Msg: Attempted to access index 0 from array CallFunc_GetOverlappingActors_OverlappingActors of length 0!
[2017.02.07-09.52.32:695][860]LogScriptCore:Warning: Script Msg: Attempted to access index 0 from array CallFunc_GetOverlappingActors_OverlappingActors of length 0!
[2017.02.07-09.52.33:376][902]LogScriptCore:Warning: Script Msg: Attempted to access index 0 from array CallFunc_GetOverlappingActors_OverlappingActors of length 0!
[2017.02.07-09.52.33:816][929]LogScriptCore:Warning: Script Msg: Attempted to access index 0 from array CallFunc_GetOverlappingActors_OverlappingActors of length 0!
[2017.02.07-09.52.34:021][942]LogScriptCore:Warning: Script Msg: Attempted to access index 0 from array CallFunc_GetOverlappingActors_OverlappingActors of length 0!
[2017.02.07-09.52.34:021][942]LogScriptCore:Warning: Script Msg: Attempted to access index 0 from array CallFunc_GetOverlappingActors_OverlappingActors of length 0!
[2017.02.07-09.52.34:734][986]LogScriptCore:Warning: Script Msg: Attempted to access index 0 from array CallFunc_GetOverlappingActors_OverlappingActors of length 0!
[2017.02.07-09.52.34:974][  1]LogScriptCore:Warning: Script Msg: Attempted to access index 0 from array CallFunc_GetOverlappingActors_OverlappingActors of length 0!
[2017.02.07-09.52.34:974][  1]LogScriptCore:Warning: Script Msg: Attempted to access index 0 from array CallFunc_GetOverlappingActors_OverlappingActors of length 0!
[2017.02.07-09.52.35:695][ 45]LogScriptCore:Warning: Script Msg: Attempted to access index 0 from array CallFunc_GetOverlappingActors_OverlappingActors of length 0!
[2017.02.07-09.52.36:221][ 78]LogScriptCore:Warning: Script Msg: Attempted to access index 0 from array CallFunc_GetOverlappingActors_OverlappingActors of length 0!
[2017.02.07-09.52.36:221][ 78]LogScriptCore:Warning: Script Msg: Attempted to access index 0 from array CallFunc_GetOverlappingActors_OverlappingActors of length 0!
[2017.02.07-09.52.36:335][ 85]LogScriptCore:Warning: Script Msg: Attempted to access index 0 from array CallFunc_GetOverlappingActors_OverlappingActors of length 0!
[2017.02.07-09.52.36:577][100]LogScriptCore:Warning: Script Msg: Attempted to access index 0 from array CallFunc_GetOverlappingActors_OverlappingActors of length 0!
[2017.02.07-09.52.36:577][100]LogScriptCore:Warning: Script Msg: Attempted to access index 0 from array CallFunc_GetOverlappingActors_OverlappingActors of length 0!
[2017.02.07-09.52.36:577][100]LogScriptCore:Warning: Script Msg: Attempted to access index 0 from array CallFunc_GetOverlappingActors_OverlappingActors of length 0!
[2017.02.07-09.52.36:577][100]LogScriptCore:Warning: Script Msg: Attempted to access index 0 from array CallFunc_GetOverlappingActors_OverlappingActors of length 0!
[2017.02.07-09.52.36:624][103]LogScriptCore:Warning: Script Msg: Attempted to access index 0 from array CallFunc_GetOverlappingActors_OverlappingActors of length 0!
[2017.02.07-09.52.36:624][103]LogScriptCore:Warning: Script Msg: Attempted to access index 0 from array CallFunc_GetOverlappingActors_OverlappingActors of length 0!
[2017.02.07-09.52.36:624][103]LogScriptCore:Warning: Script Msg: Attempted to access index 0 from array CallFunc_GetOverlappingActors_OverlappingActors of length 0!
[2017.02.07-09.52.36:624][103]LogScriptCore:Warning: Script Msg: Attempted to access index 0 from array CallFunc_GetOverlappingActors_OverlappingActors of length 0!
[2017.02.07-09.52.36:653][105]LogScriptCore:Warning: Script Msg: Attempted to access index 0 from array CallFunc_GetOverlappingActors_OverlappingActors of length 0!
[2017.02.07-09.52.36:653][105]LogScriptCore:Warning: Script Msg: Attempted to access index 0 from array CallFunc_GetOverlappingActors_OverlappingActors of length 0!
[2017.02.07-09.52.37:462][155]LogScriptCore:Warning: Script Msg: Attempted to access index 0 from array CallFunc_GetOverlappingActors_OverlappingActors of length 0!
[2017.02.07-09.52.37:671][168]LogScriptCore:Warning: Script Msg: Attempted to access index 0 from array CallFunc_GetOverlappingActors_OverlappingActors of length 0!
[2017.02.07-09.52.37:671][168]LogScriptCore:Warning: Script Msg: Attempted to access index 0 from array CallFunc_GetOverlappingActors_OverlappingActors of length 0!
[2017.02.07-09.52.37:720][171]LogScriptCore:Warning: Script Msg: Attempted to access index 0 from array CallFunc_GetOverlappingActors_OverlappingActors of length 0!
[2017.02.07-09.52.38:271][205]LogScriptCore:Warning: Script Msg: Attempted to access index 0 from array CallFunc_GetOverlappingActors_OverlappingActors of length 0!
[2017.02.07-09.52.38:381][212]LogScriptCore:Warning: Script Msg: Attempted to access index 0 from array CallFunc_GetOverlappingActors_OverlappingActors of length 0!
[2017.02.07-09.52.38:753][235]LogScriptCore:Warning: Script Msg: Attempted to access index 0 from array CallFunc_GetOverlappingActors_OverlappingActors of length 0!
[2017.02.07-09.52.38:787][237]LogScriptCore:Warning: Script Msg: Attempted to access index 0 from array CallFunc_GetOverlappingActors_OverlappingActors of length 0!
[2017.02.07-09.52.38:991][250]LogScriptCore:Warning: Script Msg: Attempted to access index 0 from array CallFunc_GetOverlappingActors_OverlappingActors of length 0!
[2017.02.07-09.52.39:738][296]LogScriptCore:Warning: Script Msg: Attempted to access index 0 from array CallFunc_GetOverlappingActors_OverlappingActors of length 0!
[2017.02.07-09.52.40:043][315]LogScriptCore:Warning: Script Msg: Attempted to access index 0 from array CallFunc_GetOverlappingActors_OverlappingActors of length 0!
[2017.02.07-09.52.40:043][315]LogScriptCore:Warning: Script Msg: Attempted to access index 0 from array CallFunc_GetOverlappingActors_OverlappingActors of length 0!
[2017.02.07-09.52.40:043][315]LogScriptCore:Warning: Script Msg: Attempted to access index 0 from array CallFunc_GetOverlappingActors_OverlappingActors of length 0!
[2017.02.07-09.52.40:055][316]LogScriptCore:Warning: Script Msg: Attempted to access index 0 from array CallFunc_GetOverlappingActors_OverlappingActors of length 0!
[2017.02.07-09.52.40:412][338]LogScriptCore:Warning: Script Msg: Attempted to access index 0 from array CallFunc_GetOverlappingActors_OverlappingActors of length 0!
[2017.02.07-09.52.40:412][338]LogScriptCore:Warning: Script Msg: Attempted to access index 0 from array CallFunc_GetOverlappingActors_OverlappingActors of length 0!
[2017.02.07-09.52.40:444][340]LogScriptCore:Warning: Script Msg: Attempted to access index 0 from array CallFunc_GetOverlappingActors_OverlappingActors of length 0!
[2017.02.07-09.52.40:605][350]LogScriptCore:Warning: Script Msg: Attempted to access index 0 from array CallFunc_GetOverlappingActors_OverlappingActors of length 0!
[2017.02.07-09.52.40:605][350]LogScriptCore:Warning: Script Msg: Attempted to access index 0 from array CallFunc_GetOverlappingActors_OverlappingActors of length 0!
[2017.02.07-09.52.40:605][350]LogScriptCore:Warning: Script Msg: Attempted to access index 0 from array CallFunc_GetOverlappingActors_OverlappingActors of length 0!
[2017.02.07-09.52.40:605][350]LogScriptCore:Warning: Script Msg: Attempted to access index 0 from array CallFunc_GetOverlappingActors_OverlappingActors of length 0!
[2017.02.07-09.52.40:621][351]LogScriptCore:Warning: Script Msg: Attempted to access index 0 from array CallFunc_GetOverlappingActors_OverlappingActors of length 0!
[2017.02.07-09.52.40:621][351]LogScriptCore:Warning: Script Msg: Attempted to access index 0 from array CallFunc_GetOverlappingActors_OverlappingActors of length 0!
[2017.02.07-09.52.40:621][351]LogScriptCore:Warning: Script Msg: Attempted to access index 0 from array CallFunc_GetOverlappingActors_OverlappingActors of length 0!
[2017.02.07-09.52.40:621][351]LogScriptCore:Warning: Script Msg: Attempted to access index 0 from array CallFunc_GetOverlappingActors_OverlappingActors of length 0!
[2017.02.07-09.52.40:621][351]LogScriptCore:Warning: Script Msg: Attempted to access index 0 from array CallFunc_GetOverlappingActors_OverlappingActors of length 0!
[2017.02.07-09.52.40:652][353]LogScriptCore:Warning: Script Msg: Attempted to access index 0 from array CallFunc_GetOverlappingActors_OverlappingActors of length 0!
[2017.02.07-09.52.40:944][371]LogScriptCore:Warning: Script Msg: Attempted to access index 0 from array CallFunc_GetOverlappingActors_OverlappingActors of length 0!
[2017.02.07-09.52.41:427][401]LogScriptCore:Warning: Script Msg: Attempted to access index 0 from array CallFunc_GetOverlappingActors_OverlappingActors of length 0!
[2017.02.07-09.52.41:427][401]LogScriptCore:Warning: Script Msg: Attempted to access index 0 from array CallFunc_GetOverlappingActors_OverlappingActors of length 0!
[2017.02.07-09.52.41:427][401]LogScriptCore:Warning: Script Msg: Attempted to access index 0 from array CallFunc_GetOverlappingActors_OverlappingActors of length 0!
[2017.02.07-09.52.41:539][408]LogScriptCore:Warning: Script Msg: Attempted to access index 0 from array CallFunc_GetOverlappingActors_OverlappingActors of length 0!
[2017.02.07-09.52.42:071][441]LogScriptCore:Warning: Script Msg: Attempted to access index 0 from array CallFunc_GetOverlappingActors_OverlappingActors of length 0!
[2017.02.07-09.52.42:491][467]LogScriptCore:Warning: Script Msg: Attempted to access index 0 from array CallFunc_GetOverlappingActors_OverlappingActors of length 0!
[2017.02.07-09.52.42:491][467]LogScriptCore:Warning: Script Msg: Attempted to access index 0 from array CallFunc_GetOverlappingActors_OverlappingActors of length 0!
[2017.02.07-09.52.42:491][467]LogScriptCore:Warning: Script Msg: Attempted to access index 0 from array CallFunc_GetOverlappingActors_OverlappingActors of length 0!
[2017.02.07-09.52.42:491][467]LogScriptCore:Warning: Script Msg: Attempted to access index 0 from array CallFunc_GetOverlappingActors_OverlappingActors of length 0!
[2017.02.07-09.52.43:104][505]LogScriptCore:Warning: Script Msg: Attempted to access index 0 from array CallFunc_GetOverlappingActors_OverlappingActors of length 0!
[2017.02.07-09.52.43:104][505]LogScriptCore:Warning: Script Msg: Attempted to access index 0 from array CallFunc_GetOverlappingActors_OverlappingActors of length 0!
[2017.02.07-09.52.43:895][554]LogScriptCore:Warning: Script Msg: Attempted to access index 0 from array CallFunc_GetOverlappingActors_OverlappingActors of length 0!
[2017.02.07-09.52.43:895][554]LogScriptCore:Warning: Script Msg: Attempted to access index 0 from array CallFunc_GetOverlappingActors_OverlappingActors of length 0!
[2017.02.07-09.52.43:895][554]LogScriptCore:Warning: Script Msg: Attempted to access index 0 from array CallFunc_GetOverlappingActors_OverlappingActors of length 0!
[2017.02.07-09.52.43:895][554]LogScriptCore:Warning: Script Msg: Attempted to access index 0 from array CallFunc_GetOverlappingActors_OverlappingActors of length 0!
[2017.02.07-09.52.43:895][554]LogScriptCore:Warning: Script Msg: Attempted to access index 0 from array CallFunc_GetOverlappingActors_OverlappingActors of length 0!
[2017.02.07-09.52.48:845][861]LogScriptCore:Warning: Script Msg: Attempted to access index 0 from array CallFunc_GetOverlappingActors_OverlappingActors of length 0!
[2017.02.07-09.52.50:668][974]LogScriptCore:Warning: Script Msg: Attempted to access index 0 from array CallFunc_GetOverlappingActors_OverlappingActors of length 0!
[2017.02.07-09.52.50:780][981]LogScriptCore:Warning: Script Msg: Attempted to access index 0 from array CallFunc_GetOverlappingActors_OverlappingActors of length 0!
[2017.02.07-09.52.52:442][ 84]LogScriptCore:Warning: Script Msg: Attempted to access index 0 from array CallFunc_GetOverlappingActors_OverlappingActors of length 0!
[2017.02.07-09.52.52:668][ 98]LogScriptCore:Warning: Script Msg: Attempted to access index 0 from array CallFunc_GetOverlappingActors_OverlappingActors of length 0!
[2017.02.07-09.52.53:878][173]LogScriptCore:Warning: Script Msg: Attempted to access index 0 from array CallFunc_GetOverlappingActors_OverlappingActors of length 0!
[2017.02.07-09.52.54:216][194]LogScriptCore:Warning: Script Msg: Attempted to access index 0 from array CallFunc_GetOverlappingActors_OverlappingActors of length 0!
[2017.02.07-09.52.55:635][282]LogScriptCore:Warning: Script Msg: Attempted to access index 0 from array CallFunc_GetOverlappingActors_OverlappingActors of length 0!
[2017.02.07-09.52.55:974][303]LogScriptCore:Warning: Script Msg: Attempted to access index 0 from array CallFunc_GetOverlappingActors_OverlappingActors of length 0!
[2017.02.07-09.52.56:217][318]LogScriptCore:Warning: Script Msg: Attempted to access index 0 from array CallFunc_GetOverlappingActors_OverlappingActors of length 0!
[2017.02.07-09.52.56:217][318]LogScriptCore:Warning: Script Msg: Attempted to access index 0 from array CallFunc_GetOverlappingActors_OverlappingActors of length 0!
[2017.02.07-09.52.56:217][318]LogScriptCore:Warning: Script Msg: Attempted to access index 0 from array CallFunc_GetOverlappingActors_OverlappingActors of length 0!
[2017.02.07-09.52.57:732][412]LogScriptCore:Warning: Script Msg: Attempted to access index 0 from array CallFunc_GetOverlappingActors_OverlappingActors of length 0!
[2017.02.07-09.52.59:474][520]LogScriptCore:Warning: Script Msg: Attempted to access index 0 from array CallFunc_GetOverlappingActors_OverlappingActors of length 0!
[2017.02.07-09.52.59:877][545]LogScriptCore:Warning: Script Msg: Attempted to access index 0 from array CallFunc_GetOverlappingActors_OverlappingActors of length 0!
[2017.02.07-09.53.01:621][653]LogScriptCore:Warning: Script Msg: Attempted to access index 0 from array CallFunc_GetOverlappingActors_OverlappingActors of length 0!
[2017.02.07-09.53.01:621][653]LogScriptCore:Warning: Script Msg: Attempted to access index 0 from array CallFunc_GetOverlappingActors_OverlappingActors of length 0!
[2017.02.07-09.53.01:621][653]LogScriptCore:Warning: Script Msg: Attempted to access index 0 from array CallFunc_GetOverlappingActors_OverlappingActors of length 0!
[2017.02.07-09.53.01:621][653]LogScriptCore:Warning: Script Msg: Attempted to access index 0 from array CallFunc_GetOverlappingActors_OverlappingActors of length 0!
[2017.02.07-09.53.01:621][653]LogScriptCore:Warning: Script Msg: Attempted to access index 0 from array CallFunc_GetOverlappingActors_OverlappingActors of length 0!
[2017.02.07-09.53.05:930][920]LogScriptCore:Warning: Script Msg: Attempted to access index 0 from array CallFunc_GetOverlappingActors_OverlappingActors of length 0!
[2017.02.07-09.53.05:930][920]LogScriptCore:Warning: Script Msg: Attempted to access index 0 from array CallFunc_GetOverlappingActors_OverlappingActors of length 0!
[2017.02.07-09.53.05:930][920]LogScriptCore:Warning: Script Msg: Attempted to access index 0 from array CallFunc_GetOverlappingActors_OverlappingActors of length 0!
[2017.02.07-09.53.05:930][920]LogScriptCore:Warning: Script Msg: Attempted to access index 0 from array CallFunc_GetOverlappingActors_OverlappingActors of length 0!
[2017.02.07-09.53.05:930][920]LogScriptCore:Warning: Script Msg: Attempted to access index 0 from array CallFunc_GetOverlappingActors_OverlappingActors of length 0!
[2017.02.07-09.53.14:168][431]LogBlueprintUserMessages: [BLKOGameMode_C_0] saved: test4 score: 29599.0
[2017.02.07-09.53.14:477][431]LogNet: Browse: /Temp/Autosaves/Game/GameBlueprints/Maps/UEDPCLevelMap
[2017.02.07-09.53.14:477][431]LogLoad: LoadMap: /Temp/Autosaves/Game/GameBlueprints/Maps/UEDPCLevelMap
[2017.02.07-09.53.14:583][431]LogMemory: Platform Memory Stats for Windows
[2017.02.07-09.53.14:583][431]LogMemory: Process Physical Memory: 875.50 MB used, 875.50 MB peak
[2017.02.07-09.53.14:583][431]LogMemory: Process Virtual Memory: 1073.78 MB used, 1074.72 MB peak
[2017.02.07-09.53.14:583][431]LogMemory: Physical Memory: 8487.79 MB used,  7777.23 MB free, 16265.02 MB total
[2017.02.07-09.53.14:583][431]LogMemory: Virtual Memory: 1691.07 MB used,  7777.23 MB free, 134217728.00 MB total
[2017.02.07-09.53.14:583][431]LogMemory: 
[2017.02.07-09.53.14:583][431]Allocator Stats for TBB: (not implemented)
[2017.02.07-09.53.15:666][431]LogAIModule: Creating AISystem for world LevelMap
[2017.02.07-09.53.15:666][431]LogLoad: Game class is 'BLKOGameMode_C'
[2017.02.07-09.53.15:672][431]LogWorld: Bringing World /Temp/Autosaves/Game/GameBlueprints/Maps/UEDPCLevelMap.LevelMap up for play (max tick rate 0) at 2017.02.07-09.53.15
[2017.02.07-09.53.15:672][431]LogGameMode:Warning: No GameStateClass was specified in BLKOGameMode_C_0 (BLKOGameMode_C)
[2017.02.07-09.53.15:673][431]LogWorld: Bringing up level for play took: 0.004710
[2017.02.07-09.53.15:793][431]LogLoad: Took 1.316391 seconds to LoadMap(/Temp/Autosaves/Game/GameBlueprints/Maps/UEDPCLevelMap)
[2017.02.07-09.53.17:819][550]LogPackageName: SearchForPackageOnDisk took   0.061s to resolve Main.umap.
[2017.02.07-09.53.17:881][550]LogPackageName: SearchForPackageOnDisk took   0.061s to resolve Main.umap.
[2017.02.07-09.53.17:881][550]LogNet: Browse: /Game/GameBlueprints/Maps/Main
[2017.02.07-09.53.17:881][550]LogLoad: LoadMap: /Game/GameBlueprints/Maps/Main
[2017.02.07-09.53.17:965][550]LogMemory: Platform Memory Stats for Windows
[2017.02.07-09.53.17:965][550]LogMemory: Process Physical Memory: 912.13 MB used, 920.13 MB peak
[2017.02.07-09.53.17:965][550]LogMemory: Process Virtual Memory: 1203.08 MB used, 1211.22 MB peak
[2017.02.07-09.53.17:965][550]LogMemory: Physical Memory: 8533.52 MB used,  7731.50 MB free, 16265.02 MB total
[2017.02.07-09.53.17:965][550]LogMemory: Virtual Memory: 1868.95 MB used,  7731.50 MB free, 134217728.00 MB total
[2017.02.07-09.53.17:965][550]LogMemory: 
[2017.02.07-09.53.17:965][550]Allocator Stats for TBB: (not implemented)
[2017.02.07-09.53.18:058][550]LogAIModule: Creating AISystem for world Main
[2017.02.07-09.53.18:059][550]LogLinker:Warning: Can't find file '/Game/PuzzleBP/Blueprints/PuzzleGameMode'
[2017.02.07-09.53.18:059][550]LogUObjectGlobals:Warning: Failed to load '/Game/PuzzleBP/Blueprints/PuzzleGameMode': Can't find file '/Game/PuzzleBP/Blueprints/PuzzleGameMode'
[2017.02.07-09.53.18:059][550]LogLinker:Warning: Can't find file '/Game/PuzzleBP/Blueprints/PuzzleGameMode'
[2017.02.07-09.53.18:059][550]LogUObjectGlobals:Warning: Failed to load '/Game/PuzzleBP/Blueprints/PuzzleGameMode': Can't find file '/Game/PuzzleBP/Blueprints/PuzzleGameMode'
[2017.02.07-09.53.18:060][550]LogUObjectGlobals:Warning: Failed to find object 'Class /Game/PuzzleBP/Blueprints/PuzzleGameMode.PuzzleGameMode_C'
[2017.02.07-09.53.18:060][550]LogLoad: Game class is 'GameModeBase'
[2017.02.07-09.53.18:064][550]LogWorld: Bringing World /Game/GameBlueprints/Maps/Main.Main up for play (max tick rate 0) at 2017.02.07-09.53.18
[2017.02.07-09.53.18:064][550]LogWorld: Bringing up level for play took: 0.001820
[2017.02.07-09.53.18:064][550]LogGameMode: Warning - PATHS NOT DEFINED or NO PLAYERSTART with positive rating
[2017.02.07-09.53.18:071][550]LogLoad: Took 0.189907 seconds to LoadMap(/Game/GameBlueprints/Maps/Main)
[2017.02.07-09.53.20:050][673]Closing by request
[2017.02.07-09.53.20:050][673]LogWindows: FPlatformMisc::RequestExit(0)
[2017.02.07-09.53.20:053][674]LogMoviePlayer: Shutting down movie player
[2017.02.07-09.53.20:111][674]LogWindowsTextInputMethodSystem:Display: IME system now deactivated.
[2017.02.07-09.53.20:113][674]LogWindowsTextInputMethodSystem:Display: IME system now deactivated.
[2017.02.07-09.53.20:115][674]LogExit: Preparing to exit.
[2017.02.07-09.53.21:244][674]LogExit: Game engine shut down
[2017.02.07-09.53.21:319][674]LogObj: Freed 0b from 0 cluster array pools.
[2017.02.07-09.53.21:319][674]LogExit: Object subsystem successfully closed.
[2017.02.07-09.53.21:339][674]LogD3D11RHI: Shutdown
[2017.02.07-09.53.21:339][674]LogD3D11RHI: CleanupD3DDevice
[2017.02.07-09.53.21:435][674]LogD3D11RHI: ~FD3D11DynamicRHI
[2017.02.07-09.53.21:450][674]LogModuleManager: Shutting down and abandoning module SequenceRecorderSections (126)
[2017.02.07-09.53.21:450][674]LogModuleManager: Shutting down and abandoning module SequenceRecorder (125)
[2017.02.07-09.53.21:450][674]LogModuleManager: Shutting down and abandoning module AutomationController (124)
[2017.02.07-09.53.21:450][674]LogModuleManager: Shutting down and abandoning module AutomationWorker (123)
[2017.02.07-09.53.21:450][674]LogModuleManager: Shutting down and abandoning module GameplayDebugger (122)
[2017.02.07-09.53.21:450][674]LogModuleManager: Shutting down and abandoning module AITestSuite (121)
[2017.02.07-09.53.21:450][674]LogModuleManager: Shutting down and abandoning module AIModule (120)
[2017.02.07-09.53.21:450][674]LogModuleManager: Shutting down and abandoning module WmfMediaFactory (119)
[2017.02.07-09.53.21:450][674]LogModuleManager: Shutting down and abandoning module AvfMediaFactory (118)
[2017.02.07-09.53.21:450][674]LogModuleManager: Shutting down and abandoning module Media (117)
[2017.02.07-09.53.21:450][674]LogModuleManager: Shutting down and abandoning module AndroidMediaFactory (116)
[2017.02.07-09.53.21:450][674]LogModuleManager: Shutting down and abandoning module CharacterAI (115)
[2017.02.07-09.53.21:450][674]LogModuleManager: Shutting down and abandoning module SessionServices (114)
[2017.02.07-09.53.21:450][674]LogModuleManager: Shutting down and abandoning module MovieSceneCapture (113)
[2017.02.07-09.53.21:450][674]LogModuleManager: Shutting down and abandoning module GeometryCacheEd (112)
[2017.02.07-09.53.21:450][674]LogModuleManager: Shutting down and abandoning module GeometryCache (111)
[2017.02.07-09.53.21:450][674]LogModuleManager: Shutting down and abandoning module Niagara (110)
[2017.02.07-09.53.21:450][674]LogModuleManager: Shutting down and abandoning module StreamingPauseRendering (109)
[2017.02.07-09.53.21:450][674]LogModuleManager: Shutting down and abandoning module PortalServices (108)
[2017.02.07-09.53.21:450][674]LogModuleManager: Shutting down and abandoning module PortalRpc (107)
[2017.02.07-09.53.21:450][674]LogModuleManager: Shutting down and abandoning module MessagingRpc (106)
[2017.02.07-09.53.21:450][674]LogModuleManager: Shutting down and abandoning module ProfilerService (105)
[2017.02.07-09.53.21:458][674]LogModuleManager: Shutting down and abandoning module TaskGraph (104)
[2017.02.07-09.53.21:458][674]LogModuleManager: Shutting down and abandoning module SlateRemote (103)
[2017.02.07-09.53.21:458][674]LogModuleManager: Shutting down and abandoning module SteamVRController (102)
[2017.02.07-09.53.21:458][674]LogModuleManager: Shutting down and abandoning module SteamVR (101)
[2017.02.07-09.53.21:458][674]LogModuleManager: Shutting down and abandoning module ProceduralMeshComponent (100)
[2017.02.07-09.53.21:458][674]LogModuleManager: Shutting down and abandoning module OculusLibrary (99)
[2017.02.07-09.53.21:458][674]LogModuleManager: Shutting down and abandoning module OculusInput (98)
[2017.02.07-09.53.21:458][674]LogModuleManager: Shutting down and abandoning module MobilePatchingUtils (97)
[2017.02.07-09.53.21:458][674]LogModuleManager: Shutting down and abandoning module CustomMeshComponent (96)
[2017.02.07-09.53.21:458][674]LogModuleManager: Shutting down and abandoning module CableComponent (95)
[2017.02.07-09.53.21:458][674]LogModuleManager: Shutting down and abandoning module ArchVisCharacter (94)
[2017.02.07-09.53.21:458][674]LogModuleManager: Shutting down and abandoning module HTML5Networking (92)
[2017.02.07-09.53.21:458][674]LogModuleManager: Shutting down and abandoning module DesktopPlatform (91)
[2017.02.07-09.53.21:458][674]LogModuleManager: Shutting down and abandoning module DirectoryWatcher (90)
[2017.02.07-09.53.21:458][674]LogDirectoryWatcher: A directory notification for 'D:/Unreal Projects/BLKO/Binaries/Win64' was aborted.
[2017.02.07-09.53.21:458][674]LogModuleManager: Shutting down and abandoning module HotReload (89)
[2017.02.07-09.53.21:458][674]LogModuleManager: Shutting down and abandoning module VisualStudioSourceCodeAccess (88)
[2017.02.07-09.53.21:458][674]LogModuleManager: Shutting down and abandoning module UObjectPlugin (87)
[2017.02.07-09.53.21:458][674]LogModuleManager: Shutting down and abandoning module SubversionSourceControl (86)
[2017.02.07-09.53.21:458][674]LogModuleManager: Shutting down and abandoning module SourceControl (85)
[2017.02.07-09.53.21:459][674]LogModuleManager: Shutting down and abandoning module PerforceSourceControl (84)
[2017.02.07-09.53.21:459][674]LogModuleManager: Shutting down and abandoning module BLKO (83)
[2017.02.07-09.53.21:459][674]LogModuleManager: Shutting down and abandoning module UdpMessaging (82)
[2017.02.07-09.53.21:559][674]LogModuleManager: Shutting down and abandoning module TcpMessaging (81)
[2017.02.07-09.53.22:070][674]LogModuleManager: Shutting down and abandoning module LightPropagationVolumeRuntime (80)
[2017.02.07-09.53.22:070][674]LogModuleManager: Shutting down and abandoning module Paper2D (79)
[2017.02.07-09.53.22:070][674]LogModuleManager: Shutting down and abandoning module WindowsMoviePlayer (78)
[2017.02.07-09.53.22:070][674]LogModuleManager: Shutting down and abandoning module WmfMedia (77)
[2017.02.07-09.53.22:070][674]LogModuleManager: Shutting down and abandoning module MediaAssets (76)
[2017.02.07-09.53.22:070][674]LogModuleManager: Shutting down and abandoning module GameLiveStreaming (75)
[2017.02.07-09.53.22:070][674]LogModuleManager: Shutting down and abandoning module GameplayTagsEditor (74)
[2017.02.07-09.53.22:070][674]LogModuleManager: Shutting down and abandoning module VREditor (73)
[2017.02.07-09.53.22:070][674]LogModuleManager: Shutting down and abandoning module GameplayTasksEditor (72)
[2017.02.07-09.53.22:070][674]LogModuleManager: Shutting down and abandoning module BehaviorTreeEditor (71)
[2017.02.07-09.53.22:070][674]LogModuleManager: Shutting down and abandoning module FunctionalTesting (70)
[2017.02.07-09.53.22:070][674]LogModuleManager: Shutting down and abandoning module CollisionAnalyzer (69)
[2017.02.07-09.53.22:070][674]LogModuleManager: Shutting down and abandoning module Sequencer (68)
[2017.02.07-09.53.22:071][674]LogModuleManager: Shutting down and abandoning module WorkspaceMenuStructure (67)
[2017.02.07-09.53.22:071][674]LogModuleManager: Shutting down and abandoning module MessageLog (66)
[2017.02.07-09.53.22:071][674]LogModuleManager: Shutting down and abandoning module AssetTools (65)
[2017.02.07-09.53.22:071][674]LogModuleManager: Shutting down and abandoning module UMGEditor (64)
[2017.02.07-09.53.22:071][674]LogModuleManager: Shutting down and abandoning module UMG (63)
[2017.02.07-09.53.22:071][674]LogModuleManager: Shutting down and abandoning module SlateReflector (62)
[2017.02.07-09.53.22:071][674]LogModuleManager: Shutting down and abandoning module Slate (61)
[2017.02.07-09.53.22:071][674]LogModuleManager: Shutting down and abandoning module EditorStyle (60)
[2017.02.07-09.53.22:073][674]LogModuleManager: Shutting down and abandoning module Messaging (59)
[2017.02.07-09.53.22:073][674]LogModuleManager: Shutting down and abandoning module SourceCodeAccess (58)
[2017.02.07-09.53.22:073][674]LogModuleManager: Shutting down and abandoning module HeadMountedDisplay (57)
[2017.02.07-09.53.22:073][674]LogModuleManager: Shutting down and abandoning module XAudio2 (56)
[2017.02.07-09.53.22:073][674]LogModuleManager: Shutting down and abandoning module Networking (54)
[2017.02.07-09.53.22:073][674]LogModuleManager: Shutting down and abandoning module Core (53)
[2017.02.07-09.53.22:073][674]LogModuleManager: Shutting down and abandoning module KismetCompiler (52)
[2017.02.07-09.53.22:073][674]LogModuleManager: Shutting down and abandoning module PhysXFormats (51)
[2017.02.07-09.53.22:073][674]LogModuleManager: Shutting down and abandoning module SimplygonSwarm (50)
[2017.02.07-09.53.22:073][674]LogModuleManager: Shutting down and abandoning module SimplygonMeshReduction (49)
[2017.02.07-09.53.22:073][674]LogModuleManager: Shutting down and abandoning module QuadricMeshReduction (48)
[2017.02.07-09.53.22:073][674]LogModuleManager: Shutting down and abandoning module PropertyEditor (47)
[2017.02.07-09.53.22:073][674]LogModuleManager: Shutting down and abandoning module MeshUtilities (46)
[2017.02.07-09.53.22:073][674]LogModuleManager: Shutting down and abandoning module AssetRegistry (45)
[2017.02.07-09.53.22:073][674]LogModuleManager: Shutting down and abandoning module DerivedDataCache (44)
[2017.02.07-09.53.22:166][674]LogDerivedDataCache: Shutdown
[2017.02.07-09.53.22:166][674]LogModuleManager: Shutting down and abandoning module VulkanShaderFormat (43)
[2017.02.07-09.53.22:166][674]LogModuleManager: Shutting down and abandoning module ShaderFormatOpenGL (42)
[2017.02.07-09.53.22:166][674]LogModuleManager: Shutting down and abandoning module ShaderFormatD3D (41)
[2017.02.07-09.53.22:166][674]LogModuleManager: Shutting down and abandoning module MetalShaderFormat (40)
[2017.02.07-09.53.22:166][674]LogModuleManager: Shutting down and abandoning module TextureFormatUncompressed (39)
[2017.02.07-09.53.22:166][674]LogModuleManager: Shutting down and abandoning module TextureFormatPVR (38)
[2017.02.07-09.53.22:166][674]LogModuleManager: Shutting down and abandoning module TextureFormatDXT (37)
[2017.02.07-09.53.22:166][674]LogModuleManager: Shutting down and abandoning module TextureFormatIntelISPCTexComp (36)
[2017.02.07-09.53.22:166][674]LogModuleManager: Shutting down and abandoning module ImageWrapper (35)
[2017.02.07-09.53.22:166][674]LogModuleManager: Shutting down and abandoning module TextureFormatASTC (34)
[2017.02.07-09.53.22:166][674]LogModuleManager: Shutting down and abandoning module TextureFormatAndroid (33)
[2017.02.07-09.53.22:166][674]LogModuleManager: Shutting down and abandoning module AudioFormatOpus (32)
[2017.02.07-09.53.22:166][674]LogModuleManager: Shutting down and abandoning module AudioFormatOgg (31)
[2017.02.07-09.53.22:166][674]LogModuleManager: Shutting down and abandoning module AudioFormatADPCM (30)
[2017.02.07-09.53.22:166][674]LogModuleManager: Shutting down and abandoning module WindowsTargetPlatform (29)
[2017.02.07-09.53.22:166][674]LogModuleManager: Shutting down and abandoning module WindowsServerTargetPlatform (28)
[2017.02.07-09.53.22:166][674]LogModuleManager: Shutting down and abandoning module WindowsNoEditorTargetPlatform (27)
[2017.02.07-09.53.22:166][674]LogModuleManager: Shutting down and abandoning module WindowsClientTargetPlatform (26)
[2017.02.07-09.53.22:166][674]LogModuleManager: Shutting down and abandoning module TargetPlatform (25)
[2017.02.07-09.53.22:166][674]LogModuleManager: Shutting down and abandoning module InputCore (24)
[2017.02.07-09.53.22:166][674]LogModuleManager: Shutting down and abandoning module Settings (23)
[2017.02.07-09.53.22:166][674]LogModuleManager: Shutting down and abandoning module OculusRift (22)
[2017.02.07-09.53.22:166][674]LogModuleManager: Shutting down and abandoning module ExampleDeviceProfileSelector (21)
[2017.02.07-09.53.22:166][674]LogModuleManager: Shutting down and abandoning module OnlineBlueprintSupport (20)
[2017.02.07-09.53.22:166][674]LogModuleManager: Shutting down and abandoning module OnlineSubsystem (18)
[2017.02.07-09.53.22:166][674]LogOnline:Display: Unloading online subsystem: NULL
[2017.02.07-09.53.22:166][674]LogModuleManager: Shutting down and abandoning module SSL (17)
[2017.02.07-09.53.22:168][674]LogModuleManager: Shutting down and abandoning module HTTP (16)
[2017.02.07-09.53.22:168][674]LogModuleManager: Shutting down and abandoning module XMPP (15)
[2017.02.07-09.53.22:168][674]LogModuleManager: Shutting down and abandoning module TextureCompressor (14)
[2017.02.07-09.53.22:168][674]LogModuleManager: Shutting down and abandoning module ShaderCore (13)
[2017.02.07-09.53.22:168][674]LogModuleManager: Shutting down and abandoning module Landscape (12)
[2017.02.07-09.53.22:168][674]LogModuleManager: Shutting down and abandoning module SlateRHIRenderer (11)
[2017.02.07-09.53.22:169][674]LogModuleManager: Shutting down and abandoning module OpenGLDrv (10)
[2017.02.07-09.53.22:169][674]LogModuleManager: Shutting down and abandoning module D3D11RHI (9)
[2017.02.07-09.53.22:169][674]LogModuleManager: Shutting down and abandoning module AnimGraphRuntime (8)
[2017.02.07-09.53.22:169][674]LogModuleManager: Shutting down and abandoning module Renderer (7)
[2017.02.07-09.53.22:169][674]LogModuleManager: Shutting down and abandoning module Engine (6)
[2017.02.07-09.53.22:169][674]LogModuleManager: Shutting down and abandoning module CoreUObject (5)
[2017.02.07-09.53.22:169][674]LogModuleManager: Shutting down and abandoning module NetworkFile (4)
[2017.02.07-09.53.22:169][674]LogModuleManager: Shutting down and abandoning module StreamingFile (3)
[2017.02.07-09.53.22:169][674]LogModuleManager: Shutting down and abandoning module SandboxFile (2)
[2017.02.07-09.53.22:169][674]LogModuleManager: Shutting down and abandoning module PakFile (1)
[2017.02.07-09.53.22:171][674]LogExit: Exiting.
[2017.02.07-09.53.22:174][674]Log file closed, 02/07/17 09:53:22
